

Microchip MPLAB XC8 Assembler V2.32 build 20210201212658 
                                                                                               Mon Jul 05 19:55:46 2021

Microchip MPLAB XC8 C Compiler v2.32 (Free license) build 20210201212658 Og1 
     1                           	processor	18F4550
     2                           	fnconf	rparam,??,?,0
     3                           	pagewidth 120
     4                           	opt	flic
     5                           	psect	cinit,global,reloc=2,class=CODE,delta=1
     6                           	psect	cstackCOMRAM,global,class=COMRAM,space=1,delta=1,lowdata,noexec
     7                           	psect	text0,global,reloc=2,class=CODE,delta=1
     8                           	psect	intsave_regs,global,class=BIGRAM,space=1,delta=1,noexec
     9                           	psect	rparam,global,class=COMRAM,space=1,delta=1,noexec
    10                           	psect	idloc,global,abs,ovrld,class=IDLOC,space=5,delta=1,noexec
    11                           	psect	config,global,abs,ovrld,class=CONFIG,space=4,delta=1,noexec
    12  0000                     
    13                           ; Version 2.20
    14                           ; Generated 12/02/2020 GMT
    15                           ; 
    16                           ; Copyright © 2020, Microchip Technology Inc. and its subsidiaries ("Microchip")
    17                           ; All rights reserved.
    18                           ; 
    19                           ; This software is developed by Microchip Technology Inc. and its subsidiaries ("Microch
      +                          ip").
    20                           ; 
    21                           ; Redistribution and use in source and binary forms, with or without modification, are
    22                           ; permitted provided that the following conditions are met:
    23                           ; 
    24                           ;     1. Redistributions of source code must retain the above copyright notice, this lis
      +                          t of
    25                           ;        conditions and the following disclaimer.
    26                           ; 
    27                           ;     2. Redistributions in binary form must reproduce the above copyright notice, this 
      +                          list
    28                           ;        of conditions and the following disclaimer in the documentation and/or other
    29                           ;        materials provided with the distribution.
    30                           ; 
    31                           ;     3. Microchip's name may not be used to endorse or promote products derived from th
      +                          is
    32                           ;        software without specific prior written permission.
    33                           ; 
    34                           ; THIS SOFTWARE IS PROVIDED BY MICROCHIP "AS IS" AND ANY EXPRESS OR IMPLIED WARRANTIES,
    35                           ; INCLUDING, BUT NOT LIMITED TO, THE IMPLIED WARRANTIES OF MERCHANTABILITY AND FITNESS F
      +                          OR
    36                           ; PURPOSE ARE DISCLAIMED.  IN NO EVENT SHALL MICROCHIP BE LIABLE FOR ANY DIRECT, INDIREC
      +                          T,
    37                           ; INCIDENTAL, SPECIAL, EXEMPLARY, OR CONSEQUENTIAL DAMAGES (INCLUDING BUT NOT LIMITED TO
    38                           ; PROCUREMENT OF SUBSTITUTE GOODS OR SERVICES; LOSS OF USE, DATA OR PROFITS; OR BUSINESS
    39                           ; INTERRUPTION) HOWSOEVER CAUSED AND ON ANY THEORY OF LIABILITY, WHETHER IN CONTRACT, ST
      +                          RICT
    40                           ; LIABILITY, OR TORT (INCLUDING NEGLIGENCE OR OTHERWISE) ARISING IN ANY WAY OUT OF THE U
      +                          SE OF
    41                           ; THIS SOFTWARE, EVEN IF ADVISED OF THE POSSIBILITY OF SUCH DAMAGE.
    42                           ; 
    43                           ; 
    44                           ; Code-generator required, PIC18F4550 Definitions
    45                           ; 
    46                           ; SFR Addresses
    47  0000                     _PORTD	set	3971
    48  0000                     _PORTBbits	set	3969
    49  0000                     _TRISE	set	3990
    50  0000                     _TRISD	set	3989
    51  0000                     _TRISC	set	3988
    52  0000                     _TRISB	set	3987
    53  0000                     _TRISA	set	3986
    54                           
    55                           ; #config settings
    56                           
    57                           	psect	cinit
    58  007F92                     __pcinit:
    59                           	callstack 0
    60  007F92                     start_initialization:
    61                           	callstack 0
    62  007F92                     __initialization:
    63                           	callstack 0
    64  007F92                     end_of_initialization:
    65                           	callstack 0
    66  007F92                     __end_of__initialization:
    67                           	callstack 0
    68  007F92  0100               	movlb	0
    69  007F94  EFCC  F03F         	goto	_main	;jump to C main() function
    70                           
    71                           	psect	cstackCOMRAM
    72  000001                     __pcstackCOMRAM:
    73                           	callstack 0
    74  000001                     ??_main:
    75                           
    76                           ; 1 bytes @ 0x0
    77  000001                     	ds	2
    78                           
    79 ;;
    80 ;;Main: autosize = 0, tempsize = 2, incstack = 0, save=0
    81 ;;
    82 ;; *************** function _main *****************
    83 ;; Defined at:
    84 ;;		line 20 in file "11-1-funcoes-de-atraso.c"
    85 ;; Parameters:    Size  Location     Type
    86 ;;		None
    87 ;; Auto vars:     Size  Location     Type
    88 ;;		None
    89 ;; Return value:  Size  Location     Type
    90 ;;                  1    wreg      void 
    91 ;; Registers used:
    92 ;;		wreg, status,2
    93 ;; Tracked objects:
    94 ;;		On entry : 0/0
    95 ;;		On exit  : 0/0
    96 ;;		Unchanged: 0/0
    97 ;; Data sizes:     COMRAM   BANK0   BANK1   BANK2   BANK3   BANK4   BANK5   BANK6   BANK7
    98 ;;      Params:         0       0       0       0       0       0       0       0       0
    99 ;;      Locals:         0       0       0       0       0       0       0       0       0
   100 ;;      Temps:          2       0       0       0       0       0       0       0       0
   101 ;;      Totals:         2       0       0       0       0       0       0       0       0
   102 ;;Total ram usage:        2 bytes
   103 ;; This function calls:
   104 ;;		Nothing
   105 ;; This function is called by:
   106 ;;		Startup code after reset
   107 ;; This function uses a non-reentrant model
   108 ;;
   109                           
   110                           	psect	text0
   111  007F98                     __ptext0:
   112                           	callstack 0
   113  007F98                     _main:
   114                           	callstack 31
   115  007F98  0E00               	movlw	0
   116  007F9A  6E92               	movwf	146,c	;volatile
   117  007F9C  0E01               	movlw	1
   118  007F9E  6E93               	movwf	147,c	;volatile
   119  007FA0  0E00               	movlw	0
   120  007FA2  6E94               	movwf	148,c	;volatile
   121  007FA4  0E00               	movlw	0
   122  007FA6  6E95               	movwf	149,c	;volatile
   123  007FA8  0E00               	movlw	0
   124  007FAA  6E96               	movwf	150,c	;volatile
   125  007FAC                     l704:
   126  007FAC  A081               	btfss	129,0,c	;volatile
   127  007FAE  EFDB  F03F         	goto	u11
   128  007FB2  EFDD  F03F         	goto	u10
   129  007FB6                     u11:
   130  007FB6  EFFA  F03F         	goto	l714
   131  007FBA                     u10:
   132  007FBA  6883               	setf	131,c	;volatile
   133  007FBC  0E1A               	movlw	26
   134  007FBE  6E02               	movwf	(??_main+1)^0,c
   135  007FC0  0E5E               	movlw	94
   136  007FC2  6E01               	movwf	??_main^0,c
   137  007FC4  0E6E               	movlw	110
   138  007FC6                     u27:
   139  007FC6  2EE8               	decfsz	wreg,f,c
   140  007FC8  D7FE               	bra	u27
   141  007FCA  2E01               	decfsz	??_main^0,f,c
   142  007FCC  D7FC               	bra	u27
   143  007FCE  2E02               	decfsz	(??_main+1)^0,f,c
   144  007FD0  D7FA               	bra	u27
   145  007FD2  D000               	nop2	
   146  007FD4  0E00               	movlw	0
   147  007FD6  6E83               	movwf	131,c	;volatile
   148  007FD8  0E1A               	movlw	26
   149  007FDA  6E02               	movwf	(??_main+1)^0,c
   150  007FDC  0E5E               	movlw	94
   151  007FDE  6E01               	movwf	??_main^0,c
   152  007FE0  0E6E               	movlw	110
   153  007FE2                     u37:
   154  007FE2  2EE8               	decfsz	wreg,f,c
   155  007FE4  D7FE               	bra	u37
   156  007FE6  2E01               	decfsz	??_main^0,f,c
   157  007FE8  D7FC               	bra	u37
   158  007FEA  2E02               	decfsz	(??_main+1)^0,f,c
   159  007FEC  D7FA               	bra	u37
   160  007FEE  D000               	nop2	
   161  007FF0  EFD6  F03F         	goto	l704
   162  007FF4                     l714:
   163  007FF4  0E00               	movlw	0
   164  007FF6  6E83               	movwf	131,c	;volatile
   165  007FF8  EFD6  F03F         	goto	l704
   166  007FFC  EF00  F000         	goto	start
   167  008000                     __end_of_main:
   168                           	callstack 0
   169  0000                     
   170                           	psect	rparam
   171  0000                     
   172                           	psect	idloc
   173                           
   174                           ;Config register IDLOC0 @ 0x200000
   175                           ;	unspecified, using default values
   176  200000                     	org	2097152
   177  200000  FF                 	db	255
   178                           
   179                           ;Config register IDLOC1 @ 0x200001
   180                           ;	unspecified, using default values
   181  200001                     	org	2097153
   182  200001  FF                 	db	255
   183                           
   184                           ;Config register IDLOC2 @ 0x200002
   185                           ;	unspecified, using default values
   186  200002                     	org	2097154
   187  200002  FF                 	db	255
   188                           
   189                           ;Config register IDLOC3 @ 0x200003
   190                           ;	unspecified, using default values
   191  200003                     	org	2097155
   192  200003  FF                 	db	255
   193                           
   194                           ;Config register IDLOC4 @ 0x200004
   195                           ;	unspecified, using default values
   196  200004                     	org	2097156
   197  200004  FF                 	db	255
   198                           
   199                           ;Config register IDLOC5 @ 0x200005
   200                           ;	unspecified, using default values
   201  200005                     	org	2097157
   202  200005  FF                 	db	255
   203                           
   204                           ;Config register IDLOC6 @ 0x200006
   205                           ;	unspecified, using default values
   206  200006                     	org	2097158
   207  200006  FF                 	db	255
   208                           
   209                           ;Config register IDLOC7 @ 0x200007
   210                           ;	unspecified, using default values
   211  200007                     	org	2097159
   212  200007  FF                 	db	255
   213                           
   214                           	psect	config
   215                           
   216                           ;Config register CONFIG1L @ 0x300000
   217                           ;	PLL Prescaler Selection bits
   218                           ;	PLLDIV = 1, No prescale (4 MHz oscillator input drives PLL directly)
   219                           ;	System Clock Postscaler Selection bits
   220                           ;	CPUDIV = OSC1_PLL2, [Primary Oscillator Src: /1][96 MHz PLL Src: /2]
   221                           ;	USB Clock Selection bit (used in Full-Speed USB mode only; UCFG:FSEN = 1)
   222                           ;	USBDIV = 1, USB clock source comes directly from the primary oscillator block with no 
      +                          postscale
   223  300000                     	org	3145728
   224  300000  00                 	db	0
   225                           
   226                           ;Config register CONFIG1H @ 0x300001
   227                           ;	Oscillator Selection bits
   228                           ;	FOSC = HS, HS oscillator (HS)
   229                           ;	Fail-Safe Clock Monitor Enable bit
   230                           ;	FCMEN = OFF, Fail-Safe Clock Monitor disabled
   231                           ;	Internal/External Oscillator Switchover bit
   232                           ;	IESO = OFF, Oscillator Switchover mode disabled
   233  300001                     	org	3145729
   234  300001  0C                 	db	12
   235                           
   236                           ;Config register CONFIG2L @ 0x300002
   237                           ;	Power-up Timer Enable bit
   238                           ;	PWRT = ON, PWRT enabled
   239                           ;	Brown-out Reset Enable bits
   240                           ;	BOR = ON, Brown-out Reset enabled in hardware only (SBOREN is disabled)
   241                           ;	Brown-out Reset Voltage bits
   242                           ;	BORV = 1, Setting 2 4.33V
   243                           ;	USB Voltage Regulator Enable bit
   244                           ;	VREGEN = OFF, USB voltage regulator disabled
   245  300002                     	org	3145730
   246  300002  0E                 	db	14
   247                           
   248                           ;Config register CONFIG2H @ 0x300003
   249                           ;	Watchdog Timer Enable bit
   250                           ;	WDT = OFF, WDT disabled (control is placed on the SWDTEN bit)
   251                           ;	Watchdog Timer Postscale Select bits
   252                           ;	WDTPS = 1, 1:1
   253  300003                     	org	3145731
   254  300003  00                 	db	0
   255                           
   256                           ; Padding undefined space
   257  300004                     	org	3145732
   258  300004  FF                 	db	255
   259                           
   260                           ;Config register CONFIG3H @ 0x300005
   261                           ;	CCP2 MUX bit
   262                           ;	CCP2MX = ON, CCP2 input/output is multiplexed with RC1
   263                           ;	PORTB A/D Enable bit
   264                           ;	PBADEN = OFF, PORTB<4:0> pins are configured as digital I/O on Reset
   265                           ;	Low-Power Timer 1 Oscillator Enable bit
   266                           ;	LPT1OSC = OFF, Timer1 configured for higher power operation
   267                           ;	MCLR Pin Enable bit
   268                           ;	MCLRE = ON, MCLR pin enabled; RE3 input pin disabled
   269  300005                     	org	3145733
   270  300005  81                 	db	129
   271                           
   272                           ;Config register CONFIG4L @ 0x300006
   273                           ;	Stack Full/Underflow Reset Enable bit
   274                           ;	STVREN = ON, Stack full/underflow will cause Reset
   275                           ;	Single-Supply ICSP Enable bit
   276                           ;	LVP = OFF, Single-Supply ICSP disabled
   277                           ;	Dedicated In-Circuit Debug/Programming Port (ICPORT) Enable bit
   278                           ;	ICPRT = OFF, ICPORT disabled
   279                           ;	Extended Instruction Set Enable bit
   280                           ;	XINST = OFF, Instruction set extension and Indexed Addressing mode disabled (Legacy mo
      +                          de)
   281                           ;	Background Debugger Enable bit
   282                           ;	DEBUG = 0x1, unprogrammed default
   283  300006                     	org	3145734
   284  300006  81                 	db	129
   285                           
   286                           ; Padding undefined space
   287  300007                     	org	3145735
   288  300007  FF                 	db	255
   289                           
   290                           ;Config register CONFIG5L @ 0x300008
   291                           ;	Code Protection bit
   292                           ;	CP0 = OFF, Block 0 (000800-001FFFh) is not code-protected
   293                           ;	Code Protection bit
   294                           ;	CP1 = OFF, Block 1 (002000-003FFFh) is not code-protected
   295                           ;	Code Protection bit
   296                           ;	CP2 = OFF, Block 2 (004000-005FFFh) is not code-protected
   297                           ;	Code Protection bit
   298                           ;	CP3 = OFF, Block 3 (006000-007FFFh) is not code-protected
   299  300008                     	org	3145736
   300  300008  0F                 	db	15
   301                           
   302                           ;Config register CONFIG5H @ 0x300009
   303                           ;	Boot Block Code Protection bit
   304                           ;	CPB = OFF, Boot block (000000-0007FFh) is not code-protected
   305                           ;	Data EEPROM Code Protection bit
   306                           ;	CPD = OFF, Data EEPROM is not code-protected
   307  300009                     	org	3145737
   308  300009  C0                 	db	192
   309                           
   310                           ;Config register CONFIG6L @ 0x30000A
   311                           ;	Write Protection bit
   312                           ;	WRT0 = OFF, Block 0 (000800-001FFFh) is not write-protected
   313                           ;	Write Protection bit
   314                           ;	WRT1 = OFF, Block 1 (002000-003FFFh) is not write-protected
   315                           ;	Write Protection bit
   316                           ;	WRT2 = OFF, Block 2 (004000-005FFFh) is not write-protected
   317                           ;	Write Protection bit
   318                           ;	WRT3 = OFF, Block 3 (006000-007FFFh) is not write-protected
   319  30000A                     	org	3145738
   320  30000A  0F                 	db	15
   321                           
   322                           ;Config register CONFIG6H @ 0x30000B
   323                           ;	Configuration Register Write Protection bit
   324                           ;	WRTC = OFF, Configuration registers (300000-3000FFh) are not write-protected
   325                           ;	Boot Block Write Protection bit
   326                           ;	WRTB = OFF, Boot block (000000-0007FFh) is not write-protected
   327                           ;	Data EEPROM Write Protection bit
   328                           ;	WRTD = OFF, Data EEPROM is not write-protected
   329  30000B                     	org	3145739
   330  30000B  E0                 	db	224
   331                           
   332                           ;Config register CONFIG7L @ 0x30000C
   333                           ;	Table Read Protection bit
   334                           ;	EBTR0 = OFF, Block 0 (000800-001FFFh) is not protected from table reads executed in ot
      +                          her blocks
   335                           ;	Table Read Protection bit
   336                           ;	EBTR1 = OFF, Block 1 (002000-003FFFh) is not protected from table reads executed in ot
      +                          her blocks
   337                           ;	Table Read Protection bit
   338                           ;	EBTR2 = OFF, Block 2 (004000-005FFFh) is not protected from table reads executed in ot
      +                          her blocks
   339                           ;	Table Read Protection bit
   340                           ;	EBTR3 = OFF, Block 3 (006000-007FFFh) is not protected from table reads executed in ot
      +                          her blocks
   341  30000C                     	org	3145740
   342  30000C  0F                 	db	15
   343                           
   344                           ;Config register CONFIG7H @ 0x30000D
   345                           ;	Boot Block Table Read Protection bit
   346                           ;	EBTRB = OFF, Boot block (000000-0007FFh) is not protected from table reads executed in
      +                           other blocks
   347  30000D                     	org	3145741
   348  30000D  40                 	db	64
   349                           tosu	equ	0xFFF
   350                           tosh	equ	0xFFE
   351                           tosl	equ	0xFFD
   352                           stkptr	equ	0xFFC
   353                           pclatu	equ	0xFFB
   354                           pclath	equ	0xFFA
   355                           pcl	equ	0xFF9
   356                           tblptru	equ	0xFF8
   357                           tblptrh	equ	0xFF7
   358                           tblptrl	equ	0xFF6
   359                           tablat	equ	0xFF5
   360                           prodh	equ	0xFF4
   361                           prodl	equ	0xFF3
   362                           indf0	equ	0xFEF
   363                           postinc0	equ	0xFEE
   364                           postdec0	equ	0xFED
   365                           preinc0	equ	0xFEC
   366                           plusw0	equ	0xFEB
   367                           fsr0h	equ	0xFEA
   368                           fsr0l	equ	0xFE9
   369                           wreg	equ	0xFE8
   370                           indf1	equ	0xFE7
   371                           postinc1	equ	0xFE6
   372                           postdec1	equ	0xFE5
   373                           preinc1	equ	0xFE4
   374                           plusw1	equ	0xFE3
   375                           fsr1h	equ	0xFE2
   376                           fsr1l	equ	0xFE1
   377                           bsr	equ	0xFE0
   378                           indf2	equ	0xFDF
   379                           postinc2	equ	0xFDE
   380                           postdec2	equ	0xFDD
   381                           preinc2	equ	0xFDC
   382                           plusw2	equ	0xFDB
   383                           fsr2h	equ	0xFDA
   384                           fsr2l	equ	0xFD9
   385                           status	equ	0xFD8

Data Sizes:
    Strings     0
    Constant    0
    Data        0
    BSS         0
    Persistent  0
    Stack       0

Auto Spaces:
    Space          Size  Autos    Used
    COMRAM           95      2       2
    BANK0           160      0       0
    BANK1           256      0       0
    BANK2           256      0       0
    BANK3           256      0       0
    BANK4           256      0       0
    BANK5           256      0       0
    BANK6           256      0       0
    BANK7           256      0       0

Pointer List with Targets:

    None.

Critical Paths under _main in COMRAM

    None.

Critical Paths under _main in BANK0

    None.

Critical Paths under _main in BANK1

    None.

Critical Paths under _main in BANK2

    None.

Critical Paths under _main in BANK3

    None.

Critical Paths under _main in BANK4

    None.

Critical Paths under _main in BANK5

    None.

Critical Paths under _main in BANK6

    None.

Critical Paths under _main in BANK7

    None.

Call Graph Tables:

 ---------------------------------------------------------------------------------
 (Depth) Function   	        Calls       Base Space   Used Autos Params    Refs
 ---------------------------------------------------------------------------------
 (0) _main                                                 2     2      0       0
                                              0 COMRAM     2     2      0
 ---------------------------------------------------------------------------------
 Estimated maximum stack depth 0
 ---------------------------------------------------------------------------------

 Call Graph Graphs:

 _main (ROOT)

 Address spaces:
Name               Size   Autos  Total    Cost      Usage
BITCOMRAM           5F      0       0       0        0.0%
EEDATA             100      0       0       0        0.0%
NULL                 0      0       0       0        0.0%
CODE                 0      0       0       0        0.0%
COMRAM              5F      2       2       1        2.1%
STACK                0      0       0       2        0.0%
DATA                 0      0       0       3        0.0%
BITBANK0            A0      0       0       4        0.0%
BANK0               A0      0       0       5        0.0%
BITBANK1           100      0       0       6        0.0%
BANK1              100      0       0       7        0.0%
BITBANK2           100      0       0       8        0.0%
BANK2              100      0       0       9        0.0%
BITBANK3           100      0       0      10        0.0%
BANK3              100      0       0      11        0.0%
BITBANK4           100      0       0      12        0.0%
BANK4              100      0       0      13        0.0%
BITBANK5           100      0       0      14        0.0%
BANK5              100      0       0      15        0.0%
BITBANK6           100      0       0      16        0.0%
BANK6              100      0       0      17        0.0%
BITBANK7           100      0       0      18        0.0%
BANK7              100      0       0      19        0.0%
ABS                  0      0       0      20        0.0%
BIGRAM             7FF      0       0      21        0.0%
BITSFR               0      0       0     200        0.0%
SFR                  0      0       0     200        0.0%


Microchip Technology PIC18 Macro Assembler V2.32 build 20210201212658 
Symbol Table                                                                                   Mon Jul 05 19:55:46 2021

                     u10 7FBA                       u11 7FB6                       u27 7FC6  
                     u37 7FE2                      l710 7FD4                      l702 7F98  
                    l712 7FD8                      l704 7FAC                      l706 7FBA  
                    l714 7FF4                      l708 7FBC                      wreg 000FE8  
                   _main 7F98                     start 0000             ___param_bank 000000  
                  ?_main 0001                    _PORTD 000F83                    _TRISA 000F92  
                  _TRISB 000F93                    _TRISC 000F94                    _TRISD 000F95  
                  _TRISE 000F96          __initialization 7F92             __end_of_main 8000  
                 ??_main 0001            __activetblptr 000000                   isa$std 000001  
             __accesstop 0060  __end_of__initialization 7F92            ___rparam_used 000001  
         __pcstackCOMRAM 0001                  __Hparam 0000                  __Lparam 0000  
                __pcinit 7F92                  __ramtop 0800                  __ptext0 7F98  
   end_of_initialization 7F92                _PORTBbits 000F81      start_initialization 7F92  
               __Hrparam 0000                 __Lrparam 0000            __size_of_main 0068  
               isa$xinst 000000  
