

Microchip MPLAB XC8 Assembler V2.32 build 20210201212658 
                                                                                               Tue Jul 06 12:01:50 2021

Microchip MPLAB XC8 C Compiler v2.32 (Free license) build 20210201212658 Og1 
     1                           	processor	18F4550
     2                           	fnconf	rparam,??,?,0
     3                           	pagewidth 120
     4                           	opt	flic
     5                           	psect	idataCOMRAM,global,class=CODE,delta=1,noexec
     6                           	psect	cinit,global,reloc=2,class=CODE,delta=1
     7                           	psect	dataCOMRAM,global,class=COMRAM,space=1,delta=1,lowdata,noexec
     8                           	psect	cstackCOMRAM,global,class=COMRAM,space=1,delta=1,lowdata,noexec
     9                           	psect	text0,global,reloc=2,class=CODE,delta=1
    10                           	psect	intsave_regs,global,class=BIGRAM,space=1,delta=1,noexec
    11                           	psect	rparam,global,class=COMRAM,space=1,delta=1,noexec
    12                           	psect	idloc,global,abs,ovrld,class=IDLOC,space=5,delta=1,noexec
    13                           	psect	config,global,abs,ovrld,class=CONFIG,space=4,delta=1,noexec
    14  0000                     
    15                           ; Version 2.20
    16                           ; Generated 12/02/2020 GMT
    17                           ; 
    18                           ; Copyright © 2020, Microchip Technology Inc. and its subsidiaries ("Microchip")
    19                           ; All rights reserved.
    20                           ; 
    21                           ; This software is developed by Microchip Technology Inc. and its subsidiaries ("Microch
      +                          ip").
    22                           ; 
    23                           ; Redistribution and use in source and binary forms, with or without modification, are
    24                           ; permitted provided that the following conditions are met:
    25                           ; 
    26                           ;     1. Redistributions of source code must retain the above copyright notice, this lis
      +                          t of
    27                           ;        conditions and the following disclaimer.
    28                           ; 
    29                           ;     2. Redistributions in binary form must reproduce the above copyright notice, this 
      +                          list
    30                           ;        of conditions and the following disclaimer in the documentation and/or other
    31                           ;        materials provided with the distribution.
    32                           ; 
    33                           ;     3. Microchip's name may not be used to endorse or promote products derived from th
      +                          is
    34                           ;        software without specific prior written permission.
    35                           ; 
    36                           ; THIS SOFTWARE IS PROVIDED BY MICROCHIP "AS IS" AND ANY EXPRESS OR IMPLIED WARRANTIES,
    37                           ; INCLUDING, BUT NOT LIMITED TO, THE IMPLIED WARRANTIES OF MERCHANTABILITY AND FITNESS F
      +                          OR
    38                           ; PURPOSE ARE DISCLAIMED.  IN NO EVENT SHALL MICROCHIP BE LIABLE FOR ANY DIRECT, INDIREC
      +                          T,
    39                           ; INCIDENTAL, SPECIAL, EXEMPLARY, OR CONSEQUENTIAL DAMAGES (INCLUDING BUT NOT LIMITED TO
    40                           ; PROCUREMENT OF SUBSTITUTE GOODS OR SERVICES; LOSS OF USE, DATA OR PROFITS; OR BUSINESS
    41                           ; INTERRUPTION) HOWSOEVER CAUSED AND ON ANY THEORY OF LIABILITY, WHETHER IN CONTRACT, ST
      +                          RICT
    42                           ; LIABILITY, OR TORT (INCLUDING NEGLIGENCE OR OTHERWISE) ARISING IN ANY WAY OUT OF THE U
      +                          SE OF
    43                           ; THIS SOFTWARE, EVEN IF ADVISED OF THE POSSIBILITY OF SUCH DAMAGE.
    44                           ; 
    45                           ; 
    46                           ; Code-generator required, PIC18F4550 Definitions
    47                           ; 
    48                           ; SFR Addresses
    49  0000                     
    50                           	psect	idataCOMRAM
    51  007E64                     __pidataCOMRAM:
    52                           	callstack 0
    53                           
    54                           ;initializer for main@F3161
    55  007E64  3F                 	db	63
    56  007E65  06                 	db	6
    57  007E66  5B                 	db	91
    58  007E67  4F                 	db	79
    59  007E68  66                 	db	102
    60  007E69  6D                 	db	109
    61  007E6A  7D                 	db	125
    62  007E6B  07                 	db	7
    63  007E6C  7F                 	db	127
    64  007E6D  6F                 	db	111
    65  0000                     _PORTD	set	3971
    66  0000                     _PORTBbits	set	3969
    67  0000                     _TRISE	set	3990
    68  0000                     _TRISD	set	3989
    69  0000                     _TRISC	set	3988
    70  0000                     _TRISB	set	3987
    71  0000                     _TRISA	set	3986
    72                           
    73                           ; #config settings
    74                           
    75                           	psect	cinit
    76  007E6E                     __pcinit:
    77                           	callstack 0
    78  007E6E                     start_initialization:
    79                           	callstack 0
    80  007E6E                     __initialization:
    81                           	callstack 0
    82                           
    83                           ; Initialize objects allocated to COMRAM (10 bytes)
    84                           ; load TBLPTR registers with __pidataCOMRAM
    85  007E6E  0E64               	movlw	low __pidataCOMRAM
    86  007E70  6EF6               	movwf	tblptrl,c
    87  007E72  0E7E               	movlw	high __pidataCOMRAM
    88  007E74  6EF7               	movwf	tblptrh,c
    89  007E76  0E00               	movlw	low (__pidataCOMRAM shr (0+16))
    90  007E78  6EF8               	movwf	tblptru,c
    91  007E7A  EE00  F00C         	lfsr	0,__pdataCOMRAM
    92  007E7E  EE10 F00A          	lfsr	1,10
    93  007E82                     copy_data0:
    94  007E82  0009               	tblrd		*+
    95  007E84  CFF5 FFEE          	movff	tablat,postinc0
    96  007E88  50E5               	movf	postdec1,w,c
    97  007E8A  50E1               	movf	fsr1l,w,c
    98  007E8C  E1FA               	bnz	copy_data0
    99  007E8E                     end_of_initialization:
   100                           	callstack 0
   101  007E8E                     __end_of__initialization:
   102                           	callstack 0
   103  007E8E  0100               	movlb	0
   104  007E90  EF4A  F03F         	goto	_main	;jump to C main() function
   105                           
   106                           	psect	dataCOMRAM
   107  00000C                     __pdataCOMRAM:
   108                           	callstack 0
   109  00000C                     main@F3161:
   110                           	callstack 0
   111  00000C                     	ds	10
   112                           
   113                           	psect	cstackCOMRAM
   114  000001                     __pcstackCOMRAM:
   115                           	callstack 0
   116  000001                     ??_main:
   117                           
   118                           ; 1 bytes @ 0x0
   119  000001                     	ds	1
   120  000002                     main@cod_display:
   121                           	callstack 0
   122                           
   123                           ; 10 bytes @ 0x1
   124  000002                     	ds	10
   125                           
   126 ;;
   127 ;;Main: autosize = 0, tempsize = 1, incstack = 0, save=0
   128 ;;
   129 ;; *************** function _main *****************
   130 ;; Defined at:
   131 ;;		line 28 in file "12-3-display-7-segmentos.c"
   132 ;; Parameters:    Size  Location     Type
   133 ;;		None
   134 ;; Auto vars:     Size  Location     Type
   135 ;;  cod_display    10    1[COMRAM] unsigned char [10]
   136 ;; Return value:  Size  Location     Type
   137 ;;                  1    wreg      void 
   138 ;; Registers used:
   139 ;;		wreg, fsr1l, fsr1h, fsr2l, fsr2h, status,2, status,0
   140 ;; Tracked objects:
   141 ;;		On entry : 0/0
   142 ;;		On exit  : 0/0
   143 ;;		Unchanged: 0/0
   144 ;; Data sizes:     COMRAM   BANK0   BANK1   BANK2   BANK3   BANK4   BANK5   BANK6   BANK7
   145 ;;      Params:         0       0       0       0       0       0       0       0       0
   146 ;;      Locals:        10       0       0       0       0       0       0       0       0
   147 ;;      Temps:          1       0       0       0       0       0       0       0       0
   148 ;;      Totals:        11       0       0       0       0       0       0       0       0
   149 ;;Total ram usage:       11 bytes
   150 ;; This function calls:
   151 ;;		Nothing
   152 ;; This function is called by:
   153 ;;		Startup code after reset
   154 ;; This function uses a non-reentrant model
   155 ;;
   156                           
   157                           	psect	text0
   158  007E94                     __ptext0:
   159                           	callstack 0
   160  007E94                     _main:
   161                           	callstack 31
   162  007E94  0E00               	movlw	0
   163  007E96  6E92               	movwf	146,c	;volatile
   164  007E98  6893               	setf	147,c	;volatile
   165  007E9A  0E00               	movlw	0
   166  007E9C  6E94               	movwf	148,c	;volatile
   167  007E9E  0E00               	movlw	0
   168  007EA0  6E95               	movwf	149,c	;volatile
   169  007EA2  0E00               	movlw	0
   170  007EA4  6E96               	movwf	150,c	;volatile
   171  007EA6  EE20  F00C         	lfsr	2,main@F3161
   172  007EAA  EE10  F002         	lfsr	1,main@cod_display
   173  007EAE  0E09               	movlw	9
   174  007EB0                     u11:
   175  007EB0  CFDB FFE3          	movff	plusw2,plusw1
   176  007EB4  06E8               	decf	wreg,f,c
   177  007EB6  E2FC               	bc	u11
   178  007EB8                     l724:
   179  007EB8  A081               	btfss	129,0,c	;volatile
   180  007EBA  EF61  F03F         	goto	u21
   181  007EBE  EF63  F03F         	goto	u20
   182  007EC2                     u21:
   183  007EC2  EF6E  F03F         	goto	l730
   184  007EC6                     u20:
   185  007EC6  C002  FF83         	movff	main@cod_display,3971	;volatile
   186  007ECA  0E82               	movlw	130
   187  007ECC  6E01               	movwf	??_main^0,c
   188  007ECE  0EDE               	movlw	222
   189  007ED0                     u107:
   190  007ED0  2EE8               	decfsz	wreg,f,c
   191  007ED2  D7FE               	bra	u107
   192  007ED4  2E01               	decfsz	??_main^0,f,c
   193  007ED6  D7FC               	bra	u107
   194  007ED8  EF70  F03F         	goto	l732
   195  007EDC                     l730:
   196  007EDC  0E00               	movlw	0
   197  007EDE  6E83               	movwf	131,c	;volatile
   198  007EE0                     l732:
   199  007EE0  A281               	btfss	129,1,c	;volatile
   200  007EE2  EF75  F03F         	goto	u31
   201  007EE6  EF77  F03F         	goto	u30
   202  007EEA                     u31:
   203  007EEA  EF82  F03F         	goto	l738
   204  007EEE                     u30:
   205  007EEE  C003  FF83         	movff	main@cod_display+1,3971	;volatile
   206  007EF2  0E82               	movlw	130
   207  007EF4  6E01               	movwf	??_main^0,c
   208  007EF6  0EDE               	movlw	222
   209  007EF8                     u117:
   210  007EF8  2EE8               	decfsz	wreg,f,c
   211  007EFA  D7FE               	bra	u117
   212  007EFC  2E01               	decfsz	??_main^0,f,c
   213  007EFE  D7FC               	bra	u117
   214  007F00  EF84  F03F         	goto	l740
   215  007F04                     l738:
   216  007F04  0E00               	movlw	0
   217  007F06  6E83               	movwf	131,c	;volatile
   218  007F08                     l740:
   219  007F08  A481               	btfss	129,2,c	;volatile
   220  007F0A  EF89  F03F         	goto	u41
   221  007F0E  EF8B  F03F         	goto	u40
   222  007F12                     u41:
   223  007F12  EF96  F03F         	goto	l746
   224  007F16                     u40:
   225  007F16  C004  FF83         	movff	main@cod_display+2,3971	;volatile
   226  007F1A  0E82               	movlw	130
   227  007F1C  6E01               	movwf	??_main^0,c
   228  007F1E  0EDE               	movlw	222
   229  007F20                     u127:
   230  007F20  2EE8               	decfsz	wreg,f,c
   231  007F22  D7FE               	bra	u127
   232  007F24  2E01               	decfsz	??_main^0,f,c
   233  007F26  D7FC               	bra	u127
   234  007F28  EF98  F03F         	goto	l748
   235  007F2C                     l746:
   236  007F2C  0E00               	movlw	0
   237  007F2E  6E83               	movwf	131,c	;volatile
   238  007F30                     l748:
   239  007F30  A681               	btfss	129,3,c	;volatile
   240  007F32  EF9D  F03F         	goto	u51
   241  007F36  EF9F  F03F         	goto	u50
   242  007F3A                     u51:
   243  007F3A  EFAA  F03F         	goto	l754
   244  007F3E                     u50:
   245  007F3E  C005  FF83         	movff	main@cod_display+3,3971	;volatile
   246  007F42  0E82               	movlw	130
   247  007F44  6E01               	movwf	??_main^0,c
   248  007F46  0EDE               	movlw	222
   249  007F48                     u137:
   250  007F48  2EE8               	decfsz	wreg,f,c
   251  007F4A  D7FE               	bra	u137
   252  007F4C  2E01               	decfsz	??_main^0,f,c
   253  007F4E  D7FC               	bra	u137
   254  007F50  EFAC  F03F         	goto	l756
   255  007F54                     l754:
   256  007F54  0E00               	movlw	0
   257  007F56  6E83               	movwf	131,c	;volatile
   258  007F58                     l756:
   259  007F58  A881               	btfss	129,4,c	;volatile
   260  007F5A  EFB1  F03F         	goto	u61
   261  007F5E  EFB3  F03F         	goto	u60
   262  007F62                     u61:
   263  007F62  EFBE  F03F         	goto	l762
   264  007F66                     u60:
   265  007F66  C006  FF83         	movff	main@cod_display+4,3971	;volatile
   266  007F6A  0E82               	movlw	130
   267  007F6C  6E01               	movwf	??_main^0,c
   268  007F6E  0EDE               	movlw	222
   269  007F70                     u147:
   270  007F70  2EE8               	decfsz	wreg,f,c
   271  007F72  D7FE               	bra	u147
   272  007F74  2E01               	decfsz	??_main^0,f,c
   273  007F76  D7FC               	bra	u147
   274  007F78  EFC0  F03F         	goto	l764
   275  007F7C                     l762:
   276  007F7C  0E00               	movlw	0
   277  007F7E  6E83               	movwf	131,c	;volatile
   278  007F80                     l764:
   279  007F80  AA81               	btfss	129,5,c	;volatile
   280  007F82  EFC5  F03F         	goto	u71
   281  007F86  EFC7  F03F         	goto	u70
   282  007F8A                     u71:
   283  007F8A  EFD2  F03F         	goto	l770
   284  007F8E                     u70:
   285  007F8E  C007  FF83         	movff	main@cod_display+5,3971	;volatile
   286  007F92  0E82               	movlw	130
   287  007F94  6E01               	movwf	??_main^0,c
   288  007F96  0EDE               	movlw	222
   289  007F98                     u157:
   290  007F98  2EE8               	decfsz	wreg,f,c
   291  007F9A  D7FE               	bra	u157
   292  007F9C  2E01               	decfsz	??_main^0,f,c
   293  007F9E  D7FC               	bra	u157
   294  007FA0  EFD4  F03F         	goto	l772
   295  007FA4                     l770:
   296  007FA4  0E00               	movlw	0
   297  007FA6  6E83               	movwf	131,c	;volatile
   298  007FA8                     l772:
   299  007FA8  AC81               	btfss	129,6,c	;volatile
   300  007FAA  EFD9  F03F         	goto	u81
   301  007FAE  EFDB  F03F         	goto	u80
   302  007FB2                     u81:
   303  007FB2  EFE6  F03F         	goto	l778
   304  007FB6                     u80:
   305  007FB6  C008  FF83         	movff	main@cod_display+6,3971	;volatile
   306  007FBA  0E82               	movlw	130
   307  007FBC  6E01               	movwf	??_main^0,c
   308  007FBE  0EDE               	movlw	222
   309  007FC0                     u167:
   310  007FC0  2EE8               	decfsz	wreg,f,c
   311  007FC2  D7FE               	bra	u167
   312  007FC4  2E01               	decfsz	??_main^0,f,c
   313  007FC6  D7FC               	bra	u167
   314  007FC8  EFE8  F03F         	goto	l780
   315  007FCC                     l778:
   316  007FCC  0E00               	movlw	0
   317  007FCE  6E83               	movwf	131,c	;volatile
   318  007FD0                     l780:
   319  007FD0  AE81               	btfss	129,7,c	;volatile
   320  007FD2  EFED  F03F         	goto	u91
   321  007FD6  EFEF  F03F         	goto	u90
   322  007FDA                     u91:
   323  007FDA  EFFA  F03F         	goto	l786
   324  007FDE                     u90:
   325  007FDE  C009  FF83         	movff	main@cod_display+7,3971	;volatile
   326  007FE2  0E82               	movlw	130
   327  007FE4  6E01               	movwf	??_main^0,c
   328  007FE6  0EDE               	movlw	222
   329  007FE8                     u177:
   330  007FE8  2EE8               	decfsz	wreg,f,c
   331  007FEA  D7FE               	bra	u177
   332  007FEC  2E01               	decfsz	??_main^0,f,c
   333  007FEE  D7FC               	bra	u177
   334  007FF0  EF5C  F03F         	goto	l724
   335  007FF4                     l786:
   336  007FF4  0E00               	movlw	0
   337  007FF6  6E83               	movwf	131,c	;volatile
   338  007FF8  EF5C  F03F         	goto	l724
   339  007FFC  EF00  F000         	goto	start
   340  008000                     __end_of_main:
   341                           	callstack 0
   342  0000                     
   343                           	psect	rparam
   344  0000                     
   345                           	psect	idloc
   346                           
   347                           ;Config register IDLOC0 @ 0x200000
   348                           ;	unspecified, using default values
   349  200000                     	org	2097152
   350  200000  FF                 	db	255
   351                           
   352                           ;Config register IDLOC1 @ 0x200001
   353                           ;	unspecified, using default values
   354  200001                     	org	2097153
   355  200001  FF                 	db	255
   356                           
   357                           ;Config register IDLOC2 @ 0x200002
   358                           ;	unspecified, using default values
   359  200002                     	org	2097154
   360  200002  FF                 	db	255
   361                           
   362                           ;Config register IDLOC3 @ 0x200003
   363                           ;	unspecified, using default values
   364  200003                     	org	2097155
   365  200003  FF                 	db	255
   366                           
   367                           ;Config register IDLOC4 @ 0x200004
   368                           ;	unspecified, using default values
   369  200004                     	org	2097156
   370  200004  FF                 	db	255
   371                           
   372                           ;Config register IDLOC5 @ 0x200005
   373                           ;	unspecified, using default values
   374  200005                     	org	2097157
   375  200005  FF                 	db	255
   376                           
   377                           ;Config register IDLOC6 @ 0x200006
   378                           ;	unspecified, using default values
   379  200006                     	org	2097158
   380  200006  FF                 	db	255
   381                           
   382                           ;Config register IDLOC7 @ 0x200007
   383                           ;	unspecified, using default values
   384  200007                     	org	2097159
   385  200007  FF                 	db	255
   386                           
   387                           	psect	config
   388                           
   389                           ;Config register CONFIG1L @ 0x300000
   390                           ;	PLL Prescaler Selection bits
   391                           ;	PLLDIV = 1, No prescale (4 MHz oscillator input drives PLL directly)
   392                           ;	System Clock Postscaler Selection bits
   393                           ;	CPUDIV = OSC1_PLL2, [Primary Oscillator Src: /1][96 MHz PLL Src: /2]
   394                           ;	USB Clock Selection bit (used in Full-Speed USB mode only; UCFG:FSEN = 1)
   395                           ;	USBDIV = 1, USB clock source comes directly from the primary oscillator block with no 
      +                          postscale
   396  300000                     	org	3145728
   397  300000  00                 	db	0
   398                           
   399                           ;Config register CONFIG1H @ 0x300001
   400                           ;	Oscillator Selection bits
   401                           ;	FOSC = HS, HS oscillator (HS)
   402                           ;	Fail-Safe Clock Monitor Enable bit
   403                           ;	FCMEN = OFF, Fail-Safe Clock Monitor disabled
   404                           ;	Internal/External Oscillator Switchover bit
   405                           ;	IESO = OFF, Oscillator Switchover mode disabled
   406  300001                     	org	3145729
   407  300001  0C                 	db	12
   408                           
   409                           ;Config register CONFIG2L @ 0x300002
   410                           ;	Power-up Timer Enable bit
   411                           ;	PWRT = ON, PWRT enabled
   412                           ;	Brown-out Reset Enable bits
   413                           ;	BOR = ON, Brown-out Reset enabled in hardware only (SBOREN is disabled)
   414                           ;	Brown-out Reset Voltage bits
   415                           ;	BORV = 1, Setting 2 4.33V
   416                           ;	USB Voltage Regulator Enable bit
   417                           ;	VREGEN = OFF, USB voltage regulator disabled
   418  300002                     	org	3145730
   419  300002  0E                 	db	14
   420                           
   421                           ;Config register CONFIG2H @ 0x300003
   422                           ;	Watchdog Timer Enable bit
   423                           ;	WDT = OFF, WDT disabled (control is placed on the SWDTEN bit)
   424                           ;	Watchdog Timer Postscale Select bits
   425                           ;	WDTPS = 1, 1:1
   426  300003                     	org	3145731
   427  300003  00                 	db	0
   428                           
   429                           ; Padding undefined space
   430  300004                     	org	3145732
   431  300004  FF                 	db	255
   432                           
   433                           ;Config register CONFIG3H @ 0x300005
   434                           ;	CCP2 MUX bit
   435                           ;	CCP2MX = ON, CCP2 input/output is multiplexed with RC1
   436                           ;	PORTB A/D Enable bit
   437                           ;	PBADEN = OFF, PORTB<4:0> pins are configured as digital I/O on Reset
   438                           ;	Low-Power Timer 1 Oscillator Enable bit
   439                           ;	LPT1OSC = OFF, Timer1 configured for higher power operation
   440                           ;	MCLR Pin Enable bit
   441                           ;	MCLRE = ON, MCLR pin enabled; RE3 input pin disabled
   442  300005                     	org	3145733
   443  300005  81                 	db	129
   444                           
   445                           ;Config register CONFIG4L @ 0x300006
   446                           ;	Stack Full/Underflow Reset Enable bit
   447                           ;	STVREN = ON, Stack full/underflow will cause Reset
   448                           ;	Single-Supply ICSP Enable bit
   449                           ;	LVP = OFF, Single-Supply ICSP disabled
   450                           ;	Dedicated In-Circuit Debug/Programming Port (ICPORT) Enable bit
   451                           ;	ICPRT = OFF, ICPORT disabled
   452                           ;	Extended Instruction Set Enable bit
   453                           ;	XINST = OFF, Instruction set extension and Indexed Addressing mode disabled (Legacy mo
      +                          de)
   454                           ;	Background Debugger Enable bit
   455                           ;	DEBUG = 0x1, unprogrammed default
   456  300006                     	org	3145734
   457  300006  81                 	db	129
   458                           
   459                           ; Padding undefined space
   460  300007                     	org	3145735
   461  300007  FF                 	db	255
   462                           
   463                           ;Config register CONFIG5L @ 0x300008
   464                           ;	Code Protection bit
   465                           ;	CP0 = OFF, Block 0 (000800-001FFFh) is not code-protected
   466                           ;	Code Protection bit
   467                           ;	CP1 = OFF, Block 1 (002000-003FFFh) is not code-protected
   468                           ;	Code Protection bit
   469                           ;	CP2 = OFF, Block 2 (004000-005FFFh) is not code-protected
   470                           ;	Code Protection bit
   471                           ;	CP3 = OFF, Block 3 (006000-007FFFh) is not code-protected
   472  300008                     	org	3145736
   473  300008  0F                 	db	15
   474                           
   475                           ;Config register CONFIG5H @ 0x300009
   476                           ;	Boot Block Code Protection bit
   477                           ;	CPB = OFF, Boot block (000000-0007FFh) is not code-protected
   478                           ;	Data EEPROM Code Protection bit
   479                           ;	CPD = OFF, Data EEPROM is not code-protected
   480  300009                     	org	3145737
   481  300009  C0                 	db	192
   482                           
   483                           ;Config register CONFIG6L @ 0x30000A
   484                           ;	Write Protection bit
   485                           ;	WRT0 = OFF, Block 0 (000800-001FFFh) is not write-protected
   486                           ;	Write Protection bit
   487                           ;	WRT1 = OFF, Block 1 (002000-003FFFh) is not write-protected
   488                           ;	Write Protection bit
   489                           ;	WRT2 = OFF, Block 2 (004000-005FFFh) is not write-protected
   490                           ;	Write Protection bit
   491                           ;	WRT3 = OFF, Block 3 (006000-007FFFh) is not write-protected
   492  30000A                     	org	3145738
   493  30000A  0F                 	db	15
   494                           
   495                           ;Config register CONFIG6H @ 0x30000B
   496                           ;	Configuration Register Write Protection bit
   497                           ;	WRTC = OFF, Configuration registers (300000-3000FFh) are not write-protected
   498                           ;	Boot Block Write Protection bit
   499                           ;	WRTB = OFF, Boot block (000000-0007FFh) is not write-protected
   500                           ;	Data EEPROM Write Protection bit
   501                           ;	WRTD = OFF, Data EEPROM is not write-protected
   502  30000B                     	org	3145739
   503  30000B  E0                 	db	224
   504                           
   505                           ;Config register CONFIG7L @ 0x30000C
   506                           ;	Table Read Protection bit
   507                           ;	EBTR0 = OFF, Block 0 (000800-001FFFh) is not protected from table reads executed in ot
      +                          her blocks
   508                           ;	Table Read Protection bit
   509                           ;	EBTR1 = OFF, Block 1 (002000-003FFFh) is not protected from table reads executed in ot
      +                          her blocks
   510                           ;	Table Read Protection bit
   511                           ;	EBTR2 = OFF, Block 2 (004000-005FFFh) is not protected from table reads executed in ot
      +                          her blocks
   512                           ;	Table Read Protection bit
   513                           ;	EBTR3 = OFF, Block 3 (006000-007FFFh) is not protected from table reads executed in ot
      +                          her blocks
   514  30000C                     	org	3145740
   515  30000C  0F                 	db	15
   516                           
   517                           ;Config register CONFIG7H @ 0x30000D
   518                           ;	Boot Block Table Read Protection bit
   519                           ;	EBTRB = OFF, Boot block (000000-0007FFh) is not protected from table reads executed in
      +                           other blocks
   520  30000D                     	org	3145741
   521  30000D  40                 	db	64
   522                           tosu	equ	0xFFF
   523                           tosh	equ	0xFFE
   524                           tosl	equ	0xFFD
   525                           stkptr	equ	0xFFC
   526                           pclatu	equ	0xFFB
   527                           pclath	equ	0xFFA
   528                           pcl	equ	0xFF9
   529                           tblptru	equ	0xFF8
   530                           tblptrh	equ	0xFF7
   531                           tblptrl	equ	0xFF6
   532                           tablat	equ	0xFF5
   533                           prodh	equ	0xFF4
   534                           prodl	equ	0xFF3
   535                           indf0	equ	0xFEF
   536                           postinc0	equ	0xFEE
   537                           postdec0	equ	0xFED
   538                           preinc0	equ	0xFEC
   539                           plusw0	equ	0xFEB
   540                           fsr0h	equ	0xFEA
   541                           fsr0l	equ	0xFE9
   542                           wreg	equ	0xFE8
   543                           indf1	equ	0xFE7
   544                           postinc1	equ	0xFE6
   545                           postdec1	equ	0xFE5
   546                           preinc1	equ	0xFE4
   547                           plusw1	equ	0xFE3
   548                           fsr1h	equ	0xFE2
   549                           fsr1l	equ	0xFE1
   550                           bsr	equ	0xFE0
   551                           indf2	equ	0xFDF
   552                           postinc2	equ	0xFDE
   553                           postdec2	equ	0xFDD
   554                           preinc2	equ	0xFDC
   555                           plusw2	equ	0xFDB
   556                           fsr2h	equ	0xFDA
   557                           fsr2l	equ	0xFD9
   558                           status	equ	0xFD8

Data Sizes:
    Strings     0
    Constant    0
    Data        10
    BSS         0
    Persistent  0
    Stack       0

Auto Spaces:
    Space          Size  Autos    Used
    COMRAM           95     11      21
    BANK0           160      0       0
    BANK1           256      0       0
    BANK2           256      0       0
    BANK3           256      0       0
    BANK4           256      0       0
    BANK5           256      0       0
    BANK6           256      0       0
    BANK7           256      0       0

Pointer List with Targets:

    None.

Critical Paths under _main in COMRAM

    None.

Critical Paths under _main in BANK0

    None.

Critical Paths under _main in BANK1

    None.

Critical Paths under _main in BANK2

    None.

Critical Paths under _main in BANK3

    None.

Critical Paths under _main in BANK4

    None.

Critical Paths under _main in BANK5

    None.

Critical Paths under _main in BANK6

    None.

Critical Paths under _main in BANK7

    None.

Call Graph Tables:

 ---------------------------------------------------------------------------------
 (Depth) Function   	        Calls       Base Space   Used Autos Params    Refs
 ---------------------------------------------------------------------------------
 (0) _main                                                11    11      0     120
                                              0 COMRAM    11    11      0
 ---------------------------------------------------------------------------------
 Estimated maximum stack depth 0
 ---------------------------------------------------------------------------------

 Call Graph Graphs:

 _main (ROOT)

 Address spaces:
Name               Size   Autos  Total    Cost      Usage
BIGRAM             7FF      0       0      21        0.0%
EEDATA             100      0       0       0        0.0%
BITBANK7           100      0       0      18        0.0%
BANK7              100      0       0      19        0.0%
BITBANK6           100      0       0      16        0.0%
BANK6              100      0       0      17        0.0%
BITBANK5           100      0       0      14        0.0%
BANK5              100      0       0      15        0.0%
BITBANK4           100      0       0      12        0.0%
BANK4              100      0       0      13        0.0%
BITBANK3           100      0       0      10        0.0%
BANK3              100      0       0      11        0.0%
BITBANK2           100      0       0       8        0.0%
BANK2              100      0       0       9        0.0%
BITBANK1           100      0       0       6        0.0%
BANK1              100      0       0       7        0.0%
BITBANK0            A0      0       0       4        0.0%
BANK0               A0      0       0       5        0.0%
BITCOMRAM           5F      0       0       0        0.0%
COMRAM              5F      B      15       1       22.1%
BITSFR               0      0       0     200        0.0%
SFR                  0      0       0     200        0.0%
STACK                0      0       0       2        0.0%
NULL                 0      0       0       0        0.0%
ABS                  0      0      15      20        0.0%
DATA                 0      0      15       3        0.0%
CODE                 0      0       0       0        0.0%


Microchip Technology PIC18 Macro Assembler V2.32 build 20210201212658 
Symbol Table                                                                                   Tue Jul 06 12:01:50 2021

                     u11 7EB0                       u20 7EC6                       u21 7EC2  
                     u30 7EEE                       u31 7EEA                       u40 7F16  
                     u41 7F12                       u50 7F3E                       u51 7F3A  
                     u60 7F66                       u61 7F62                       u70 7F8E  
                     u71 7F8A                       u80 7FB6                       u81 7FB2  
                     u90 7FDE                       u91 7FDA                      l720 7E98  
                    l730 7EDC                      l722 7EA6                      l740 7F08  
                    l732 7EE0                      l724 7EB8                      l750 7F3E  
                    l742 7F16                      l734 7EEE                      l726 7EC6  
                    l718 7E94                      l760 7F6A                      l752 7F42  
                    l744 7F1A                      l736 7EF2                      l728 7ECA  
                    l770 7FA4                      l762 7F7C                      l754 7F54  
                    l746 7F2C                      l738 7F04                      l780 7FD0  
                    l772 7FA8                      l764 7F80                      l756 7F58  
                    l748 7F30                      l782 7FDE                      l774 7FB6  
                    l766 7F8E                      l758 7F66                      l784 7FE2  
                    l776 7FBA                      l768 7F92                      l786 7FF4  
                    l778 7FCC                      u107 7ED0                      u117 7EF8  
                    u127 7F20                      u137 7F48                      u147 7F70  
                    u157 7F98                      u167 7FC0                      u177 7FE8  
                    wreg 000FE8                     _main 7E94                     fsr1l 000FE1  
                   start 0000             ___param_bank 000000                    ?_main 0001  
                  _PORTD 000F83                    _TRISA 000F92                    _TRISB 000F93  
                  _TRISC 000F94                    _TRISD 000F95                    _TRISE 000F96  
                  tablat 000FF5                    plusw1 000FE3                    plusw2 000FDB  
        __initialization 7E6E             __end_of_main 8000                   ??_main 0001  
          __activetblptr 000000                   isa$std 000001             __pdataCOMRAM 000C  
                 tblptrh 000FF7                   tblptrl 000FF6                   tblptru 000FF8  
             __accesstop 0060  __end_of__initialization 7E8E            ___rparam_used 000001  
         __pcstackCOMRAM 0001                  __Hparam 0000                  __Lparam 0000  
                __pcinit 7E6E                  __ramtop 0800                  __ptext0 7E94  
   end_of_initialization 7E8E                  postdec1 000FE5                  postinc0 000FEE  
              _PORTBbits 000F81            __pidataCOMRAM 7E64      start_initialization 7E6E  
        main@cod_display 0002                main@F3161 000C                copy_data0 7E82  
               __Hrparam 0000                 __Lrparam 0000            __size_of_main 016C  
               isa$xinst 000000  
