

Microchip MPLAB XC8 Assembler V2.32 build 20210201212658 
                                                                                               Tue Jul 06 11:59:54 2021

Microchip MPLAB XC8 C Compiler v2.32 (Free license) build 20210201212658 Og1 
     1                           	processor	18F4550
     2                           	fnconf	rparam,??,?,0
     3                           	pagewidth 120
     4                           	opt	flic
     5                           	psect	idataCOMRAM,global,class=CODE,delta=1,noexec
     6                           	psect	cinit,global,reloc=2,class=CODE,delta=1
     7                           	psect	dataCOMRAM,global,class=COMRAM,space=1,delta=1,lowdata,noexec
     8                           	psect	cstackCOMRAM,global,class=COMRAM,space=1,delta=1,lowdata,noexec
     9                           	psect	text0,global,reloc=2,class=CODE,delta=1
    10                           	psect	intsave_regs,global,class=BIGRAM,space=1,delta=1,noexec
    11                           	psect	rparam,global,class=COMRAM,space=1,delta=1,noexec
    12                           	psect	idloc,global,abs,ovrld,class=IDLOC,space=5,delta=1,noexec
    13                           	psect	config,global,abs,ovrld,class=CONFIG,space=4,delta=1,noexec
    14  0000                     
    15                           ; Version 2.20
    16                           ; Generated 12/02/2020 GMT
    17                           ; 
    18                           ; Copyright © 2020, Microchip Technology Inc. and its subsidiaries ("Microchip")
    19                           ; All rights reserved.
    20                           ; 
    21                           ; This software is developed by Microchip Technology Inc. and its subsidiaries ("Microch
      +                          ip").
    22                           ; 
    23                           ; Redistribution and use in source and binary forms, with or without modification, are
    24                           ; permitted provided that the following conditions are met:
    25                           ; 
    26                           ;     1. Redistributions of source code must retain the above copyright notice, this lis
      +                          t of
    27                           ;        conditions and the following disclaimer.
    28                           ; 
    29                           ;     2. Redistributions in binary form must reproduce the above copyright notice, this 
      +                          list
    30                           ;        of conditions and the following disclaimer in the documentation and/or other
    31                           ;        materials provided with the distribution.
    32                           ; 
    33                           ;     3. Microchip's name may not be used to endorse or promote products derived from th
      +                          is
    34                           ;        software without specific prior written permission.
    35                           ; 
    36                           ; THIS SOFTWARE IS PROVIDED BY MICROCHIP "AS IS" AND ANY EXPRESS OR IMPLIED WARRANTIES,
    37                           ; INCLUDING, BUT NOT LIMITED TO, THE IMPLIED WARRANTIES OF MERCHANTABILITY AND FITNESS F
      +                          OR
    38                           ; PURPOSE ARE DISCLAIMED.  IN NO EVENT SHALL MICROCHIP BE LIABLE FOR ANY DIRECT, INDIREC
      +                          T,
    39                           ; INCIDENTAL, SPECIAL, EXEMPLARY, OR CONSEQUENTIAL DAMAGES (INCLUDING BUT NOT LIMITED TO
    40                           ; PROCUREMENT OF SUBSTITUTE GOODS OR SERVICES; LOSS OF USE, DATA OR PROFITS; OR BUSINESS
    41                           ; INTERRUPTION) HOWSOEVER CAUSED AND ON ANY THEORY OF LIABILITY, WHETHER IN CONTRACT, ST
      +                          RICT
    42                           ; LIABILITY, OR TORT (INCLUDING NEGLIGENCE OR OTHERWISE) ARISING IN ANY WAY OUT OF THE U
      +                          SE OF
    43                           ; THIS SOFTWARE, EVEN IF ADVISED OF THE POSSIBILITY OF SUCH DAMAGE.
    44                           ; 
    45                           ; 
    46                           ; Code-generator required, PIC18F4550 Definitions
    47                           ; 
    48                           ; SFR Addresses
    49  0000                     
    50                           	psect	idataCOMRAM
    51  007E24                     __pidataCOMRAM:
    52                           	callstack 0
    53                           
    54                           ;initializer for main@F3161
    55  007E24  3F                 	db	63
    56  007E25  06                 	db	6
    57  007E26  5B                 	db	91
    58  007E27  4F                 	db	79
    59  007E28  66                 	db	102
    60  007E29  6D                 	db	109
    61  007E2A  7D                 	db	125
    62  007E2B  07                 	db	7
    63  007E2C  7F                 	db	127
    64  007E2D  6F                 	db	111
    65  0000                     _PORTCbits	set	3970
    66  0000                     _PORTD	set	3971
    67  0000                     _PORTBbits	set	3969
    68  0000                     _TRISE	set	3990
    69  0000                     _TRISD	set	3989
    70  0000                     _TRISC	set	3988
    71  0000                     _TRISB	set	3987
    72  0000                     _TRISA	set	3986
    73                           
    74                           ; #config settings
    75                           
    76                           	psect	cinit
    77  007E2E                     __pcinit:
    78                           	callstack 0
    79  007E2E                     start_initialization:
    80                           	callstack 0
    81  007E2E                     __initialization:
    82                           	callstack 0
    83                           
    84                           ; Initialize objects allocated to COMRAM (10 bytes)
    85                           ; load TBLPTR registers with __pidataCOMRAM
    86  007E2E  0E24               	movlw	low __pidataCOMRAM
    87  007E30  6EF6               	movwf	tblptrl,c
    88  007E32  0E7E               	movlw	high __pidataCOMRAM
    89  007E34  6EF7               	movwf	tblptrh,c
    90  007E36  0E00               	movlw	low (__pidataCOMRAM shr (0+16))
    91  007E38  6EF8               	movwf	tblptru,c
    92  007E3A  EE00  F00C         	lfsr	0,__pdataCOMRAM
    93  007E3E  EE10 F00A          	lfsr	1,10
    94  007E42                     copy_data0:
    95  007E42  0009               	tblrd		*+
    96  007E44  CFF5 FFEE          	movff	tablat,postinc0
    97  007E48  50E5               	movf	postdec1,w,c
    98  007E4A  50E1               	movf	fsr1l,w,c
    99  007E4C  E1FA               	bnz	copy_data0
   100  007E4E                     end_of_initialization:
   101                           	callstack 0
   102  007E4E                     __end_of__initialization:
   103                           	callstack 0
   104  007E4E  0100               	movlb	0
   105  007E50  EF2A  F03F         	goto	_main	;jump to C main() function
   106                           
   107                           	psect	dataCOMRAM
   108  00000C                     __pdataCOMRAM:
   109                           	callstack 0
   110  00000C                     main@F3161:
   111                           	callstack 0
   112  00000C                     	ds	10
   113                           
   114                           	psect	cstackCOMRAM
   115  000001                     __pcstackCOMRAM:
   116                           	callstack 0
   117  000001                     ??_main:
   118                           
   119                           ; 1 bytes @ 0x0
   120  000001                     	ds	1
   121  000002                     main@cod_display:
   122                           	callstack 0
   123                           
   124                           ; 10 bytes @ 0x1
   125  000002                     	ds	10
   126                           
   127 ;;
   128 ;;Main: autosize = 0, tempsize = 1, incstack = 0, save=0
   129 ;;
   130 ;; *************** function _main *****************
   131 ;; Defined at:
   132 ;;		line 32 in file "12-4-display-7-segmentos.c"
   133 ;; Parameters:    Size  Location     Type
   134 ;;		None
   135 ;; Auto vars:     Size  Location     Type
   136 ;;  cod_display    10    1[COMRAM] unsigned char [10]
   137 ;; Return value:  Size  Location     Type
   138 ;;                  1    wreg      void 
   139 ;; Registers used:
   140 ;;		wreg, fsr1l, fsr1h, fsr2l, fsr2h, status,2, status,0
   141 ;; Tracked objects:
   142 ;;		On entry : 0/0
   143 ;;		On exit  : 0/0
   144 ;;		Unchanged: 0/0
   145 ;; Data sizes:     COMRAM   BANK0   BANK1   BANK2   BANK3   BANK4   BANK5   BANK6   BANK7
   146 ;;      Params:         0       0       0       0       0       0       0       0       0
   147 ;;      Locals:        10       0       0       0       0       0       0       0       0
   148 ;;      Temps:          1       0       0       0       0       0       0       0       0
   149 ;;      Totals:        11       0       0       0       0       0       0       0       0
   150 ;;Total ram usage:       11 bytes
   151 ;; This function calls:
   152 ;;		Nothing
   153 ;; This function is called by:
   154 ;;		Startup code after reset
   155 ;; This function uses a non-reentrant model
   156 ;;
   157                           
   158                           	psect	text0
   159  007E54                     __ptext0:
   160                           	callstack 0
   161  007E54                     _main:
   162                           	callstack 31
   163  007E54  0E00               	movlw	0
   164  007E56  6E92               	movwf	146,c	;volatile
   165  007E58  6893               	setf	147,c	;volatile
   166  007E5A  0E00               	movlw	0
   167  007E5C  6E94               	movwf	148,c	;volatile
   168  007E5E  0E00               	movlw	0
   169  007E60  6E95               	movwf	149,c	;volatile
   170  007E62  0E00               	movlw	0
   171  007E64  6E96               	movwf	150,c	;volatile
   172  007E66  EE20  F00C         	lfsr	2,main@F3161
   173  007E6A  EE10  F002         	lfsr	1,main@cod_display
   174  007E6E  0E09               	movlw	9
   175  007E70                     u11:
   176  007E70  CFDB FFE3          	movff	plusw2,plusw1
   177  007E74  06E8               	decf	wreg,f,c
   178  007E76  E2FC               	bc	u11
   179  007E78                     l726:
   180  007E78  A081               	btfss	129,0,c	;volatile
   181  007E7A  EF41  F03F         	goto	u21
   182  007E7E  EF43  F03F         	goto	u20
   183  007E82                     u21:
   184  007E82  EF50  F03F         	goto	l732
   185  007E86                     u20:
   186  007E86  C002  FF83         	movff	main@cod_display,3971	;volatile
   187  007E8A  8082               	bsf	130,0,c	;volatile
   188  007E8C  9282               	bcf	130,1,c	;volatile
   189  007E8E  0E0D               	movlw	13
   190  007E90  6E01               	movwf	??_main^0,c
   191  007E92  0EFC               	movlw	252
   192  007E94                     u107:
   193  007E94  2EE8               	decfsz	wreg,f,c
   194  007E96  D7FE               	bra	u107
   195  007E98  2E01               	decfsz	??_main^0,f,c
   196  007E9A  D7FC               	bra	u107
   197  007E9C  EF54  F03F         	goto	l738
   198  007EA0                     l732:
   199  007EA0  0E00               	movlw	0
   200  007EA2  6E83               	movwf	131,c	;volatile
   201  007EA4  9082               	bcf	130,0,c	;volatile
   202  007EA6  9282               	bcf	130,1,c	;volatile
   203  007EA8                     l738:
   204  007EA8  A281               	btfss	129,1,c	;volatile
   205  007EAA  EF59  F03F         	goto	u31
   206  007EAE  EF5B  F03F         	goto	u30
   207  007EB2                     u31:
   208  007EB2  EF68  F03F         	goto	l744
   209  007EB6                     u30:
   210  007EB6  C003  FF83         	movff	main@cod_display+1,3971	;volatile
   211  007EBA  9082               	bcf	130,0,c	;volatile
   212  007EBC  8282               	bsf	130,1,c	;volatile
   213  007EBE  0E0D               	movlw	13
   214  007EC0  6E01               	movwf	??_main^0,c
   215  007EC2  0EFC               	movlw	252
   216  007EC4                     u117:
   217  007EC4  2EE8               	decfsz	wreg,f,c
   218  007EC6  D7FE               	bra	u117
   219  007EC8  2E01               	decfsz	??_main^0,f,c
   220  007ECA  D7FC               	bra	u117
   221  007ECC  EF6C  F03F         	goto	l750
   222  007ED0                     l744:
   223  007ED0  0E00               	movlw	0
   224  007ED2  6E83               	movwf	131,c	;volatile
   225  007ED4  9082               	bcf	130,0,c	;volatile
   226  007ED6  9282               	bcf	130,1,c	;volatile
   227  007ED8                     l750:
   228  007ED8  A481               	btfss	129,2,c	;volatile
   229  007EDA  EF71  F03F         	goto	u41
   230  007EDE  EF73  F03F         	goto	u40
   231  007EE2                     u41:
   232  007EE2  EF80  F03F         	goto	l756
   233  007EE6                     u40:
   234  007EE6  C004  FF83         	movff	main@cod_display+2,3971	;volatile
   235  007EEA  8082               	bsf	130,0,c	;volatile
   236  007EEC  9282               	bcf	130,1,c	;volatile
   237  007EEE  0E0D               	movlw	13
   238  007EF0  6E01               	movwf	??_main^0,c
   239  007EF2  0EFC               	movlw	252
   240  007EF4                     u127:
   241  007EF4  2EE8               	decfsz	wreg,f,c
   242  007EF6  D7FE               	bra	u127
   243  007EF8  2E01               	decfsz	??_main^0,f,c
   244  007EFA  D7FC               	bra	u127
   245  007EFC  EF84  F03F         	goto	l762
   246  007F00                     l756:
   247  007F00  0E00               	movlw	0
   248  007F02  6E83               	movwf	131,c	;volatile
   249  007F04  9082               	bcf	130,0,c	;volatile
   250  007F06  9282               	bcf	130,1,c	;volatile
   251  007F08                     l762:
   252  007F08  A681               	btfss	129,3,c	;volatile
   253  007F0A  EF89  F03F         	goto	u51
   254  007F0E  EF8B  F03F         	goto	u50
   255  007F12                     u51:
   256  007F12  EF98  F03F         	goto	l768
   257  007F16                     u50:
   258  007F16  C005  FF83         	movff	main@cod_display+3,3971	;volatile
   259  007F1A  9082               	bcf	130,0,c	;volatile
   260  007F1C  8282               	bsf	130,1,c	;volatile
   261  007F1E  0E0D               	movlw	13
   262  007F20  6E01               	movwf	??_main^0,c
   263  007F22  0EFC               	movlw	252
   264  007F24                     u137:
   265  007F24  2EE8               	decfsz	wreg,f,c
   266  007F26  D7FE               	bra	u137
   267  007F28  2E01               	decfsz	??_main^0,f,c
   268  007F2A  D7FC               	bra	u137
   269  007F2C  EF9C  F03F         	goto	l774
   270  007F30                     l768:
   271  007F30  0E00               	movlw	0
   272  007F32  6E83               	movwf	131,c	;volatile
   273  007F34  9082               	bcf	130,0,c	;volatile
   274  007F36  9282               	bcf	130,1,c	;volatile
   275  007F38                     l774:
   276  007F38  A881               	btfss	129,4,c	;volatile
   277  007F3A  EFA1  F03F         	goto	u61
   278  007F3E  EFA3  F03F         	goto	u60
   279  007F42                     u61:
   280  007F42  EFB0  F03F         	goto	l780
   281  007F46                     u60:
   282  007F46  C006  FF83         	movff	main@cod_display+4,3971	;volatile
   283  007F4A  8082               	bsf	130,0,c	;volatile
   284  007F4C  9282               	bcf	130,1,c	;volatile
   285  007F4E  0E0D               	movlw	13
   286  007F50  6E01               	movwf	??_main^0,c
   287  007F52  0EFC               	movlw	252
   288  007F54                     u147:
   289  007F54  2EE8               	decfsz	wreg,f,c
   290  007F56  D7FE               	bra	u147
   291  007F58  2E01               	decfsz	??_main^0,f,c
   292  007F5A  D7FC               	bra	u147
   293  007F5C  EFB4  F03F         	goto	l786
   294  007F60                     l780:
   295  007F60  0E00               	movlw	0
   296  007F62  6E83               	movwf	131,c	;volatile
   297  007F64  9082               	bcf	130,0,c	;volatile
   298  007F66  9282               	bcf	130,1,c	;volatile
   299  007F68                     l786:
   300  007F68  AA81               	btfss	129,5,c	;volatile
   301  007F6A  EFB9  F03F         	goto	u71
   302  007F6E  EFBB  F03F         	goto	u70
   303  007F72                     u71:
   304  007F72  EFC8  F03F         	goto	l792
   305  007F76                     u70:
   306  007F76  C007  FF83         	movff	main@cod_display+5,3971	;volatile
   307  007F7A  9082               	bcf	130,0,c	;volatile
   308  007F7C  8282               	bsf	130,1,c	;volatile
   309  007F7E  0E0D               	movlw	13
   310  007F80  6E01               	movwf	??_main^0,c
   311  007F82  0EFC               	movlw	252
   312  007F84                     u157:
   313  007F84  2EE8               	decfsz	wreg,f,c
   314  007F86  D7FE               	bra	u157
   315  007F88  2E01               	decfsz	??_main^0,f,c
   316  007F8A  D7FC               	bra	u157
   317  007F8C  EFCC  F03F         	goto	l798
   318  007F90                     l792:
   319  007F90  0E00               	movlw	0
   320  007F92  6E83               	movwf	131,c	;volatile
   321  007F94  9082               	bcf	130,0,c	;volatile
   322  007F96  9282               	bcf	130,1,c	;volatile
   323  007F98                     l798:
   324  007F98  AC81               	btfss	129,6,c	;volatile
   325  007F9A  EFD1  F03F         	goto	u81
   326  007F9E  EFD3  F03F         	goto	u80
   327  007FA2                     u81:
   328  007FA2  EFE0  F03F         	goto	l804
   329  007FA6                     u80:
   330  007FA6  C008  FF83         	movff	main@cod_display+6,3971	;volatile
   331  007FAA  8082               	bsf	130,0,c	;volatile
   332  007FAC  9282               	bcf	130,1,c	;volatile
   333  007FAE  0E0D               	movlw	13
   334  007FB0  6E01               	movwf	??_main^0,c
   335  007FB2  0EFC               	movlw	252
   336  007FB4                     u167:
   337  007FB4  2EE8               	decfsz	wreg,f,c
   338  007FB6  D7FE               	bra	u167
   339  007FB8  2E01               	decfsz	??_main^0,f,c
   340  007FBA  D7FC               	bra	u167
   341  007FBC  EFE4  F03F         	goto	l810
   342  007FC0                     l804:
   343  007FC0  0E00               	movlw	0
   344  007FC2  6E83               	movwf	131,c	;volatile
   345  007FC4  9082               	bcf	130,0,c	;volatile
   346  007FC6  9282               	bcf	130,1,c	;volatile
   347  007FC8                     l810:
   348  007FC8  AE81               	btfss	129,7,c	;volatile
   349  007FCA  EFE9  F03F         	goto	u91
   350  007FCE  EFEB  F03F         	goto	u90
   351  007FD2                     u91:
   352  007FD2  EFF8  F03F         	goto	l816
   353  007FD6                     u90:
   354  007FD6  C009  FF83         	movff	main@cod_display+7,3971	;volatile
   355  007FDA  9082               	bcf	130,0,c	;volatile
   356  007FDC  8282               	bsf	130,1,c	;volatile
   357  007FDE  0E0D               	movlw	13
   358  007FE0  6E01               	movwf	??_main^0,c
   359  007FE2  0EFC               	movlw	252
   360  007FE4                     u177:
   361  007FE4  2EE8               	decfsz	wreg,f,c
   362  007FE6  D7FE               	bra	u177
   363  007FE8  2E01               	decfsz	??_main^0,f,c
   364  007FEA  D7FC               	bra	u177
   365  007FEC  EF3C  F03F         	goto	l726
   366  007FF0                     l816:
   367  007FF0  0E00               	movlw	0
   368  007FF2  6E83               	movwf	131,c	;volatile
   369  007FF4  9082               	bcf	130,0,c	;volatile
   370  007FF6  9282               	bcf	130,1,c	;volatile
   371  007FF8  EF3C  F03F         	goto	l726
   372  007FFC  EF00  F000         	goto	start
   373  008000                     __end_of_main:
   374                           	callstack 0
   375  0000                     
   376                           	psect	rparam
   377  0000                     
   378                           	psect	idloc
   379                           
   380                           ;Config register IDLOC0 @ 0x200000
   381                           ;	unspecified, using default values
   382  200000                     	org	2097152
   383  200000  FF                 	db	255
   384                           
   385                           ;Config register IDLOC1 @ 0x200001
   386                           ;	unspecified, using default values
   387  200001                     	org	2097153
   388  200001  FF                 	db	255
   389                           
   390                           ;Config register IDLOC2 @ 0x200002
   391                           ;	unspecified, using default values
   392  200002                     	org	2097154
   393  200002  FF                 	db	255
   394                           
   395                           ;Config register IDLOC3 @ 0x200003
   396                           ;	unspecified, using default values
   397  200003                     	org	2097155
   398  200003  FF                 	db	255
   399                           
   400                           ;Config register IDLOC4 @ 0x200004
   401                           ;	unspecified, using default values
   402  200004                     	org	2097156
   403  200004  FF                 	db	255
   404                           
   405                           ;Config register IDLOC5 @ 0x200005
   406                           ;	unspecified, using default values
   407  200005                     	org	2097157
   408  200005  FF                 	db	255
   409                           
   410                           ;Config register IDLOC6 @ 0x200006
   411                           ;	unspecified, using default values
   412  200006                     	org	2097158
   413  200006  FF                 	db	255
   414                           
   415                           ;Config register IDLOC7 @ 0x200007
   416                           ;	unspecified, using default values
   417  200007                     	org	2097159
   418  200007  FF                 	db	255
   419                           
   420                           	psect	config
   421                           
   422                           ;Config register CONFIG1L @ 0x300000
   423                           ;	PLL Prescaler Selection bits
   424                           ;	PLLDIV = 1, No prescale (4 MHz oscillator input drives PLL directly)
   425                           ;	System Clock Postscaler Selection bits
   426                           ;	CPUDIV = OSC1_PLL2, [Primary Oscillator Src: /1][96 MHz PLL Src: /2]
   427                           ;	USB Clock Selection bit (used in Full-Speed USB mode only; UCFG:FSEN = 1)
   428                           ;	USBDIV = 1, USB clock source comes directly from the primary oscillator block with no 
      +                          postscale
   429  300000                     	org	3145728
   430  300000  00                 	db	0
   431                           
   432                           ;Config register CONFIG1H @ 0x300001
   433                           ;	Oscillator Selection bits
   434                           ;	FOSC = HS, HS oscillator (HS)
   435                           ;	Fail-Safe Clock Monitor Enable bit
   436                           ;	FCMEN = OFF, Fail-Safe Clock Monitor disabled
   437                           ;	Internal/External Oscillator Switchover bit
   438                           ;	IESO = OFF, Oscillator Switchover mode disabled
   439  300001                     	org	3145729
   440  300001  0C                 	db	12
   441                           
   442                           ;Config register CONFIG2L @ 0x300002
   443                           ;	Power-up Timer Enable bit
   444                           ;	PWRT = ON, PWRT enabled
   445                           ;	Brown-out Reset Enable bits
   446                           ;	BOR = ON, Brown-out Reset enabled in hardware only (SBOREN is disabled)
   447                           ;	Brown-out Reset Voltage bits
   448                           ;	BORV = 1, Setting 2 4.33V
   449                           ;	USB Voltage Regulator Enable bit
   450                           ;	VREGEN = OFF, USB voltage regulator disabled
   451  300002                     	org	3145730
   452  300002  0E                 	db	14
   453                           
   454                           ;Config register CONFIG2H @ 0x300003
   455                           ;	Watchdog Timer Enable bit
   456                           ;	WDT = OFF, WDT disabled (control is placed on the SWDTEN bit)
   457                           ;	Watchdog Timer Postscale Select bits
   458                           ;	WDTPS = 1, 1:1
   459  300003                     	org	3145731
   460  300003  00                 	db	0
   461                           
   462                           ; Padding undefined space
   463  300004                     	org	3145732
   464  300004  FF                 	db	255
   465                           
   466                           ;Config register CONFIG3H @ 0x300005
   467                           ;	CCP2 MUX bit
   468                           ;	CCP2MX = ON, CCP2 input/output is multiplexed with RC1
   469                           ;	PORTB A/D Enable bit
   470                           ;	PBADEN = OFF, PORTB<4:0> pins are configured as digital I/O on Reset
   471                           ;	Low-Power Timer 1 Oscillator Enable bit
   472                           ;	LPT1OSC = OFF, Timer1 configured for higher power operation
   473                           ;	MCLR Pin Enable bit
   474                           ;	MCLRE = ON, MCLR pin enabled; RE3 input pin disabled
   475  300005                     	org	3145733
   476  300005  81                 	db	129
   477                           
   478                           ;Config register CONFIG4L @ 0x300006
   479                           ;	Stack Full/Underflow Reset Enable bit
   480                           ;	STVREN = ON, Stack full/underflow will cause Reset
   481                           ;	Single-Supply ICSP Enable bit
   482                           ;	LVP = OFF, Single-Supply ICSP disabled
   483                           ;	Dedicated In-Circuit Debug/Programming Port (ICPORT) Enable bit
   484                           ;	ICPRT = OFF, ICPORT disabled
   485                           ;	Extended Instruction Set Enable bit
   486                           ;	XINST = OFF, Instruction set extension and Indexed Addressing mode disabled (Legacy mo
      +                          de)
   487                           ;	Background Debugger Enable bit
   488                           ;	DEBUG = 0x1, unprogrammed default
   489  300006                     	org	3145734
   490  300006  81                 	db	129
   491                           
   492                           ; Padding undefined space
   493  300007                     	org	3145735
   494  300007  FF                 	db	255
   495                           
   496                           ;Config register CONFIG5L @ 0x300008
   497                           ;	Code Protection bit
   498                           ;	CP0 = OFF, Block 0 (000800-001FFFh) is not code-protected
   499                           ;	Code Protection bit
   500                           ;	CP1 = OFF, Block 1 (002000-003FFFh) is not code-protected
   501                           ;	Code Protection bit
   502                           ;	CP2 = OFF, Block 2 (004000-005FFFh) is not code-protected
   503                           ;	Code Protection bit
   504                           ;	CP3 = OFF, Block 3 (006000-007FFFh) is not code-protected
   505  300008                     	org	3145736
   506  300008  0F                 	db	15
   507                           
   508                           ;Config register CONFIG5H @ 0x300009
   509                           ;	Boot Block Code Protection bit
   510                           ;	CPB = OFF, Boot block (000000-0007FFh) is not code-protected
   511                           ;	Data EEPROM Code Protection bit
   512                           ;	CPD = OFF, Data EEPROM is not code-protected
   513  300009                     	org	3145737
   514  300009  C0                 	db	192
   515                           
   516                           ;Config register CONFIG6L @ 0x30000A
   517                           ;	Write Protection bit
   518                           ;	WRT0 = OFF, Block 0 (000800-001FFFh) is not write-protected
   519                           ;	Write Protection bit
   520                           ;	WRT1 = OFF, Block 1 (002000-003FFFh) is not write-protected
   521                           ;	Write Protection bit
   522                           ;	WRT2 = OFF, Block 2 (004000-005FFFh) is not write-protected
   523                           ;	Write Protection bit
   524                           ;	WRT3 = OFF, Block 3 (006000-007FFFh) is not write-protected
   525  30000A                     	org	3145738
   526  30000A  0F                 	db	15
   527                           
   528                           ;Config register CONFIG6H @ 0x30000B
   529                           ;	Configuration Register Write Protection bit
   530                           ;	WRTC = OFF, Configuration registers (300000-3000FFh) are not write-protected
   531                           ;	Boot Block Write Protection bit
   532                           ;	WRTB = OFF, Boot block (000000-0007FFh) is not write-protected
   533                           ;	Data EEPROM Write Protection bit
   534                           ;	WRTD = OFF, Data EEPROM is not write-protected
   535  30000B                     	org	3145739
   536  30000B  E0                 	db	224
   537                           
   538                           ;Config register CONFIG7L @ 0x30000C
   539                           ;	Table Read Protection bit
   540                           ;	EBTR0 = OFF, Block 0 (000800-001FFFh) is not protected from table reads executed in ot
      +                          her blocks
   541                           ;	Table Read Protection bit
   542                           ;	EBTR1 = OFF, Block 1 (002000-003FFFh) is not protected from table reads executed in ot
      +                          her blocks
   543                           ;	Table Read Protection bit
   544                           ;	EBTR2 = OFF, Block 2 (004000-005FFFh) is not protected from table reads executed in ot
      +                          her blocks
   545                           ;	Table Read Protection bit
   546                           ;	EBTR3 = OFF, Block 3 (006000-007FFFh) is not protected from table reads executed in ot
      +                          her blocks
   547  30000C                     	org	3145740
   548  30000C  0F                 	db	15
   549                           
   550                           ;Config register CONFIG7H @ 0x30000D
   551                           ;	Boot Block Table Read Protection bit
   552                           ;	EBTRB = OFF, Boot block (000000-0007FFh) is not protected from table reads executed in
      +                           other blocks
   553  30000D                     	org	3145741
   554  30000D  40                 	db	64
   555                           tosu	equ	0xFFF
   556                           tosh	equ	0xFFE
   557                           tosl	equ	0xFFD
   558                           stkptr	equ	0xFFC
   559                           pclatu	equ	0xFFB
   560                           pclath	equ	0xFFA
   561                           pcl	equ	0xFF9
   562                           tblptru	equ	0xFF8
   563                           tblptrh	equ	0xFF7
   564                           tblptrl	equ	0xFF6
   565                           tablat	equ	0xFF5
   566                           prodh	equ	0xFF4
   567                           prodl	equ	0xFF3
   568                           indf0	equ	0xFEF
   569                           postinc0	equ	0xFEE
   570                           postdec0	equ	0xFED
   571                           preinc0	equ	0xFEC
   572                           plusw0	equ	0xFEB
   573                           fsr0h	equ	0xFEA
   574                           fsr0l	equ	0xFE9
   575                           wreg	equ	0xFE8
   576                           indf1	equ	0xFE7
   577                           postinc1	equ	0xFE6
   578                           postdec1	equ	0xFE5
   579                           preinc1	equ	0xFE4
   580                           plusw1	equ	0xFE3
   581                           fsr1h	equ	0xFE2
   582                           fsr1l	equ	0xFE1
   583                           bsr	equ	0xFE0
   584                           indf2	equ	0xFDF
   585                           postinc2	equ	0xFDE
   586                           postdec2	equ	0xFDD
   587                           preinc2	equ	0xFDC
   588                           plusw2	equ	0xFDB
   589                           fsr2h	equ	0xFDA
   590                           fsr2l	equ	0xFD9
   591                           status	equ	0xFD8

Data Sizes:
    Strings     0
    Constant    0
    Data        10
    BSS         0
    Persistent  0
    Stack       0

Auto Spaces:
    Space          Size  Autos    Used
    COMRAM           95     11      21
    BANK0           160      0       0
    BANK1           256      0       0
    BANK2           256      0       0
    BANK3           256      0       0
    BANK4           256      0       0
    BANK5           256      0       0
    BANK6           256      0       0
    BANK7           256      0       0

Pointer List with Targets:

    None.

Critical Paths under _main in COMRAM

    None.

Critical Paths under _main in BANK0

    None.

Critical Paths under _main in BANK1

    None.

Critical Paths under _main in BANK2

    None.

Critical Paths under _main in BANK3

    None.

Critical Paths under _main in BANK4

    None.

Critical Paths under _main in BANK5

    None.

Critical Paths under _main in BANK6

    None.

Critical Paths under _main in BANK7

    None.

Call Graph Tables:

 ---------------------------------------------------------------------------------
 (Depth) Function   	        Calls       Base Space   Used Autos Params    Refs
 ---------------------------------------------------------------------------------
 (0) _main                                                11    11      0     120
                                              0 COMRAM    11    11      0
 ---------------------------------------------------------------------------------
 Estimated maximum stack depth 0
 ---------------------------------------------------------------------------------

 Call Graph Graphs:

 _main (ROOT)

 Address spaces:
Name               Size   Autos  Total    Cost      Usage
BIGRAM             7FF      0       0      21        0.0%
EEDATA             100      0       0       0        0.0%
BITBANK7           100      0       0      18        0.0%
BANK7              100      0       0      19        0.0%
BITBANK6           100      0       0      16        0.0%
BANK6              100      0       0      17        0.0%
BITBANK5           100      0       0      14        0.0%
BANK5              100      0       0      15        0.0%
BITBANK4           100      0       0      12        0.0%
BANK4              100      0       0      13        0.0%
BITBANK3           100      0       0      10        0.0%
BANK3              100      0       0      11        0.0%
BITBANK2           100      0       0       8        0.0%
BANK2              100      0       0       9        0.0%
BITBANK1           100      0       0       6        0.0%
BANK1              100      0       0       7        0.0%
BITBANK0            A0      0       0       4        0.0%
BANK0               A0      0       0       5        0.0%
BITCOMRAM           5F      0       0       0        0.0%
COMRAM              5F      B      15       1       22.1%
BITSFR               0      0       0     200        0.0%
SFR                  0      0       0     200        0.0%
STACK                0      0       0       2        0.0%
NULL                 0      0       0       0        0.0%
ABS                  0      0      15      20        0.0%
DATA                 0      0      15       3        0.0%
CODE                 0      0       0       0        0.0%


Microchip Technology PIC18 Macro Assembler V2.32 build 20210201212658 
Symbol Table                                                                                   Tue Jul 06 11:59:54 2021

                     u11 7E70                       u20 7E86                       u21 7E82  
                     u30 7EB6                       u31 7EB2                       u40 7EE6  
                     u41 7EE2                       u50 7F16                       u51 7F12  
                     u60 7F46                       u61 7F42                       u70 7F76  
                     u71 7F72                       u80 7FA6                       u81 7FA2  
                     u90 7FD6                       u91 7FD2                      l800 7FA6  
                    l720 7E54                      l810 7FC8                      l802 7FAE  
                    l730 7E8E                      l722 7E58                      l820 7FF6  
                    l812 7FD6                      l804 7FC0                      l740 7EB6  
                    l732 7EA0                      l724 7E66                      l814 7FDE  
                    l806 7FC4                      l750 7ED8                      l742 7EBE  
                    l734 7EA4                      l726 7E78                      l816 7FF0  
                    l808 7FC6                      l760 7F06                      l752 7EE6  
                    l744 7ED0                      l736 7EA6                      l728 7E86  
                    l818 7FF4                      l770 7F34                      l762 7F08  
                    l754 7EEE                      l746 7ED4                      l738 7EA8  
                    l780 7F60                      l772 7F36                      l764 7F16  
                    l756 7F00                      l748 7ED6                      l790 7F7E  
                    l782 7F64                      l774 7F38                      l766 7F1E  
                    l758 7F04                      l792 7F90                      l784 7F66  
                    l776 7F46                      l768 7F30                      l794 7F94  
                    l786 7F68                      l778 7F4E                      l796 7F96  
                    l788 7F76                      l798 7F98                      u107 7E94  
                    u117 7EC4                      u127 7EF4                      u137 7F24  
                    u147 7F54                      u157 7F84                      u167 7FB4  
                    u177 7FE4                      wreg 000FE8                     _main 7E54  
                   fsr1l 000FE1                     start 0000             ___param_bank 000000  
                  ?_main 0001                    _PORTD 000F83                    _TRISA 000F92  
                  _TRISB 000F93                    _TRISC 000F94                    _TRISD 000F95  
                  _TRISE 000F96                    tablat 000FF5                    plusw1 000FE3  
                  plusw2 000FDB          __initialization 7E2E             __end_of_main 8000  
                 ??_main 0001            __activetblptr 000000                   isa$std 000001  
           __pdataCOMRAM 000C                   tblptrh 000FF7                   tblptrl 000FF6  
                 tblptru 000FF8               __accesstop 0060  __end_of__initialization 7E4E  
          ___rparam_used 000001           __pcstackCOMRAM 0001                  __Hparam 0000  
                __Lparam 0000                  __pcinit 7E2E                  __ramtop 0800  
                __ptext0 7E54     end_of_initialization 7E4E                  postdec1 000FE5  
                postinc0 000FEE                _PORTBbits 000F81                _PORTCbits 000F82  
          __pidataCOMRAM 7E24      start_initialization 7E2E          main@cod_display 0002  
              main@F3161 000C                copy_data0 7E42                 __Hrparam 0000  
               __Lrparam 0000            __size_of_main 01AC                 isa$xinst 000000  
