

Microchip MPLAB XC8 Assembler V2.32 build 20210201212658 
                                                                                               Mon Jul 05 19:59:18 2021

Microchip MPLAB XC8 C Compiler v2.32 (Free license) build 20210201212658 Og1 
     1                           	processor	18F4550
     2                           	fnconf	rparam,??,?,0
     3                           	pagewidth 120
     4                           	opt	flic
     5                           	psect	cinit,global,reloc=2,class=CODE,delta=1
     6                           	psect	cstackCOMRAM,global,class=COMRAM,space=1,delta=1,lowdata,noexec
     7                           	psect	text0,global,reloc=2,class=CODE,delta=1
     8                           	psect	intsave_regs,global,class=BIGRAM,space=1,delta=1,noexec
     9                           	psect	rparam,global,class=COMRAM,space=1,delta=1,noexec
    10                           	psect	idloc,global,abs,ovrld,class=IDLOC,space=5,delta=1,noexec
    11                           	psect	config,global,abs,ovrld,class=CONFIG,space=4,delta=1,noexec
    12  0000                     
    13                           ; Version 2.20
    14                           ; Generated 12/02/2020 GMT
    15                           ; 
    16                           ; Copyright © 2020, Microchip Technology Inc. and its subsidiaries ("Microchip")
    17                           ; All rights reserved.
    18                           ; 
    19                           ; This software is developed by Microchip Technology Inc. and its subsidiaries ("Microch
      +                          ip").
    20                           ; 
    21                           ; Redistribution and use in source and binary forms, with or without modification, are
    22                           ; permitted provided that the following conditions are met:
    23                           ; 
    24                           ;     1. Redistributions of source code must retain the above copyright notice, this lis
      +                          t of
    25                           ;        conditions and the following disclaimer.
    26                           ; 
    27                           ;     2. Redistributions in binary form must reproduce the above copyright notice, this 
      +                          list
    28                           ;        of conditions and the following disclaimer in the documentation and/or other
    29                           ;        materials provided with the distribution.
    30                           ; 
    31                           ;     3. Microchip's name may not be used to endorse or promote products derived from th
      +                          is
    32                           ;        software without specific prior written permission.
    33                           ; 
    34                           ; THIS SOFTWARE IS PROVIDED BY MICROCHIP "AS IS" AND ANY EXPRESS OR IMPLIED WARRANTIES,
    35                           ; INCLUDING, BUT NOT LIMITED TO, THE IMPLIED WARRANTIES OF MERCHANTABILITY AND FITNESS F
      +                          OR
    36                           ; PURPOSE ARE DISCLAIMED.  IN NO EVENT SHALL MICROCHIP BE LIABLE FOR ANY DIRECT, INDIREC
      +                          T,
    37                           ; INCIDENTAL, SPECIAL, EXEMPLARY, OR CONSEQUENTIAL DAMAGES (INCLUDING BUT NOT LIMITED TO
    38                           ; PROCUREMENT OF SUBSTITUTE GOODS OR SERVICES; LOSS OF USE, DATA OR PROFITS; OR BUSINESS
    39                           ; INTERRUPTION) HOWSOEVER CAUSED AND ON ANY THEORY OF LIABILITY, WHETHER IN CONTRACT, ST
      +                          RICT
    40                           ; LIABILITY, OR TORT (INCLUDING NEGLIGENCE OR OTHERWISE) ARISING IN ANY WAY OUT OF THE U
      +                          SE OF
    41                           ; THIS SOFTWARE, EVEN IF ADVISED OF THE POSSIBILITY OF SUCH DAMAGE.
    42                           ; 
    43                           ; 
    44                           ; Code-generator required, PIC18F4550 Definitions
    45                           ; 
    46                           ; SFR Addresses
    47  0000                     _PORTD	set	3971
    48  0000                     _PORTBbits	set	3969
    49  0000                     _TRISE	set	3990
    50  0000                     _TRISD	set	3989
    51  0000                     _TRISC	set	3988
    52  0000                     _TRISB	set	3987
    53  0000                     _TRISA	set	3986
    54                           
    55                           ; #config settings
    56                           
    57                           	psect	cinit
    58  007EE8                     __pcinit:
    59                           	callstack 0
    60  007EE8                     start_initialization:
    61                           	callstack 0
    62  007EE8                     __initialization:
    63                           	callstack 0
    64  007EE8                     end_of_initialization:
    65                           	callstack 0
    66  007EE8                     __end_of__initialization:
    67                           	callstack 0
    68  007EE8  0100               	movlb	0
    69  007EEA  EF77  F03F         	goto	_main	;jump to C main() function
    70                           
    71                           	psect	cstackCOMRAM
    72  000001                     __pcstackCOMRAM:
    73                           	callstack 0
    74  000001                     ??_main:
    75                           
    76                           ; 1 bytes @ 0x0
    77  000001                     	ds	2
    78                           
    79 ;;
    80 ;;Main: autosize = 0, tempsize = 2, incstack = 0, save=0
    81 ;;
    82 ;; *************** function _main *****************
    83 ;; Defined at:
    84 ;;		line 21 in file "11-2-funcoes-de-atraso.c"
    85 ;; Parameters:    Size  Location     Type
    86 ;;		None
    87 ;; Auto vars:     Size  Location     Type
    88 ;;		None
    89 ;; Return value:  Size  Location     Type
    90 ;;                  1    wreg      void 
    91 ;; Registers used:
    92 ;;		wreg, status,2, status,0
    93 ;; Tracked objects:
    94 ;;		On entry : 0/0
    95 ;;		On exit  : 0/0
    96 ;;		Unchanged: 0/0
    97 ;; Data sizes:     COMRAM   BANK0   BANK1   BANK2   BANK3   BANK4   BANK5   BANK6   BANK7
    98 ;;      Params:         0       0       0       0       0       0       0       0       0
    99 ;;      Locals:         0       0       0       0       0       0       0       0       0
   100 ;;      Temps:          2       0       0       0       0       0       0       0       0
   101 ;;      Totals:         2       0       0       0       0       0       0       0       0
   102 ;;Total ram usage:        2 bytes
   103 ;; This function calls:
   104 ;;		Nothing
   105 ;; This function is called by:
   106 ;;		Startup code after reset
   107 ;; This function uses a non-reentrant model
   108 ;;
   109                           
   110                           	psect	text0
   111  007EEE                     __ptext0:
   112                           	callstack 0
   113  007EEE                     _main:
   114                           	callstack 31
   115  007EEE  0E00               	movlw	0
   116  007EF0  6E92               	movwf	146,c	;volatile
   117  007EF2  0E02               	movlw	2
   118  007EF4  6E93               	movwf	147,c	;volatile
   119  007EF6  0E00               	movlw	0
   120  007EF8  6E94               	movwf	148,c	;volatile
   121  007EFA  0E00               	movlw	0
   122  007EFC  6E95               	movwf	149,c	;volatile
   123  007EFE  0E00               	movlw	0
   124  007F00  6E96               	movwf	150,c	;volatile
   125  007F02                     l704:
   126  007F02  A281               	btfss	129,1,c	;volatile
   127  007F04  EF86  F03F         	goto	u11
   128  007F08  EF88  F03F         	goto	u10
   129  007F0C                     u11:
   130  007F0C  EFFA  F03F         	goto	l738
   131  007F10                     u10:
   132  007F10  0E01               	movlw	1
   133  007F12  6E83               	movwf	131,c	;volatile
   134  007F14  0E15               	movlw	21
   135  007F16  6E02               	movwf	(??_main+1)^0,c
   136  007F18  0E4B               	movlw	75
   137  007F1A  6E01               	movwf	??_main^0,c
   138  007F1C  0EBE               	movlw	190
   139  007F1E                     u27:
   140  007F1E  2EE8               	decfsz	wreg,f,c
   141  007F20  D7FE               	bra	u27
   142  007F22  2E01               	decfsz	??_main^0,f,c
   143  007F24  D7FC               	bra	u27
   144  007F26  2E02               	decfsz	(??_main+1)^0,f,c
   145  007F28  D7FA               	bra	u27
   146  007F2A  D000               	nop2	
   147  007F2C  90D8               	bcf	status,0,c
   148  007F2E  3683               	rlcf	131,f,c
   149  007F30  0E15               	movlw	21
   150  007F32  6E02               	movwf	(??_main+1)^0,c
   151  007F34  0E4B               	movlw	75
   152  007F36  6E01               	movwf	??_main^0,c
   153  007F38  0EBE               	movlw	190
   154  007F3A                     u37:
   155  007F3A  2EE8               	decfsz	wreg,f,c
   156  007F3C  D7FE               	bra	u37
   157  007F3E  2E01               	decfsz	??_main^0,f,c
   158  007F40  D7FC               	bra	u37
   159  007F42  2E02               	decfsz	(??_main+1)^0,f,c
   160  007F44  D7FA               	bra	u37
   161  007F46  D000               	nop2	
   162  007F48  90D8               	bcf	status,0,c
   163  007F4A  3683               	rlcf	131,f,c
   164  007F4C  0E15               	movlw	21
   165  007F4E  6E02               	movwf	(??_main+1)^0,c
   166  007F50  0E4B               	movlw	75
   167  007F52  6E01               	movwf	??_main^0,c
   168  007F54  0EBE               	movlw	190
   169  007F56                     u47:
   170  007F56  2EE8               	decfsz	wreg,f,c
   171  007F58  D7FE               	bra	u47
   172  007F5A  2E01               	decfsz	??_main^0,f,c
   173  007F5C  D7FC               	bra	u47
   174  007F5E  2E02               	decfsz	(??_main+1)^0,f,c
   175  007F60  D7FA               	bra	u47
   176  007F62  D000               	nop2	
   177  007F64  90D8               	bcf	status,0,c
   178  007F66  3683               	rlcf	131,f,c
   179  007F68  0E15               	movlw	21
   180  007F6A  6E02               	movwf	(??_main+1)^0,c
   181  007F6C  0E4B               	movlw	75
   182  007F6E  6E01               	movwf	??_main^0,c
   183  007F70  0EBE               	movlw	190
   184  007F72                     u57:
   185  007F72  2EE8               	decfsz	wreg,f,c
   186  007F74  D7FE               	bra	u57
   187  007F76  2E01               	decfsz	??_main^0,f,c
   188  007F78  D7FC               	bra	u57
   189  007F7A  2E02               	decfsz	(??_main+1)^0,f,c
   190  007F7C  D7FA               	bra	u57
   191  007F7E  D000               	nop2	
   192  007F80  90D8               	bcf	status,0,c
   193  007F82  3683               	rlcf	131,f,c
   194  007F84  0E15               	movlw	21
   195  007F86  6E02               	movwf	(??_main+1)^0,c
   196  007F88  0E4B               	movlw	75
   197  007F8A  6E01               	movwf	??_main^0,c
   198  007F8C  0EBE               	movlw	190
   199  007F8E                     u67:
   200  007F8E  2EE8               	decfsz	wreg,f,c
   201  007F90  D7FE               	bra	u67
   202  007F92  2E01               	decfsz	??_main^0,f,c
   203  007F94  D7FC               	bra	u67
   204  007F96  2E02               	decfsz	(??_main+1)^0,f,c
   205  007F98  D7FA               	bra	u67
   206  007F9A  D000               	nop2	
   207  007F9C  90D8               	bcf	status,0,c
   208  007F9E  3683               	rlcf	131,f,c
   209  007FA0  0E15               	movlw	21
   210  007FA2  6E02               	movwf	(??_main+1)^0,c
   211  007FA4  0E4B               	movlw	75
   212  007FA6  6E01               	movwf	??_main^0,c
   213  007FA8  0EBE               	movlw	190
   214  007FAA                     u77:
   215  007FAA  2EE8               	decfsz	wreg,f,c
   216  007FAC  D7FE               	bra	u77
   217  007FAE  2E01               	decfsz	??_main^0,f,c
   218  007FB0  D7FC               	bra	u77
   219  007FB2  2E02               	decfsz	(??_main+1)^0,f,c
   220  007FB4  D7FA               	bra	u77
   221  007FB6  D000               	nop2	
   222  007FB8  90D8               	bcf	status,0,c
   223  007FBA  3683               	rlcf	131,f,c
   224  007FBC  0E15               	movlw	21
   225  007FBE  6E02               	movwf	(??_main+1)^0,c
   226  007FC0  0E4B               	movlw	75
   227  007FC2  6E01               	movwf	??_main^0,c
   228  007FC4  0EBE               	movlw	190
   229  007FC6                     u87:
   230  007FC6  2EE8               	decfsz	wreg,f,c
   231  007FC8  D7FE               	bra	u87
   232  007FCA  2E01               	decfsz	??_main^0,f,c
   233  007FCC  D7FC               	bra	u87
   234  007FCE  2E02               	decfsz	(??_main+1)^0,f,c
   235  007FD0  D7FA               	bra	u87
   236  007FD2  D000               	nop2	
   237  007FD4  90D8               	bcf	status,0,c
   238  007FD6  3683               	rlcf	131,f,c
   239  007FD8  0E15               	movlw	21
   240  007FDA  6E02               	movwf	(??_main+1)^0,c
   241  007FDC  0E4B               	movlw	75
   242  007FDE  6E01               	movwf	??_main^0,c
   243  007FE0  0EBE               	movlw	190
   244  007FE2                     u97:
   245  007FE2  2EE8               	decfsz	wreg,f,c
   246  007FE4  D7FE               	bra	u97
   247  007FE6  2E01               	decfsz	??_main^0,f,c
   248  007FE8  D7FC               	bra	u97
   249  007FEA  2E02               	decfsz	(??_main+1)^0,f,c
   250  007FEC  D7FA               	bra	u97
   251  007FEE  D000               	nop2	
   252  007FF0  EF81  F03F         	goto	l704
   253  007FF4                     l738:
   254  007FF4  0E00               	movlw	0
   255  007FF6  6E83               	movwf	131,c	;volatile
   256  007FF8  EF81  F03F         	goto	l704
   257  007FFC  EF00  F000         	goto	start
   258  008000                     __end_of_main:
   259                           	callstack 0
   260  0000                     
   261                           	psect	rparam
   262  0000                     
   263                           	psect	idloc
   264                           
   265                           ;Config register IDLOC0 @ 0x200000
   266                           ;	unspecified, using default values
   267  200000                     	org	2097152
   268  200000  FF                 	db	255
   269                           
   270                           ;Config register IDLOC1 @ 0x200001
   271                           ;	unspecified, using default values
   272  200001                     	org	2097153
   273  200001  FF                 	db	255
   274                           
   275                           ;Config register IDLOC2 @ 0x200002
   276                           ;	unspecified, using default values
   277  200002                     	org	2097154
   278  200002  FF                 	db	255
   279                           
   280                           ;Config register IDLOC3 @ 0x200003
   281                           ;	unspecified, using default values
   282  200003                     	org	2097155
   283  200003  FF                 	db	255
   284                           
   285                           ;Config register IDLOC4 @ 0x200004
   286                           ;	unspecified, using default values
   287  200004                     	org	2097156
   288  200004  FF                 	db	255
   289                           
   290                           ;Config register IDLOC5 @ 0x200005
   291                           ;	unspecified, using default values
   292  200005                     	org	2097157
   293  200005  FF                 	db	255
   294                           
   295                           ;Config register IDLOC6 @ 0x200006
   296                           ;	unspecified, using default values
   297  200006                     	org	2097158
   298  200006  FF                 	db	255
   299                           
   300                           ;Config register IDLOC7 @ 0x200007
   301                           ;	unspecified, using default values
   302  200007                     	org	2097159
   303  200007  FF                 	db	255
   304                           
   305                           	psect	config
   306                           
   307                           ;Config register CONFIG1L @ 0x300000
   308                           ;	PLL Prescaler Selection bits
   309                           ;	PLLDIV = 1, No prescale (4 MHz oscillator input drives PLL directly)
   310                           ;	System Clock Postscaler Selection bits
   311                           ;	CPUDIV = OSC1_PLL2, [Primary Oscillator Src: /1][96 MHz PLL Src: /2]
   312                           ;	USB Clock Selection bit (used in Full-Speed USB mode only; UCFG:FSEN = 1)
   313                           ;	USBDIV = 1, USB clock source comes directly from the primary oscillator block with no 
      +                          postscale
   314  300000                     	org	3145728
   315  300000  00                 	db	0
   316                           
   317                           ;Config register CONFIG1H @ 0x300001
   318                           ;	Oscillator Selection bits
   319                           ;	FOSC = HS, HS oscillator (HS)
   320                           ;	Fail-Safe Clock Monitor Enable bit
   321                           ;	FCMEN = OFF, Fail-Safe Clock Monitor disabled
   322                           ;	Internal/External Oscillator Switchover bit
   323                           ;	IESO = OFF, Oscillator Switchover mode disabled
   324  300001                     	org	3145729
   325  300001  0C                 	db	12
   326                           
   327                           ;Config register CONFIG2L @ 0x300002
   328                           ;	Power-up Timer Enable bit
   329                           ;	PWRT = ON, PWRT enabled
   330                           ;	Brown-out Reset Enable bits
   331                           ;	BOR = ON, Brown-out Reset enabled in hardware only (SBOREN is disabled)
   332                           ;	Brown-out Reset Voltage bits
   333                           ;	BORV = 1, Setting 2 4.33V
   334                           ;	USB Voltage Regulator Enable bit
   335                           ;	VREGEN = OFF, USB voltage regulator disabled
   336  300002                     	org	3145730
   337  300002  0E                 	db	14
   338                           
   339                           ;Config register CONFIG2H @ 0x300003
   340                           ;	Watchdog Timer Enable bit
   341                           ;	WDT = OFF, WDT disabled (control is placed on the SWDTEN bit)
   342                           ;	Watchdog Timer Postscale Select bits
   343                           ;	WDTPS = 1, 1:1
   344  300003                     	org	3145731
   345  300003  00                 	db	0
   346                           
   347                           ; Padding undefined space
   348  300004                     	org	3145732
   349  300004  FF                 	db	255
   350                           
   351                           ;Config register CONFIG3H @ 0x300005
   352                           ;	CCP2 MUX bit
   353                           ;	CCP2MX = ON, CCP2 input/output is multiplexed with RC1
   354                           ;	PORTB A/D Enable bit
   355                           ;	PBADEN = OFF, PORTB<4:0> pins are configured as digital I/O on Reset
   356                           ;	Low-Power Timer 1 Oscillator Enable bit
   357                           ;	LPT1OSC = OFF, Timer1 configured for higher power operation
   358                           ;	MCLR Pin Enable bit
   359                           ;	MCLRE = ON, MCLR pin enabled; RE3 input pin disabled
   360  300005                     	org	3145733
   361  300005  81                 	db	129
   362                           
   363                           ;Config register CONFIG4L @ 0x300006
   364                           ;	Stack Full/Underflow Reset Enable bit
   365                           ;	STVREN = ON, Stack full/underflow will cause Reset
   366                           ;	Single-Supply ICSP Enable bit
   367                           ;	LVP = OFF, Single-Supply ICSP disabled
   368                           ;	Dedicated In-Circuit Debug/Programming Port (ICPORT) Enable bit
   369                           ;	ICPRT = OFF, ICPORT disabled
   370                           ;	Extended Instruction Set Enable bit
   371                           ;	XINST = OFF, Instruction set extension and Indexed Addressing mode disabled (Legacy mo
      +                          de)
   372                           ;	Background Debugger Enable bit
   373                           ;	DEBUG = 0x1, unprogrammed default
   374  300006                     	org	3145734
   375  300006  81                 	db	129
   376                           
   377                           ; Padding undefined space
   378  300007                     	org	3145735
   379  300007  FF                 	db	255
   380                           
   381                           ;Config register CONFIG5L @ 0x300008
   382                           ;	Code Protection bit
   383                           ;	CP0 = OFF, Block 0 (000800-001FFFh) is not code-protected
   384                           ;	Code Protection bit
   385                           ;	CP1 = OFF, Block 1 (002000-003FFFh) is not code-protected
   386                           ;	Code Protection bit
   387                           ;	CP2 = OFF, Block 2 (004000-005FFFh) is not code-protected
   388                           ;	Code Protection bit
   389                           ;	CP3 = OFF, Block 3 (006000-007FFFh) is not code-protected
   390  300008                     	org	3145736
   391  300008  0F                 	db	15
   392                           
   393                           ;Config register CONFIG5H @ 0x300009
   394                           ;	Boot Block Code Protection bit
   395                           ;	CPB = OFF, Boot block (000000-0007FFh) is not code-protected
   396                           ;	Data EEPROM Code Protection bit
   397                           ;	CPD = OFF, Data EEPROM is not code-protected
   398  300009                     	org	3145737
   399  300009  C0                 	db	192
   400                           
   401                           ;Config register CONFIG6L @ 0x30000A
   402                           ;	Write Protection bit
   403                           ;	WRT0 = OFF, Block 0 (000800-001FFFh) is not write-protected
   404                           ;	Write Protection bit
   405                           ;	WRT1 = OFF, Block 1 (002000-003FFFh) is not write-protected
   406                           ;	Write Protection bit
   407                           ;	WRT2 = OFF, Block 2 (004000-005FFFh) is not write-protected
   408                           ;	Write Protection bit
   409                           ;	WRT3 = OFF, Block 3 (006000-007FFFh) is not write-protected
   410  30000A                     	org	3145738
   411  30000A  0F                 	db	15
   412                           
   413                           ;Config register CONFIG6H @ 0x30000B
   414                           ;	Configuration Register Write Protection bit
   415                           ;	WRTC = OFF, Configuration registers (300000-3000FFh) are not write-protected
   416                           ;	Boot Block Write Protection bit
   417                           ;	WRTB = OFF, Boot block (000000-0007FFh) is not write-protected
   418                           ;	Data EEPROM Write Protection bit
   419                           ;	WRTD = OFF, Data EEPROM is not write-protected
   420  30000B                     	org	3145739
   421  30000B  E0                 	db	224
   422                           
   423                           ;Config register CONFIG7L @ 0x30000C
   424                           ;	Table Read Protection bit
   425                           ;	EBTR0 = OFF, Block 0 (000800-001FFFh) is not protected from table reads executed in ot
      +                          her blocks
   426                           ;	Table Read Protection bit
   427                           ;	EBTR1 = OFF, Block 1 (002000-003FFFh) is not protected from table reads executed in ot
      +                          her blocks
   428                           ;	Table Read Protection bit
   429                           ;	EBTR2 = OFF, Block 2 (004000-005FFFh) is not protected from table reads executed in ot
      +                          her blocks
   430                           ;	Table Read Protection bit
   431                           ;	EBTR3 = OFF, Block 3 (006000-007FFFh) is not protected from table reads executed in ot
      +                          her blocks
   432  30000C                     	org	3145740
   433  30000C  0F                 	db	15
   434                           
   435                           ;Config register CONFIG7H @ 0x30000D
   436                           ;	Boot Block Table Read Protection bit
   437                           ;	EBTRB = OFF, Boot block (000000-0007FFh) is not protected from table reads executed in
      +                           other blocks
   438  30000D                     	org	3145741
   439  30000D  40                 	db	64
   440                           tosu	equ	0xFFF
   441                           tosh	equ	0xFFE
   442                           tosl	equ	0xFFD
   443                           stkptr	equ	0xFFC
   444                           pclatu	equ	0xFFB
   445                           pclath	equ	0xFFA
   446                           pcl	equ	0xFF9
   447                           tblptru	equ	0xFF8
   448                           tblptrh	equ	0xFF7
   449                           tblptrl	equ	0xFF6
   450                           tablat	equ	0xFF5
   451                           prodh	equ	0xFF4
   452                           prodl	equ	0xFF3
   453                           indf0	equ	0xFEF
   454                           postinc0	equ	0xFEE
   455                           postdec0	equ	0xFED
   456                           preinc0	equ	0xFEC
   457                           plusw0	equ	0xFEB
   458                           fsr0h	equ	0xFEA
   459                           fsr0l	equ	0xFE9
   460                           wreg	equ	0xFE8
   461                           indf1	equ	0xFE7
   462                           postinc1	equ	0xFE6
   463                           postdec1	equ	0xFE5
   464                           preinc1	equ	0xFE4
   465                           plusw1	equ	0xFE3
   466                           fsr1h	equ	0xFE2
   467                           fsr1l	equ	0xFE1
   468                           bsr	equ	0xFE0
   469                           indf2	equ	0xFDF
   470                           postinc2	equ	0xFDE
   471                           postdec2	equ	0xFDD
   472                           preinc2	equ	0xFDC
   473                           plusw2	equ	0xFDB
   474                           fsr2h	equ	0xFDA
   475                           fsr2l	equ	0xFD9
   476                           status	equ	0xFD8

Data Sizes:
    Strings     0
    Constant    0
    Data        0
    BSS         0
    Persistent  0
    Stack       0

Auto Spaces:
    Space          Size  Autos    Used
    COMRAM           95      2       2
    BANK0           160      0       0
    BANK1           256      0       0
    BANK2           256      0       0
    BANK3           256      0       0
    BANK4           256      0       0
    BANK5           256      0       0
    BANK6           256      0       0
    BANK7           256      0       0

Pointer List with Targets:

    None.

Critical Paths under _main in COMRAM

    None.

Critical Paths under _main in BANK0

    None.

Critical Paths under _main in BANK1

    None.

Critical Paths under _main in BANK2

    None.

Critical Paths under _main in BANK3

    None.

Critical Paths under _main in BANK4

    None.

Critical Paths under _main in BANK5

    None.

Critical Paths under _main in BANK6

    None.

Critical Paths under _main in BANK7

    None.

Call Graph Tables:

 ---------------------------------------------------------------------------------
 (Depth) Function   	        Calls       Base Space   Used Autos Params    Refs
 ---------------------------------------------------------------------------------
 (0) _main                                                 2     2      0       0
                                              0 COMRAM     2     2      0
 ---------------------------------------------------------------------------------
 Estimated maximum stack depth 0
 ---------------------------------------------------------------------------------

 Call Graph Graphs:

 _main (ROOT)

 Address spaces:
Name               Size   Autos  Total    Cost      Usage
BITCOMRAM           5F      0       0       0        0.0%
EEDATA             100      0       0       0        0.0%
NULL                 0      0       0       0        0.0%
CODE                 0      0       0       0        0.0%
COMRAM              5F      2       2       1        2.1%
STACK                0      0       0       2        0.0%
DATA                 0      0       0       3        0.0%
BITBANK0            A0      0       0       4        0.0%
BANK0               A0      0       0       5        0.0%
BITBANK1           100      0       0       6        0.0%
BANK1              100      0       0       7        0.0%
BITBANK2           100      0       0       8        0.0%
BANK2              100      0       0       9        0.0%
BITBANK3           100      0       0      10        0.0%
BANK3              100      0       0      11        0.0%
BITBANK4           100      0       0      12        0.0%
BANK4              100      0       0      13        0.0%
BITBANK5           100      0       0      14        0.0%
BANK5              100      0       0      15        0.0%
BITBANK6           100      0       0      16        0.0%
BANK6              100      0       0      17        0.0%
BITBANK7           100      0       0      18        0.0%
BANK7              100      0       0      19        0.0%
ABS                  0      0       0      20        0.0%
BIGRAM             7FF      0       0      21        0.0%
BITSFR               0      0       0     200        0.0%
SFR                  0      0       0     200        0.0%


Microchip Technology PIC18 Macro Assembler V2.32 build 20210201212658 
Symbol Table                                                                                   Mon Jul 05 19:59:18 2021

                     u10 7F10                       u11 7F0C                       u27 7F1E  
                     u37 7F3A                       u47 7F56                       u57 7F72  
                     u67 7F8E                       u77 7FAA                       u87 7FC6  
                     u97 7FE2                      l710 7F2C                      l702 7EEE  
                    l720 7F68                      l712 7F30                      l704 7F02  
                    l730 7FB8                      l722 7F80                      l714 7F48  
                    l706 7F10                      l732 7FBC                      l724 7F84  
                    l716 7F4C                      l708 7F14                      l734 7FD4  
                    l726 7F9C                      l718 7F64                      l736 7FD8  
                    l728 7FA0                      l738 7FF4                      wreg 000FE8  
                   _main 7EEE                     start 0000             ___param_bank 000000  
                  ?_main 0001                    _PORTD 000F83                    _TRISA 000F92  
                  _TRISB 000F93                    _TRISC 000F94                    _TRISD 000F95  
                  _TRISE 000F96                    status 000FD8          __initialization 7EE8  
           __end_of_main 8000                   ??_main 0001            __activetblptr 000000  
                 isa$std 000001               __accesstop 0060  __end_of__initialization 7EE8  
          ___rparam_used 000001           __pcstackCOMRAM 0001                  __Hparam 0000  
                __Lparam 0000                  __pcinit 7EE8                  __ramtop 0800  
                __ptext0 7EEE     end_of_initialization 7EE8                _PORTBbits 000F81  
    start_initialization 7EE8                 __Hrparam 0000                 __Lrparam 0000  
          __size_of_main 0112                 isa$xinst 000000  
