

Microchip MPLAB XC8 Assembler V2.32 build 20210201212658 
                                                                                               Sat Aug 07 16:41:40 2021

Microchip MPLAB XC8 C Compiler v2.32 (Free license) build 20210201212658 Og1 
     1                           	processor	18F4550
     2                           	fnconf	rparam,??,?,0
     3                           	pagewidth 120
     4                           	opt	flic
     5                           	psect	cinit,global,reloc=2,class=CODE,delta=1
     6                           	psect	cstackCOMRAM,global,class=COMRAM,space=1,delta=1,lowdata,noexec
     7                           	psect	text0,global,reloc=2,class=CODE,delta=1
     8                           	psect	text1,global,reloc=2,class=CODE,delta=1
     9                           	psect	text2,global,reloc=2,class=CODE,delta=1
    10                           	psect	intsave_regs,global,class=BIGRAM,space=1,delta=1,noexec
    11                           	psect	rparam,global,class=COMRAM,space=1,delta=1,noexec
    12                           	psect	idloc,global,abs,ovrld,class=IDLOC,space=5,delta=1,noexec
    13                           	psect	config,global,abs,ovrld,class=CONFIG,space=4,delta=1,noexec
    14  0000                     
    15                           ; Version 2.20
    16                           ; Generated 12/02/2020 GMT
    17                           ; 
    18                           ; Copyright © 2020, Microchip Technology Inc. and its subsidiaries ("Microchip")
    19                           ; All rights reserved.
    20                           ; 
    21                           ; This software is developed by Microchip Technology Inc. and its subsidiaries ("Microch
      +                          ip").
    22                           ; 
    23                           ; Redistribution and use in source and binary forms, with or without modification, are
    24                           ; permitted provided that the following conditions are met:
    25                           ; 
    26                           ;     1. Redistributions of source code must retain the above copyright notice, this lis
      +                          t of
    27                           ;        conditions and the following disclaimer.
    28                           ; 
    29                           ;     2. Redistributions in binary form must reproduce the above copyright notice, this 
      +                          list
    30                           ;        of conditions and the following disclaimer in the documentation and/or other
    31                           ;        materials provided with the distribution.
    32                           ; 
    33                           ;     3. Microchip's name may not be used to endorse or promote products derived from th
      +                          is
    34                           ;        software without specific prior written permission.
    35                           ; 
    36                           ; THIS SOFTWARE IS PROVIDED BY MICROCHIP "AS IS" AND ANY EXPRESS OR IMPLIED WARRANTIES,
    37                           ; INCLUDING, BUT NOT LIMITED TO, THE IMPLIED WARRANTIES OF MERCHANTABILITY AND FITNESS F
      +                          OR
    38                           ; PURPOSE ARE DISCLAIMED.  IN NO EVENT SHALL MICROCHIP BE LIABLE FOR ANY DIRECT, INDIREC
      +                          T,
    39                           ; INCIDENTAL, SPECIAL, EXEMPLARY, OR CONSEQUENTIAL DAMAGES (INCLUDING BUT NOT LIMITED TO
    40                           ; PROCUREMENT OF SUBSTITUTE GOODS OR SERVICES; LOSS OF USE, DATA OR PROFITS; OR BUSINESS
    41                           ; INTERRUPTION) HOWSOEVER CAUSED AND ON ANY THEORY OF LIABILITY, WHETHER IN CONTRACT, ST
      +                          RICT
    42                           ; LIABILITY, OR TORT (INCLUDING NEGLIGENCE OR OTHERWISE) ARISING IN ANY WAY OUT OF THE U
      +                          SE OF
    43                           ; THIS SOFTWARE, EVEN IF ADVISED OF THE POSSIBILITY OF SUCH DAMAGE.
    44                           ; 
    45                           ; 
    46                           ; Code-generator required, PIC18F4550 Definitions
    47                           ; 
    48                           ; SFR Addresses
    49  0000                     _ADRESL	set	4035
    50  0000                     _ADRESH	set	4036
    51  0000                     _ADCON0bits	set	4034
    52  0000                     _ADCON2	set	4032
    53  0000                     _ADCON1	set	4033
    54  0000                     _ADCON0	set	4034
    55  0000                     _LATCbits	set	3979
    56  0000                     _TRISE	set	3990
    57  0000                     _TRISD	set	3989
    58  0000                     _TRISC	set	3988
    59  0000                     _TRISB	set	3987
    60  0000                     _TRISA	set	3986
    61                           
    62                           ; #config settings
    63                           
    64                           	psect	cinit
    65  007F6E                     __pcinit:
    66                           	callstack 0
    67  007F6E                     start_initialization:
    68                           	callstack 0
    69  007F6E                     __initialization:
    70                           	callstack 0
    71  007F6E                     end_of_initialization:
    72                           	callstack 0
    73  007F6E                     __end_of__initialization:
    74                           	callstack 0
    75  007F6E  0100               	movlb	0
    76  007F70  EFDB  F03F         	goto	_main	;jump to C main() function
    77                           
    78                           	psect	cstackCOMRAM
    79  000001                     __pcstackCOMRAM:
    80                           	callstack 0
    81  000001                     ?_ADC_resultado:
    82                           	callstack 0
    83                           
    84                           ; 2 bytes @ 0x0
    85  000001                     	ds	2
    86  000003                     ??_ADC_resultado:
    87                           
    88                           ; 1 bytes @ 0x2
    89  000003                     	ds	2
    90  000005                     main@resultado_conv:
    91                           	callstack 0
    92                           
    93                           ; 2 bytes @ 0x4
    94  000005                     	ds	2
    95                           
    96 ;;
    97 ;;Main: autosize = 0, tempsize = 0, incstack = 0, save=0
    98 ;;
    99 ;; *************** function _main *****************
   100 ;; Defined at:
   101 ;;		line 22 in file "16-2-canal-ad.c"
   102 ;; Parameters:    Size  Location     Type
   103 ;;		None
   104 ;; Auto vars:     Size  Location     Type
   105 ;;  resultado_co    2    4[COMRAM] unsigned int 
   106 ;; Return value:  Size  Location     Type
   107 ;;                  1    wreg      void 
   108 ;; Registers used:
   109 ;;		wreg, status,2, status,0, cstack
   110 ;; Tracked objects:
   111 ;;		On entry : 0/0
   112 ;;		On exit  : 0/0
   113 ;;		Unchanged: 0/0
   114 ;; Data sizes:     COMRAM   BANK0   BANK1   BANK2   BANK3   BANK4   BANK5   BANK6   BANK7
   115 ;;      Params:         0       0       0       0       0       0       0       0       0
   116 ;;      Locals:         2       0       0       0       0       0       0       0       0
   117 ;;      Temps:          0       0       0       0       0       0       0       0       0
   118 ;;      Totals:         2       0       0       0       0       0       0       0       0
   119 ;;Total ram usage:        2 bytes
   120 ;; Hardware stack levels required when called: 1
   121 ;; This function calls:
   122 ;;		_ADC_inicializa
   123 ;;		_ADC_resultado
   124 ;; This function is called by:
   125 ;;		Startup code after reset
   126 ;; This function uses a non-reentrant model
   127 ;;
   128                           
   129                           	psect	text0
   130  007FB6                     __ptext0:
   131                           	callstack 0
   132  007FB6                     _main:
   133                           	callstack 30
   134  007FB6  6892               	setf	146,c	;volatile
   135  007FB8  0E00               	movlw	0
   136  007FBA  6E93               	movwf	147,c	;volatile
   137  007FBC  0E00               	movlw	0
   138  007FBE  6E94               	movwf	148,c	;volatile
   139  007FC0  0E00               	movlw	0
   140  007FC2  6E95               	movwf	149,c	;volatile
   141  007FC4  0E00               	movlw	0
   142  007FC6  6E96               	movwf	150,c	;volatile
   143  007FC8  908B               	bcf	139,0,c	;volatile
   144  007FCA  ECBA  F03F         	call	_ADC_inicializa	;wreg free
   145  007FCE                     l763:
   146  007FCE  ECC1  F03F         	call	_ADC_resultado	;wreg free
   147  007FD2  C001  F005         	movff	?_ADC_resultado,main@resultado_conv
   148  007FD6  C002  F006         	movff	?_ADC_resultado+1,main@resultado_conv+1
   149  007FDA  0E9A               	movlw	154
   150  007FDC  5C05               	subwf	main@resultado_conv^0,w,c
   151  007FDE  0E01               	movlw	1
   152  007FE0  5806               	subwfb	(main@resultado_conv+1)^0,w,c
   153  007FE2  A0D8               	btfss	status,0,c
   154  007FE4  EFF6  F03F         	goto	u41
   155  007FE8  EFF8  F03F         	goto	u40
   156  007FEC                     u41:
   157  007FEC  EFFB  F03F         	goto	l36
   158  007FF0                     u40:
   159  007FF0  808B               	bsf	139,0,c	;volatile
   160  007FF2  EFE7  F03F         	goto	l763
   161  007FF6                     l36:
   162  007FF6  908B               	bcf	139,0,c	;volatile
   163  007FF8  EFE7  F03F         	goto	l763
   164  007FFC  EF00  F000         	goto	start
   165  008000                     __end_of_main:
   166                           	callstack 0
   167                           
   168 ;; *************** function _ADC_resultado *****************
   169 ;; Defined at:
   170 ;;		line 65 in file "16-2-canal-ad.c"
   171 ;; Parameters:    Size  Location     Type
   172 ;;		None
   173 ;; Auto vars:     Size  Location     Type
   174 ;;		None
   175 ;; Return value:  Size  Location     Type
   176 ;;                  2    0[COMRAM] unsigned int 
   177 ;; Registers used:
   178 ;;		wreg, status,2, status,0
   179 ;; Tracked objects:
   180 ;;		On entry : 0/0
   181 ;;		On exit  : 0/0
   182 ;;		Unchanged: 0/0
   183 ;; Data sizes:     COMRAM   BANK0   BANK1   BANK2   BANK3   BANK4   BANK5   BANK6   BANK7
   184 ;;      Params:         2       0       0       0       0       0       0       0       0
   185 ;;      Locals:         0       0       0       0       0       0       0       0       0
   186 ;;      Temps:          2       0       0       0       0       0       0       0       0
   187 ;;      Totals:         4       0       0       0       0       0       0       0       0
   188 ;;Total ram usage:        4 bytes
   189 ;; Hardware stack levels used: 1
   190 ;; This function calls:
   191 ;;		Nothing
   192 ;; This function is called by:
   193 ;;		_main
   194 ;; This function uses a non-reentrant model
   195 ;;
   196                           
   197                           	psect	text1
   198  007F82                     __ptext1:
   199                           	callstack 0
   200  007F82                     _ADC_resultado:
   201                           	callstack 30
   202  007F82  0E68               	movlw	104
   203  007F84  6E03               	movwf	??_ADC_resultado^0,c
   204  007F86  0EE4               	movlw	228
   205  007F88                     u57:
   206  007F88  2EE8               	decfsz	wreg,f,c
   207  007F8A  D7FE               	bra	u57
   208  007F8C  2E03               	decfsz	??_ADC_resultado^0,f,c
   209  007F8E  D7FC               	bra	u57
   210  007F90  D000               	nop2	
   211  007F92  82C2               	bsf	194,1,c	;volatile
   212  007F94                     l46:
   213  007F94  B2C2               	btfsc	194,1,c	;volatile
   214  007F96  EFCF  F03F         	goto	u31
   215  007F9A  EFD1  F03F         	goto	u30
   216  007F9E                     u31:
   217  007F9E  EFCA  F03F         	goto	l46
   218  007FA2                     u30:
   219  007FA2  50C4               	movf	196,w,c	;volatile
   220  007FA4  6E04               	movwf	(??_ADC_resultado+1)^0,c
   221  007FA6  6A03               	clrf	??_ADC_resultado^0,c
   222  007FA8  50C3               	movf	195,w,c	;volatile
   223  007FAA  2403               	addwf	??_ADC_resultado^0,w,c
   224  007FAC  6E01               	movwf	?_ADC_resultado^0,c
   225  007FAE  0E00               	movlw	0
   226  007FB0  2004               	addwfc	(??_ADC_resultado+1)^0,w,c
   227  007FB2  6E02               	movwf	(?_ADC_resultado+1)^0,c
   228  007FB4  0012               	return		;funcret
   229  007FB6                     __end_of_ADC_resultado:
   230                           	callstack 0
   231                           
   232 ;; *************** function _ADC_inicializa *****************
   233 ;; Defined at:
   234 ;;		line 56 in file "16-2-canal-ad.c"
   235 ;; Parameters:    Size  Location     Type
   236 ;;		None
   237 ;; Auto vars:     Size  Location     Type
   238 ;;		None
   239 ;; Return value:  Size  Location     Type
   240 ;;                  1    wreg      void 
   241 ;; Registers used:
   242 ;;		wreg, status,2
   243 ;; Tracked objects:
   244 ;;		On entry : 0/0
   245 ;;		On exit  : 0/0
   246 ;;		Unchanged: 0/0
   247 ;; Data sizes:     COMRAM   BANK0   BANK1   BANK2   BANK3   BANK4   BANK5   BANK6   BANK7
   248 ;;      Params:         0       0       0       0       0       0       0       0       0
   249 ;;      Locals:         0       0       0       0       0       0       0       0       0
   250 ;;      Temps:          0       0       0       0       0       0       0       0       0
   251 ;;      Totals:         0       0       0       0       0       0       0       0       0
   252 ;;Total ram usage:        0 bytes
   253 ;; Hardware stack levels used: 1
   254 ;; This function calls:
   255 ;;		Nothing
   256 ;; This function is called by:
   257 ;;		_main
   258 ;; This function uses a non-reentrant model
   259 ;;
   260                           
   261                           	psect	text2
   262  007F74                     __ptext2:
   263                           	callstack 0
   264  007F74                     _ADC_inicializa:
   265                           	callstack 30
   266  007F74  0E01               	movlw	1
   267  007F76  6EC2               	movwf	194,c	;volatile
   268  007F78  0E00               	movlw	0
   269  007F7A  6EC1               	movwf	193,c	;volatile
   270  007F7C  0E95               	movlw	149
   271  007F7E  6EC0               	movwf	192,c	;volatile
   272  007F80  0012               	return		;funcret
   273  007F82                     __end_of_ADC_inicializa:
   274                           	callstack 0
   275  0000                     
   276                           	psect	rparam
   277  0000                     
   278                           	psect	idloc
   279                           
   280                           ;Config register IDLOC0 @ 0x200000
   281                           ;	unspecified, using default values
   282  200000                     	org	2097152
   283  200000  FF                 	db	255
   284                           
   285                           ;Config register IDLOC1 @ 0x200001
   286                           ;	unspecified, using default values
   287  200001                     	org	2097153
   288  200001  FF                 	db	255
   289                           
   290                           ;Config register IDLOC2 @ 0x200002
   291                           ;	unspecified, using default values
   292  200002                     	org	2097154
   293  200002  FF                 	db	255
   294                           
   295                           ;Config register IDLOC3 @ 0x200003
   296                           ;	unspecified, using default values
   297  200003                     	org	2097155
   298  200003  FF                 	db	255
   299                           
   300                           ;Config register IDLOC4 @ 0x200004
   301                           ;	unspecified, using default values
   302  200004                     	org	2097156
   303  200004  FF                 	db	255
   304                           
   305                           ;Config register IDLOC5 @ 0x200005
   306                           ;	unspecified, using default values
   307  200005                     	org	2097157
   308  200005  FF                 	db	255
   309                           
   310                           ;Config register IDLOC6 @ 0x200006
   311                           ;	unspecified, using default values
   312  200006                     	org	2097158
   313  200006  FF                 	db	255
   314                           
   315                           ;Config register IDLOC7 @ 0x200007
   316                           ;	unspecified, using default values
   317  200007                     	org	2097159
   318  200007  FF                 	db	255
   319                           
   320                           	psect	config
   321                           
   322                           ;Config register CONFIG1L @ 0x300000
   323                           ;	PLL Prescaler Selection bits
   324                           ;	PLLDIV = 1, No prescale (4 MHz oscillator input drives PLL directly)
   325                           ;	System Clock Postscaler Selection bits
   326                           ;	CPUDIV = OSC1_PLL2, [Primary Oscillator Src: /1][96 MHz PLL Src: /2]
   327                           ;	USB Clock Selection bit (used in Full-Speed USB mode only; UCFG:FSEN = 1)
   328                           ;	USBDIV = 1, USB clock source comes directly from the primary oscillator block with no 
      +                          postscale
   329  300000                     	org	3145728
   330  300000  00                 	db	0
   331                           
   332                           ;Config register CONFIG1H @ 0x300001
   333                           ;	Oscillator Selection bits
   334                           ;	FOSC = HS, HS oscillator (HS)
   335                           ;	Fail-Safe Clock Monitor Enable bit
   336                           ;	FCMEN = OFF, Fail-Safe Clock Monitor disabled
   337                           ;	Internal/External Oscillator Switchover bit
   338                           ;	IESO = OFF, Oscillator Switchover mode disabled
   339  300001                     	org	3145729
   340  300001  0C                 	db	12
   341                           
   342                           ;Config register CONFIG2L @ 0x300002
   343                           ;	Power-up Timer Enable bit
   344                           ;	PWRT = ON, PWRT enabled
   345                           ;	Brown-out Reset Enable bits
   346                           ;	BOR = ON, Brown-out Reset enabled in hardware only (SBOREN is disabled)
   347                           ;	Brown-out Reset Voltage bits
   348                           ;	BORV = 1, Setting 2 4.33V
   349                           ;	USB Voltage Regulator Enable bit
   350                           ;	VREGEN = OFF, USB voltage regulator disabled
   351  300002                     	org	3145730
   352  300002  0E                 	db	14
   353                           
   354                           ;Config register CONFIG2H @ 0x300003
   355                           ;	Watchdog Timer Enable bit
   356                           ;	WDT = OFF, WDT disabled (control is placed on the SWDTEN bit)
   357                           ;	Watchdog Timer Postscale Select bits
   358                           ;	WDTPS = 1, 1:1
   359  300003                     	org	3145731
   360  300003  00                 	db	0
   361                           
   362                           ; Padding undefined space
   363  300004                     	org	3145732
   364  300004  FF                 	db	255
   365                           
   366                           ;Config register CONFIG3H @ 0x300005
   367                           ;	CCP2 MUX bit
   368                           ;	CCP2MX = ON, CCP2 input/output is multiplexed with RC1
   369                           ;	PORTB A/D Enable bit
   370                           ;	PBADEN = ON, PORTB<4:0> pins are configured as analog input channels on Reset
   371                           ;	Low-Power Timer 1 Oscillator Enable bit
   372                           ;	LPT1OSC = OFF, Timer1 configured for higher power operation
   373                           ;	MCLR Pin Enable bit
   374                           ;	MCLRE = ON, MCLR pin enabled; RE3 input pin disabled
   375  300005                     	org	3145733
   376  300005  83                 	db	131
   377                           
   378                           ;Config register CONFIG4L @ 0x300006
   379                           ;	Stack Full/Underflow Reset Enable bit
   380                           ;	STVREN = ON, Stack full/underflow will cause Reset
   381                           ;	Single-Supply ICSP Enable bit
   382                           ;	LVP = OFF, Single-Supply ICSP disabled
   383                           ;	Dedicated In-Circuit Debug/Programming Port (ICPORT) Enable bit
   384                           ;	ICPRT = OFF, ICPORT disabled
   385                           ;	Extended Instruction Set Enable bit
   386                           ;	XINST = OFF, Instruction set extension and Indexed Addressing mode disabled (Legacy mo
      +                          de)
   387                           ;	Background Debugger Enable bit
   388                           ;	DEBUG = 0x1, unprogrammed default
   389  300006                     	org	3145734
   390  300006  81                 	db	129
   391                           
   392                           ; Padding undefined space
   393  300007                     	org	3145735
   394  300007  FF                 	db	255
   395                           
   396                           ;Config register CONFIG5L @ 0x300008
   397                           ;	Code Protection bit
   398                           ;	CP0 = OFF, Block 0 (000800-001FFFh) is not code-protected
   399                           ;	Code Protection bit
   400                           ;	CP1 = OFF, Block 1 (002000-003FFFh) is not code-protected
   401                           ;	Code Protection bit
   402                           ;	CP2 = OFF, Block 2 (004000-005FFFh) is not code-protected
   403                           ;	Code Protection bit
   404                           ;	CP3 = OFF, Block 3 (006000-007FFFh) is not code-protected
   405  300008                     	org	3145736
   406  300008  0F                 	db	15
   407                           
   408                           ;Config register CONFIG5H @ 0x300009
   409                           ;	Boot Block Code Protection bit
   410                           ;	CPB = OFF, Boot block (000000-0007FFh) is not code-protected
   411                           ;	Data EEPROM Code Protection bit
   412                           ;	CPD = OFF, Data EEPROM is not code-protected
   413  300009                     	org	3145737
   414  300009  C0                 	db	192
   415                           
   416                           ;Config register CONFIG6L @ 0x30000A
   417                           ;	Write Protection bit
   418                           ;	WRT0 = OFF, Block 0 (000800-001FFFh) is not write-protected
   419                           ;	Write Protection bit
   420                           ;	WRT1 = OFF, Block 1 (002000-003FFFh) is not write-protected
   421                           ;	Write Protection bit
   422                           ;	WRT2 = OFF, Block 2 (004000-005FFFh) is not write-protected
   423                           ;	Write Protection bit
   424                           ;	WRT3 = OFF, Block 3 (006000-007FFFh) is not write-protected
   425  30000A                     	org	3145738
   426  30000A  0F                 	db	15
   427                           
   428                           ;Config register CONFIG6H @ 0x30000B
   429                           ;	Configuration Register Write Protection bit
   430                           ;	WRTC = OFF, Configuration registers (300000-3000FFh) are not write-protected
   431                           ;	Boot Block Write Protection bit
   432                           ;	WRTB = OFF, Boot block (000000-0007FFh) is not write-protected
   433                           ;	Data EEPROM Write Protection bit
   434                           ;	WRTD = OFF, Data EEPROM is not write-protected
   435  30000B                     	org	3145739
   436  30000B  E0                 	db	224
   437                           
   438                           ;Config register CONFIG7L @ 0x30000C
   439                           ;	Table Read Protection bit
   440                           ;	EBTR0 = OFF, Block 0 (000800-001FFFh) is not protected from table reads executed in ot
      +                          her blocks
   441                           ;	Table Read Protection bit
   442                           ;	EBTR1 = OFF, Block 1 (002000-003FFFh) is not protected from table reads executed in ot
      +                          her blocks
   443                           ;	Table Read Protection bit
   444                           ;	EBTR2 = OFF, Block 2 (004000-005FFFh) is not protected from table reads executed in ot
      +                          her blocks
   445                           ;	Table Read Protection bit
   446                           ;	EBTR3 = OFF, Block 3 (006000-007FFFh) is not protected from table reads executed in ot
      +                          her blocks
   447  30000C                     	org	3145740
   448  30000C  0F                 	db	15
   449                           
   450                           ;Config register CONFIG7H @ 0x30000D
   451                           ;	Boot Block Table Read Protection bit
   452                           ;	EBTRB = OFF, Boot block (000000-0007FFh) is not protected from table reads executed in
      +                           other blocks
   453  30000D                     	org	3145741
   454  30000D  40                 	db	64
   455                           tosu	equ	0xFFF
   456                           tosh	equ	0xFFE
   457                           tosl	equ	0xFFD
   458                           stkptr	equ	0xFFC
   459                           pclatu	equ	0xFFB
   460                           pclath	equ	0xFFA
   461                           pcl	equ	0xFF9
   462                           tblptru	equ	0xFF8
   463                           tblptrh	equ	0xFF7
   464                           tblptrl	equ	0xFF6
   465                           tablat	equ	0xFF5
   466                           prodh	equ	0xFF4
   467                           prodl	equ	0xFF3
   468                           indf0	equ	0xFEF
   469                           postinc0	equ	0xFEE
   470                           postdec0	equ	0xFED
   471                           preinc0	equ	0xFEC
   472                           plusw0	equ	0xFEB
   473                           fsr0h	equ	0xFEA
   474                           fsr0l	equ	0xFE9
   475                           wreg	equ	0xFE8
   476                           indf1	equ	0xFE7
   477                           postinc1	equ	0xFE6
   478                           postdec1	equ	0xFE5
   479                           preinc1	equ	0xFE4
   480                           plusw1	equ	0xFE3
   481                           fsr1h	equ	0xFE2
   482                           fsr1l	equ	0xFE1
   483                           bsr	equ	0xFE0
   484                           indf2	equ	0xFDF
   485                           postinc2	equ	0xFDE
   486                           postdec2	equ	0xFDD
   487                           preinc2	equ	0xFDC
   488                           plusw2	equ	0xFDB
   489                           fsr2h	equ	0xFDA
   490                           fsr2l	equ	0xFD9
   491                           status	equ	0xFD8

Data Sizes:
    Strings     0
    Constant    0
    Data        0
    BSS         0
    Persistent  0
    Stack       0

Auto Spaces:
    Space          Size  Autos    Used
    COMRAM           95      6       6
    BANK0           160      0       0
    BANK1           256      0       0
    BANK2           256      0       0
    BANK3           256      0       0
    BANK4           256      0       0
    BANK5           256      0       0
    BANK6           256      0       0
    BANK7           256      0       0

Pointer List with Targets:

    None.

Critical Paths under _main in COMRAM

    _main->_ADC_resultado

Critical Paths under _main in BANK0

    None.

Critical Paths under _main in BANK1

    None.

Critical Paths under _main in BANK2

    None.

Critical Paths under _main in BANK3

    None.

Critical Paths under _main in BANK4

    None.

Critical Paths under _main in BANK5

    None.

Critical Paths under _main in BANK6

    None.

Critical Paths under _main in BANK7

    None.

Call Graph Tables:

 ---------------------------------------------------------------------------------
 (Depth) Function   	        Calls       Base Space   Used Autos Params    Refs
 ---------------------------------------------------------------------------------
 (0) _main                                                 2     2      0      23
                                              4 COMRAM     2     2      0
                     _ADC_inicializa
                      _ADC_resultado
 ---------------------------------------------------------------------------------
 (1) _ADC_resultado                                        4     2      2       0
                                              0 COMRAM     4     2      2
 ---------------------------------------------------------------------------------
 (1) _ADC_inicializa                                       0     0      0       0
 ---------------------------------------------------------------------------------
 Estimated maximum stack depth 1
 ---------------------------------------------------------------------------------

 Call Graph Graphs:

 _main (ROOT)
   _ADC_inicializa
   _ADC_resultado

 Address spaces:
Name               Size   Autos  Total    Cost      Usage
BITCOMRAM           5F      0       0       0        0.0%
EEDATA             100      0       0       0        0.0%
NULL                 0      0       0       0        0.0%
CODE                 0      0       0       0        0.0%
COMRAM              5F      6       6       1        6.3%
STACK                0      0       0       2        0.0%
DATA                 0      0       0       3        0.0%
BITBANK0            A0      0       0       4        0.0%
BANK0               A0      0       0       5        0.0%
BITBANK1           100      0       0       6        0.0%
BANK1              100      0       0       7        0.0%
BITBANK2           100      0       0       8        0.0%
BANK2              100      0       0       9        0.0%
BITBANK3           100      0       0      10        0.0%
BANK3              100      0       0      11        0.0%
BITBANK4           100      0       0      12        0.0%
BANK4              100      0       0      13        0.0%
BITBANK5           100      0       0      14        0.0%
BANK5              100      0       0      15        0.0%
BITBANK6           100      0       0      16        0.0%
BANK6              100      0       0      17        0.0%
BITBANK7           100      0       0      18        0.0%
BANK7              100      0       0      19        0.0%
ABS                  0      0       0      20        0.0%
BIGRAM             7FF      0       0      21        0.0%
BITSFR               0      0       0     200        0.0%
SFR                  0      0       0     200        0.0%


Microchip Technology PIC18 Macro Assembler V2.32 build 20210201212658 
Symbol Table                                                                                   Sat Aug 07 16:41:40 2021

                     l43 7F80                       l36 7FF6                       l46 7F94  
                     l49 7FB4                       u30 7FA2                       u31 7F9E  
                     u40 7FF0                       u41 7FEC                       u57 7F88  
                    l725 7F74                      l751 7FA2                      l761 7FCA  
                    l747 7F82                      l763 7FCE                      l755 7FB6  
                    l749 7F92                      l765 7FF0                      l757 7FB8  
                    l759 7FC8                      wreg 000FE8                     _main 7FB6  
                   start 0000             ___param_bank 000000                    ?_main 0001  
                  _TRISA 000F92                    _TRISB 000F93                    _TRISC 000F94  
                  _TRISD 000F95                    _TRISE 000F96                    status 000FD8  
        __initialization 7F6E             __end_of_main 8000                   ??_main 0005  
          __activetblptr 000000       main@resultado_conv 0005                   _ADCON0 000FC2  
                 _ADCON1 000FC1                   _ADCON2 000FC0                   _ADRESH 000FC4  
                 _ADRESL 000FC3         ??_ADC_inicializa 0001                   isa$std 000001  
             __accesstop 0060  __end_of__initialization 7F6E            ___rparam_used 000001  
         __pcstackCOMRAM 0001   __size_of_ADC_resultado 0034                  __Hparam 0000  
                __Lparam 0000                  __pcinit 7F6E                  __ramtop 0800  
                __ptext0 7FB6                  __ptext1 7F82                  __ptext2 7F74  
          _ADC_resultado 7F82     end_of_initialization 7F6E           ?_ADC_resultado 0001  
    start_initialization 7F6E  __size_of_ADC_inicializa 000E          ??_ADC_resultado 0003  
               _LATCbits 000F8B               _ADCON0bits 000FC2                 __Hrparam 0000  
               __Lrparam 0000           _ADC_inicializa 7F74            __size_of_main 004A  
 __end_of_ADC_inicializa 7F82                 isa$xinst 000000          ?_ADC_inicializa 0001  
  __end_of_ADC_resultado 7FB6  
