

Microchip MPLAB XC8 Assembler V2.32 build 20210201212658 
                                                                                               Mon Jul 05 20:07:54 2021

Microchip MPLAB XC8 C Compiler v2.32 (Free license) build 20210201212658 Og1 
     1                           	processor	18F4550
     2                           	fnconf	rparam,??,?,0
     3                           	pagewidth 120
     4                           	opt	flic
     5                           	psect	cinit,global,reloc=2,class=CODE,delta=1
     6                           	psect	cstackCOMRAM,global,class=COMRAM,space=1,delta=1,lowdata,noexec
     7                           	psect	text0,global,reloc=2,class=CODE,delta=1
     8                           	psect	intsave_regs,global,class=BIGRAM,space=1,delta=1,noexec
     9                           	psect	rparam,global,class=COMRAM,space=1,delta=1,noexec
    10                           	psect	idloc,global,abs,ovrld,class=IDLOC,space=5,delta=1,noexec
    11                           	psect	config,global,abs,ovrld,class=CONFIG,space=4,delta=1,noexec
    12  0000                     
    13                           ; Version 2.20
    14                           ; Generated 12/02/2020 GMT
    15                           ; 
    16                           ; Copyright © 2020, Microchip Technology Inc. and its subsidiaries ("Microchip")
    17                           ; All rights reserved.
    18                           ; 
    19                           ; This software is developed by Microchip Technology Inc. and its subsidiaries ("Microch
      +                          ip").
    20                           ; 
    21                           ; Redistribution and use in source and binary forms, with or without modification, are
    22                           ; permitted provided that the following conditions are met:
    23                           ; 
    24                           ;     1. Redistributions of source code must retain the above copyright notice, this lis
      +                          t of
    25                           ;        conditions and the following disclaimer.
    26                           ; 
    27                           ;     2. Redistributions in binary form must reproduce the above copyright notice, this 
      +                          list
    28                           ;        of conditions and the following disclaimer in the documentation and/or other
    29                           ;        materials provided with the distribution.
    30                           ; 
    31                           ;     3. Microchip's name may not be used to endorse or promote products derived from th
      +                          is
    32                           ;        software without specific prior written permission.
    33                           ; 
    34                           ; THIS SOFTWARE IS PROVIDED BY MICROCHIP "AS IS" AND ANY EXPRESS OR IMPLIED WARRANTIES,
    35                           ; INCLUDING, BUT NOT LIMITED TO, THE IMPLIED WARRANTIES OF MERCHANTABILITY AND FITNESS F
      +                          OR
    36                           ; PURPOSE ARE DISCLAIMED.  IN NO EVENT SHALL MICROCHIP BE LIABLE FOR ANY DIRECT, INDIREC
      +                          T,
    37                           ; INCIDENTAL, SPECIAL, EXEMPLARY, OR CONSEQUENTIAL DAMAGES (INCLUDING BUT NOT LIMITED TO
    38                           ; PROCUREMENT OF SUBSTITUTE GOODS OR SERVICES; LOSS OF USE, DATA OR PROFITS; OR BUSINESS
    39                           ; INTERRUPTION) HOWSOEVER CAUSED AND ON ANY THEORY OF LIABILITY, WHETHER IN CONTRACT, ST
      +                          RICT
    40                           ; LIABILITY, OR TORT (INCLUDING NEGLIGENCE OR OTHERWISE) ARISING IN ANY WAY OUT OF THE U
      +                          SE OF
    41                           ; THIS SOFTWARE, EVEN IF ADVISED OF THE POSSIBILITY OF SUCH DAMAGE.
    42                           ; 
    43                           ; 
    44                           ; Code-generator required, PIC18F4550 Definitions
    45                           ; 
    46                           ; SFR Addresses
    47  0000                     _PORTD	set	3971
    48  0000                     _PORTBbits	set	3969
    49  0000                     _TRISE	set	3990
    50  0000                     _TRISD	set	3989
    51  0000                     _TRISC	set	3988
    52  0000                     _TRISB	set	3987
    53  0000                     _TRISA	set	3986
    54                           
    55                           ; #config settings
    56                           
    57                           	psect	cinit
    58  007D80                     __pcinit:
    59                           	callstack 0
    60  007D80                     start_initialization:
    61                           	callstack 0
    62  007D80                     __initialization:
    63                           	callstack 0
    64  007D80                     end_of_initialization:
    65                           	callstack 0
    66  007D80                     __end_of__initialization:
    67                           	callstack 0
    68  007D80  0100               	movlb	0
    69  007D82  EFC3  F03E         	goto	_main	;jump to C main() function
    70                           
    71                           	psect	cstackCOMRAM
    72  000001                     __pcstackCOMRAM:
    73                           	callstack 0
    74  000001                     ??_main:
    75                           
    76                           ; 1 bytes @ 0x0
    77  000001                     	ds	2
    78                           
    79 ;;
    80 ;;Main: autosize = 0, tempsize = 2, incstack = 0, save=0
    81 ;;
    82 ;; *************** function _main *****************
    83 ;; Defined at:
    84 ;;		line 20 in file "11-5-funcoes-de-atraso.c"
    85 ;; Parameters:    Size  Location     Type
    86 ;;		None
    87 ;; Auto vars:     Size  Location     Type
    88 ;;		None
    89 ;; Return value:  Size  Location     Type
    90 ;;                  1    wreg      void 
    91 ;; Registers used:
    92 ;;		wreg, status,2, status,0
    93 ;; Tracked objects:
    94 ;;		On entry : 0/0
    95 ;;		On exit  : 0/0
    96 ;;		Unchanged: 0/0
    97 ;; Data sizes:     COMRAM   BANK0   BANK1   BANK2   BANK3   BANK4   BANK5   BANK6   BANK7
    98 ;;      Params:         0       0       0       0       0       0       0       0       0
    99 ;;      Locals:         0       0       0       0       0       0       0       0       0
   100 ;;      Temps:          2       0       0       0       0       0       0       0       0
   101 ;;      Totals:         2       0       0       0       0       0       0       0       0
   102 ;;Total ram usage:        2 bytes
   103 ;; This function calls:
   104 ;;		Nothing
   105 ;; This function is called by:
   106 ;;		Startup code after reset
   107 ;; This function uses a non-reentrant model
   108 ;;
   109                           
   110                           	psect	text0
   111  007D86                     __ptext0:
   112                           	callstack 0
   113  007D86                     _main:
   114                           	callstack 31
   115  007D86  0E00               	movlw	0
   116  007D88  6E92               	movwf	146,c	;volatile
   117  007D8A  0E0F               	movlw	15
   118  007D8C  6E93               	movwf	147,c	;volatile
   119  007D8E  0E00               	movlw	0
   120  007D90  6E94               	movwf	148,c	;volatile
   121  007D92  0E00               	movlw	0
   122  007D94  6E95               	movwf	149,c	;volatile
   123  007D96  0E00               	movlw	0
   124  007D98  6E96               	movwf	150,c	;volatile
   125  007D9A                     l707:
   126  007D9A  A081               	btfss	129,0,c	;volatile
   127  007D9C  EFD2  F03E         	goto	u11
   128  007DA0  EFD4  F03E         	goto	u10
   129  007DA4                     u11:
   130  007DA4  EFEF  F03E         	goto	l717
   131  007DA8                     u10:
   132  007DA8  6883               	setf	131,c	;volatile
   133  007DAA  0E1A               	movlw	26
   134  007DAC  6E02               	movwf	(??_main+1)^0,c
   135  007DAE  0E5E               	movlw	94
   136  007DB0  6E01               	movwf	??_main^0,c
   137  007DB2  0E6E               	movlw	110
   138  007DB4                     u57:
   139  007DB4  2EE8               	decfsz	wreg,f,c
   140  007DB6  D7FE               	bra	u57
   141  007DB8  2E01               	decfsz	??_main^0,f,c
   142  007DBA  D7FC               	bra	u57
   143  007DBC  2E02               	decfsz	(??_main+1)^0,f,c
   144  007DBE  D7FA               	bra	u57
   145  007DC0  D000               	nop2	
   146  007DC2  0E00               	movlw	0
   147  007DC4  6E83               	movwf	131,c	;volatile
   148  007DC6  0E1A               	movlw	26
   149  007DC8  6E02               	movwf	(??_main+1)^0,c
   150  007DCA  0E5E               	movlw	94
   151  007DCC  6E01               	movwf	??_main^0,c
   152  007DCE  0E6E               	movlw	110
   153  007DD0                     u67:
   154  007DD0  2EE8               	decfsz	wreg,f,c
   155  007DD2  D7FE               	bra	u67
   156  007DD4  2E01               	decfsz	??_main^0,f,c
   157  007DD6  D7FC               	bra	u67
   158  007DD8  2E02               	decfsz	(??_main+1)^0,f,c
   159  007DDA  D7FA               	bra	u67
   160  007DDC  D000               	nop2	
   161  007DDE                     l717:
   162  007DDE  A281               	btfss	129,1,c	;volatile
   163  007DE0  EFF4  F03E         	goto	u21
   164  007DE4  EFF6  F03E         	goto	u20
   165  007DE8                     u21:
   166  007DE8  EF66  F03F         	goto	l751
   167  007DEC                     u20:
   168  007DEC  0E01               	movlw	1
   169  007DEE  6E83               	movwf	131,c	;volatile
   170  007DF0  0E15               	movlw	21
   171  007DF2  6E02               	movwf	(??_main+1)^0,c
   172  007DF4  0E4B               	movlw	75
   173  007DF6  6E01               	movwf	??_main^0,c
   174  007DF8  0EBE               	movlw	190
   175  007DFA                     u77:
   176  007DFA  2EE8               	decfsz	wreg,f,c
   177  007DFC  D7FE               	bra	u77
   178  007DFE  2E01               	decfsz	??_main^0,f,c
   179  007E00  D7FC               	bra	u77
   180  007E02  2E02               	decfsz	(??_main+1)^0,f,c
   181  007E04  D7FA               	bra	u77
   182  007E06  D000               	nop2	
   183  007E08  90D8               	bcf	status,0,c
   184  007E0A  3683               	rlcf	131,f,c
   185  007E0C  0E15               	movlw	21
   186  007E0E  6E02               	movwf	(??_main+1)^0,c
   187  007E10  0E4B               	movlw	75
   188  007E12  6E01               	movwf	??_main^0,c
   189  007E14  0EBE               	movlw	190
   190  007E16                     u87:
   191  007E16  2EE8               	decfsz	wreg,f,c
   192  007E18  D7FE               	bra	u87
   193  007E1A  2E01               	decfsz	??_main^0,f,c
   194  007E1C  D7FC               	bra	u87
   195  007E1E  2E02               	decfsz	(??_main+1)^0,f,c
   196  007E20  D7FA               	bra	u87
   197  007E22  D000               	nop2	
   198  007E24  90D8               	bcf	status,0,c
   199  007E26  3683               	rlcf	131,f,c
   200  007E28  0E15               	movlw	21
   201  007E2A  6E02               	movwf	(??_main+1)^0,c
   202  007E2C  0E4B               	movlw	75
   203  007E2E  6E01               	movwf	??_main^0,c
   204  007E30  0EBE               	movlw	190
   205  007E32                     u97:
   206  007E32  2EE8               	decfsz	wreg,f,c
   207  007E34  D7FE               	bra	u97
   208  007E36  2E01               	decfsz	??_main^0,f,c
   209  007E38  D7FC               	bra	u97
   210  007E3A  2E02               	decfsz	(??_main+1)^0,f,c
   211  007E3C  D7FA               	bra	u97
   212  007E3E  D000               	nop2	
   213  007E40  90D8               	bcf	status,0,c
   214  007E42  3683               	rlcf	131,f,c
   215  007E44  0E15               	movlw	21
   216  007E46  6E02               	movwf	(??_main+1)^0,c
   217  007E48  0E4B               	movlw	75
   218  007E4A  6E01               	movwf	??_main^0,c
   219  007E4C  0EBE               	movlw	190
   220  007E4E                     u107:
   221  007E4E  2EE8               	decfsz	wreg,f,c
   222  007E50  D7FE               	bra	u107
   223  007E52  2E01               	decfsz	??_main^0,f,c
   224  007E54  D7FC               	bra	u107
   225  007E56  2E02               	decfsz	(??_main+1)^0,f,c
   226  007E58  D7FA               	bra	u107
   227  007E5A  D000               	nop2	
   228  007E5C  90D8               	bcf	status,0,c
   229  007E5E  3683               	rlcf	131,f,c
   230  007E60  0E15               	movlw	21
   231  007E62  6E02               	movwf	(??_main+1)^0,c
   232  007E64  0E4B               	movlw	75
   233  007E66  6E01               	movwf	??_main^0,c
   234  007E68  0EBE               	movlw	190
   235  007E6A                     u117:
   236  007E6A  2EE8               	decfsz	wreg,f,c
   237  007E6C  D7FE               	bra	u117
   238  007E6E  2E01               	decfsz	??_main^0,f,c
   239  007E70  D7FC               	bra	u117
   240  007E72  2E02               	decfsz	(??_main+1)^0,f,c
   241  007E74  D7FA               	bra	u117
   242  007E76  D000               	nop2	
   243  007E78  90D8               	bcf	status,0,c
   244  007E7A  3683               	rlcf	131,f,c
   245  007E7C  0E15               	movlw	21
   246  007E7E  6E02               	movwf	(??_main+1)^0,c
   247  007E80  0E4B               	movlw	75
   248  007E82  6E01               	movwf	??_main^0,c
   249  007E84  0EBE               	movlw	190
   250  007E86                     u127:
   251  007E86  2EE8               	decfsz	wreg,f,c
   252  007E88  D7FE               	bra	u127
   253  007E8A  2E01               	decfsz	??_main^0,f,c
   254  007E8C  D7FC               	bra	u127
   255  007E8E  2E02               	decfsz	(??_main+1)^0,f,c
   256  007E90  D7FA               	bra	u127
   257  007E92  D000               	nop2	
   258  007E94  90D8               	bcf	status,0,c
   259  007E96  3683               	rlcf	131,f,c
   260  007E98  0E15               	movlw	21
   261  007E9A  6E02               	movwf	(??_main+1)^0,c
   262  007E9C  0E4B               	movlw	75
   263  007E9E  6E01               	movwf	??_main^0,c
   264  007EA0  0EBE               	movlw	190
   265  007EA2                     u137:
   266  007EA2  2EE8               	decfsz	wreg,f,c
   267  007EA4  D7FE               	bra	u137
   268  007EA6  2E01               	decfsz	??_main^0,f,c
   269  007EA8  D7FC               	bra	u137
   270  007EAA  2E02               	decfsz	(??_main+1)^0,f,c
   271  007EAC  D7FA               	bra	u137
   272  007EAE  D000               	nop2	
   273  007EB0  90D8               	bcf	status,0,c
   274  007EB2  3683               	rlcf	131,f,c
   275  007EB4  0E15               	movlw	21
   276  007EB6  6E02               	movwf	(??_main+1)^0,c
   277  007EB8  0E4B               	movlw	75
   278  007EBA  6E01               	movwf	??_main^0,c
   279  007EBC  0EBE               	movlw	190
   280  007EBE                     u147:
   281  007EBE  2EE8               	decfsz	wreg,f,c
   282  007EC0  D7FE               	bra	u147
   283  007EC2  2E01               	decfsz	??_main^0,f,c
   284  007EC4  D7FC               	bra	u147
   285  007EC6  2E02               	decfsz	(??_main+1)^0,f,c
   286  007EC8  D7FA               	bra	u147
   287  007ECA  D000               	nop2	
   288  007ECC                     l751:
   289  007ECC  A481               	btfss	129,2,c	;volatile
   290  007ECE  EF6B  F03F         	goto	u31
   291  007ED2  EF6D  F03F         	goto	u30
   292  007ED6                     u31:
   293  007ED6  EFD5  F03F         	goto	l785
   294  007EDA                     u30:
   295  007EDA  0E80               	movlw	128
   296  007EDC  6E83               	movwf	131,c	;volatile
   297  007EDE  0E10               	movlw	16
   298  007EE0  6E02               	movwf	(??_main+1)^0,c
   299  007EE2  0E39               	movlw	57
   300  007EE4  6E01               	movwf	??_main^0,c
   301  007EE6  0E0E               	movlw	14
   302  007EE8                     u157:
   303  007EE8  2EE8               	decfsz	wreg,f,c
   304  007EEA  D7FE               	bra	u157
   305  007EEC  2E01               	decfsz	??_main^0,f,c
   306  007EEE  D7FC               	bra	u157
   307  007EF0  2E02               	decfsz	(??_main+1)^0,f,c
   308  007EF2  D7FA               	bra	u157
   309  007EF4  90D8               	bcf	status,0,c
   310  007EF6  3283               	rrcf	131,f,c
   311  007EF8  0E10               	movlw	16
   312  007EFA  6E02               	movwf	(??_main+1)^0,c
   313  007EFC  0E39               	movlw	57
   314  007EFE  6E01               	movwf	??_main^0,c
   315  007F00  0E0E               	movlw	14
   316  007F02                     u167:
   317  007F02  2EE8               	decfsz	wreg,f,c
   318  007F04  D7FE               	bra	u167
   319  007F06  2E01               	decfsz	??_main^0,f,c
   320  007F08  D7FC               	bra	u167
   321  007F0A  2E02               	decfsz	(??_main+1)^0,f,c
   322  007F0C  D7FA               	bra	u167
   323  007F0E  90D8               	bcf	status,0,c
   324  007F10  3283               	rrcf	131,f,c
   325  007F12  0E10               	movlw	16
   326  007F14  6E02               	movwf	(??_main+1)^0,c
   327  007F16  0E39               	movlw	57
   328  007F18  6E01               	movwf	??_main^0,c
   329  007F1A  0E0E               	movlw	14
   330  007F1C                     u177:
   331  007F1C  2EE8               	decfsz	wreg,f,c
   332  007F1E  D7FE               	bra	u177
   333  007F20  2E01               	decfsz	??_main^0,f,c
   334  007F22  D7FC               	bra	u177
   335  007F24  2E02               	decfsz	(??_main+1)^0,f,c
   336  007F26  D7FA               	bra	u177
   337  007F28  90D8               	bcf	status,0,c
   338  007F2A  3283               	rrcf	131,f,c
   339  007F2C  0E10               	movlw	16
   340  007F2E  6E02               	movwf	(??_main+1)^0,c
   341  007F30  0E39               	movlw	57
   342  007F32  6E01               	movwf	??_main^0,c
   343  007F34  0E0E               	movlw	14
   344  007F36                     u187:
   345  007F36  2EE8               	decfsz	wreg,f,c
   346  007F38  D7FE               	bra	u187
   347  007F3A  2E01               	decfsz	??_main^0,f,c
   348  007F3C  D7FC               	bra	u187
   349  007F3E  2E02               	decfsz	(??_main+1)^0,f,c
   350  007F40  D7FA               	bra	u187
   351  007F42  90D8               	bcf	status,0,c
   352  007F44  3283               	rrcf	131,f,c
   353  007F46  0E10               	movlw	16
   354  007F48  6E02               	movwf	(??_main+1)^0,c
   355  007F4A  0E39               	movlw	57
   356  007F4C  6E01               	movwf	??_main^0,c
   357  007F4E  0E0E               	movlw	14
   358  007F50                     u197:
   359  007F50  2EE8               	decfsz	wreg,f,c
   360  007F52  D7FE               	bra	u197
   361  007F54  2E01               	decfsz	??_main^0,f,c
   362  007F56  D7FC               	bra	u197
   363  007F58  2E02               	decfsz	(??_main+1)^0,f,c
   364  007F5A  D7FA               	bra	u197
   365  007F5C  90D8               	bcf	status,0,c
   366  007F5E  3283               	rrcf	131,f,c
   367  007F60  0E10               	movlw	16
   368  007F62  6E02               	movwf	(??_main+1)^0,c
   369  007F64  0E39               	movlw	57
   370  007F66  6E01               	movwf	??_main^0,c
   371  007F68  0E0E               	movlw	14
   372  007F6A                     u207:
   373  007F6A  2EE8               	decfsz	wreg,f,c
   374  007F6C  D7FE               	bra	u207
   375  007F6E  2E01               	decfsz	??_main^0,f,c
   376  007F70  D7FC               	bra	u207
   377  007F72  2E02               	decfsz	(??_main+1)^0,f,c
   378  007F74  D7FA               	bra	u207
   379  007F76  90D8               	bcf	status,0,c
   380  007F78  3283               	rrcf	131,f,c
   381  007F7A  0E10               	movlw	16
   382  007F7C  6E02               	movwf	(??_main+1)^0,c
   383  007F7E  0E39               	movlw	57
   384  007F80  6E01               	movwf	??_main^0,c
   385  007F82  0E0E               	movlw	14
   386  007F84                     u217:
   387  007F84  2EE8               	decfsz	wreg,f,c
   388  007F86  D7FE               	bra	u217
   389  007F88  2E01               	decfsz	??_main^0,f,c
   390  007F8A  D7FC               	bra	u217
   391  007F8C  2E02               	decfsz	(??_main+1)^0,f,c
   392  007F8E  D7FA               	bra	u217
   393  007F90  90D8               	bcf	status,0,c
   394  007F92  3283               	rrcf	131,f,c
   395  007F94  0E10               	movlw	16
   396  007F96  6E02               	movwf	(??_main+1)^0,c
   397  007F98  0E39               	movlw	57
   398  007F9A  6E01               	movwf	??_main^0,c
   399  007F9C  0E0E               	movlw	14
   400  007F9E                     u227:
   401  007F9E  2EE8               	decfsz	wreg,f,c
   402  007FA0  D7FE               	bra	u227
   403  007FA2  2E01               	decfsz	??_main^0,f,c
   404  007FA4  D7FC               	bra	u227
   405  007FA6  2E02               	decfsz	(??_main+1)^0,f,c
   406  007FA8  D7FA               	bra	u227
   407  007FAA                     l785:
   408  007FAA  A681               	btfss	129,3,c	;volatile
   409  007FAC  EFDA  F03F         	goto	u41
   410  007FB0  EFDC  F03F         	goto	u40
   411  007FB4                     u41:
   412  007FB4  EFFA  F03F         	goto	l793
   413  007FB8                     u40:
   414  007FB8  0E55               	movlw	85
   415  007FBA  6E83               	movwf	131,c	;volatile
   416  007FBC  0E0D               	movlw	13
   417  007FBE  6E02               	movwf	(??_main+1)^0,c
   418  007FC0  0EAF               	movlw	175
   419  007FC2  6E01               	movwf	??_main^0,c
   420  007FC4  0EB6               	movlw	182
   421  007FC6                     u237:
   422  007FC6  2EE8               	decfsz	wreg,f,c
   423  007FC8  D7FE               	bra	u237
   424  007FCA  2E01               	decfsz	??_main^0,f,c
   425  007FCC  D7FC               	bra	u237
   426  007FCE  2E02               	decfsz	(??_main+1)^0,f,c
   427  007FD0  D7FA               	bra	u237
   428  007FD2  D000               	nop2	
   429  007FD4  0EAA               	movlw	170
   430  007FD6  6E83               	movwf	131,c	;volatile
   431  007FD8  0E0D               	movlw	13
   432  007FDA  6E02               	movwf	(??_main+1)^0,c
   433  007FDC  0EAF               	movlw	175
   434  007FDE  6E01               	movwf	??_main^0,c
   435  007FE0  0EB6               	movlw	182
   436  007FE2                     u247:
   437  007FE2  2EE8               	decfsz	wreg,f,c
   438  007FE4  D7FE               	bra	u247
   439  007FE6  2E01               	decfsz	??_main^0,f,c
   440  007FE8  D7FC               	bra	u247
   441  007FEA  2E02               	decfsz	(??_main+1)^0,f,c
   442  007FEC  D7FA               	bra	u247
   443  007FEE  D000               	nop2	
   444  007FF0  EFCD  F03E         	goto	l707
   445  007FF4                     l793:
   446  007FF4  0E00               	movlw	0
   447  007FF6  6E83               	movwf	131,c	;volatile
   448  007FF8  EFCD  F03E         	goto	l707
   449  007FFC  EF00  F000         	goto	start
   450  008000                     __end_of_main:
   451                           	callstack 0
   452  0000                     
   453                           	psect	rparam
   454  0000                     
   455                           	psect	idloc
   456                           
   457                           ;Config register IDLOC0 @ 0x200000
   458                           ;	unspecified, using default values
   459  200000                     	org	2097152
   460  200000  FF                 	db	255
   461                           
   462                           ;Config register IDLOC1 @ 0x200001
   463                           ;	unspecified, using default values
   464  200001                     	org	2097153
   465  200001  FF                 	db	255
   466                           
   467                           ;Config register IDLOC2 @ 0x200002
   468                           ;	unspecified, using default values
   469  200002                     	org	2097154
   470  200002  FF                 	db	255
   471                           
   472                           ;Config register IDLOC3 @ 0x200003
   473                           ;	unspecified, using default values
   474  200003                     	org	2097155
   475  200003  FF                 	db	255
   476                           
   477                           ;Config register IDLOC4 @ 0x200004
   478                           ;	unspecified, using default values
   479  200004                     	org	2097156
   480  200004  FF                 	db	255
   481                           
   482                           ;Config register IDLOC5 @ 0x200005
   483                           ;	unspecified, using default values
   484  200005                     	org	2097157
   485  200005  FF                 	db	255
   486                           
   487                           ;Config register IDLOC6 @ 0x200006
   488                           ;	unspecified, using default values
   489  200006                     	org	2097158
   490  200006  FF                 	db	255
   491                           
   492                           ;Config register IDLOC7 @ 0x200007
   493                           ;	unspecified, using default values
   494  200007                     	org	2097159
   495  200007  FF                 	db	255
   496                           
   497                           	psect	config
   498                           
   499                           ;Config register CONFIG1L @ 0x300000
   500                           ;	PLL Prescaler Selection bits
   501                           ;	PLLDIV = 1, No prescale (4 MHz oscillator input drives PLL directly)
   502                           ;	System Clock Postscaler Selection bits
   503                           ;	CPUDIV = OSC1_PLL2, [Primary Oscillator Src: /1][96 MHz PLL Src: /2]
   504                           ;	USB Clock Selection bit (used in Full-Speed USB mode only; UCFG:FSEN = 1)
   505                           ;	USBDIV = 1, USB clock source comes directly from the primary oscillator block with no 
      +                          postscale
   506  300000                     	org	3145728
   507  300000  00                 	db	0
   508                           
   509                           ;Config register CONFIG1H @ 0x300001
   510                           ;	Oscillator Selection bits
   511                           ;	FOSC = HS, HS oscillator (HS)
   512                           ;	Fail-Safe Clock Monitor Enable bit
   513                           ;	FCMEN = OFF, Fail-Safe Clock Monitor disabled
   514                           ;	Internal/External Oscillator Switchover bit
   515                           ;	IESO = OFF, Oscillator Switchover mode disabled
   516  300001                     	org	3145729
   517  300001  0C                 	db	12
   518                           
   519                           ;Config register CONFIG2L @ 0x300002
   520                           ;	Power-up Timer Enable bit
   521                           ;	PWRT = ON, PWRT enabled
   522                           ;	Brown-out Reset Enable bits
   523                           ;	BOR = ON, Brown-out Reset enabled in hardware only (SBOREN is disabled)
   524                           ;	Brown-out Reset Voltage bits
   525                           ;	BORV = 1, Setting 2 4.33V
   526                           ;	USB Voltage Regulator Enable bit
   527                           ;	VREGEN = OFF, USB voltage regulator disabled
   528  300002                     	org	3145730
   529  300002  0E                 	db	14
   530                           
   531                           ;Config register CONFIG2H @ 0x300003
   532                           ;	Watchdog Timer Enable bit
   533                           ;	WDT = OFF, WDT disabled (control is placed on the SWDTEN bit)
   534                           ;	Watchdog Timer Postscale Select bits
   535                           ;	WDTPS = 1, 1:1
   536  300003                     	org	3145731
   537  300003  00                 	db	0
   538                           
   539                           ; Padding undefined space
   540  300004                     	org	3145732
   541  300004  FF                 	db	255
   542                           
   543                           ;Config register CONFIG3H @ 0x300005
   544                           ;	CCP2 MUX bit
   545                           ;	CCP2MX = ON, CCP2 input/output is multiplexed with RC1
   546                           ;	PORTB A/D Enable bit
   547                           ;	PBADEN = OFF, PORTB<4:0> pins are configured as digital I/O on Reset
   548                           ;	Low-Power Timer 1 Oscillator Enable bit
   549                           ;	LPT1OSC = OFF, Timer1 configured for higher power operation
   550                           ;	MCLR Pin Enable bit
   551                           ;	MCLRE = ON, MCLR pin enabled; RE3 input pin disabled
   552  300005                     	org	3145733
   553  300005  81                 	db	129
   554                           
   555                           ;Config register CONFIG4L @ 0x300006
   556                           ;	Stack Full/Underflow Reset Enable bit
   557                           ;	STVREN = ON, Stack full/underflow will cause Reset
   558                           ;	Single-Supply ICSP Enable bit
   559                           ;	LVP = OFF, Single-Supply ICSP disabled
   560                           ;	Dedicated In-Circuit Debug/Programming Port (ICPORT) Enable bit
   561                           ;	ICPRT = OFF, ICPORT disabled
   562                           ;	Extended Instruction Set Enable bit
   563                           ;	XINST = OFF, Instruction set extension and Indexed Addressing mode disabled (Legacy mo
      +                          de)
   564                           ;	Background Debugger Enable bit
   565                           ;	DEBUG = 0x1, unprogrammed default
   566  300006                     	org	3145734
   567  300006  81                 	db	129
   568                           
   569                           ; Padding undefined space
   570  300007                     	org	3145735
   571  300007  FF                 	db	255
   572                           
   573                           ;Config register CONFIG5L @ 0x300008
   574                           ;	Code Protection bit
   575                           ;	CP0 = OFF, Block 0 (000800-001FFFh) is not code-protected
   576                           ;	Code Protection bit
   577                           ;	CP1 = OFF, Block 1 (002000-003FFFh) is not code-protected
   578                           ;	Code Protection bit
   579                           ;	CP2 = OFF, Block 2 (004000-005FFFh) is not code-protected
   580                           ;	Code Protection bit
   581                           ;	CP3 = OFF, Block 3 (006000-007FFFh) is not code-protected
   582  300008                     	org	3145736
   583  300008  0F                 	db	15
   584                           
   585                           ;Config register CONFIG5H @ 0x300009
   586                           ;	Boot Block Code Protection bit
   587                           ;	CPB = OFF, Boot block (000000-0007FFh) is not code-protected
   588                           ;	Data EEPROM Code Protection bit
   589                           ;	CPD = OFF, Data EEPROM is not code-protected
   590  300009                     	org	3145737
   591  300009  C0                 	db	192
   592                           
   593                           ;Config register CONFIG6L @ 0x30000A
   594                           ;	Write Protection bit
   595                           ;	WRT0 = OFF, Block 0 (000800-001FFFh) is not write-protected
   596                           ;	Write Protection bit
   597                           ;	WRT1 = OFF, Block 1 (002000-003FFFh) is not write-protected
   598                           ;	Write Protection bit
   599                           ;	WRT2 = OFF, Block 2 (004000-005FFFh) is not write-protected
   600                           ;	Write Protection bit
   601                           ;	WRT3 = OFF, Block 3 (006000-007FFFh) is not write-protected
   602  30000A                     	org	3145738
   603  30000A  0F                 	db	15
   604                           
   605                           ;Config register CONFIG6H @ 0x30000B
   606                           ;	Configuration Register Write Protection bit
   607                           ;	WRTC = OFF, Configuration registers (300000-3000FFh) are not write-protected
   608                           ;	Boot Block Write Protection bit
   609                           ;	WRTB = OFF, Boot block (000000-0007FFh) is not write-protected
   610                           ;	Data EEPROM Write Protection bit
   611                           ;	WRTD = OFF, Data EEPROM is not write-protected
   612  30000B                     	org	3145739
   613  30000B  E0                 	db	224
   614                           
   615                           ;Config register CONFIG7L @ 0x30000C
   616                           ;	Table Read Protection bit
   617                           ;	EBTR0 = OFF, Block 0 (000800-001FFFh) is not protected from table reads executed in ot
      +                          her blocks
   618                           ;	Table Read Protection bit
   619                           ;	EBTR1 = OFF, Block 1 (002000-003FFFh) is not protected from table reads executed in ot
      +                          her blocks
   620                           ;	Table Read Protection bit
   621                           ;	EBTR2 = OFF, Block 2 (004000-005FFFh) is not protected from table reads executed in ot
      +                          her blocks
   622                           ;	Table Read Protection bit
   623                           ;	EBTR3 = OFF, Block 3 (006000-007FFFh) is not protected from table reads executed in ot
      +                          her blocks
   624  30000C                     	org	3145740
   625  30000C  0F                 	db	15
   626                           
   627                           ;Config register CONFIG7H @ 0x30000D
   628                           ;	Boot Block Table Read Protection bit
   629                           ;	EBTRB = OFF, Boot block (000000-0007FFh) is not protected from table reads executed in
      +                           other blocks
   630  30000D                     	org	3145741
   631  30000D  40                 	db	64
   632                           tosu	equ	0xFFF
   633                           tosh	equ	0xFFE
   634                           tosl	equ	0xFFD
   635                           stkptr	equ	0xFFC
   636                           pclatu	equ	0xFFB
   637                           pclath	equ	0xFFA
   638                           pcl	equ	0xFF9
   639                           tblptru	equ	0xFF8
   640                           tblptrh	equ	0xFF7
   641                           tblptrl	equ	0xFF6
   642                           tablat	equ	0xFF5
   643                           prodh	equ	0xFF4
   644                           prodl	equ	0xFF3
   645                           indf0	equ	0xFEF
   646                           postinc0	equ	0xFEE
   647                           postdec0	equ	0xFED
   648                           preinc0	equ	0xFEC
   649                           plusw0	equ	0xFEB
   650                           fsr0h	equ	0xFEA
   651                           fsr0l	equ	0xFE9
   652                           wreg	equ	0xFE8
   653                           indf1	equ	0xFE7
   654                           postinc1	equ	0xFE6
   655                           postdec1	equ	0xFE5
   656                           preinc1	equ	0xFE4
   657                           plusw1	equ	0xFE3
   658                           fsr1h	equ	0xFE2
   659                           fsr1l	equ	0xFE1
   660                           bsr	equ	0xFE0
   661                           indf2	equ	0xFDF
   662                           postinc2	equ	0xFDE
   663                           postdec2	equ	0xFDD
   664                           preinc2	equ	0xFDC
   665                           plusw2	equ	0xFDB
   666                           fsr2h	equ	0xFDA
   667                           fsr2l	equ	0xFD9
   668                           status	equ	0xFD8

Data Sizes:
    Strings     0
    Constant    0
    Data        0
    BSS         0
    Persistent  0
    Stack       0

Auto Spaces:
    Space          Size  Autos    Used
    COMRAM           95      2       2
    BANK0           160      0       0
    BANK1           256      0       0
    BANK2           256      0       0
    BANK3           256      0       0
    BANK4           256      0       0
    BANK5           256      0       0
    BANK6           256      0       0
    BANK7           256      0       0

Pointer List with Targets:

    None.

Critical Paths under _main in COMRAM

    None.

Critical Paths under _main in BANK0

    None.

Critical Paths under _main in BANK1

    None.

Critical Paths under _main in BANK2

    None.

Critical Paths under _main in BANK3

    None.

Critical Paths under _main in BANK4

    None.

Critical Paths under _main in BANK5

    None.

Critical Paths under _main in BANK6

    None.

Critical Paths under _main in BANK7

    None.

Call Graph Tables:

 ---------------------------------------------------------------------------------
 (Depth) Function   	        Calls       Base Space   Used Autos Params    Refs
 ---------------------------------------------------------------------------------
 (0) _main                                                 2     2      0       0
                                              0 COMRAM     2     2      0
 ---------------------------------------------------------------------------------
 Estimated maximum stack depth 0
 ---------------------------------------------------------------------------------

 Call Graph Graphs:

 _main (ROOT)

 Address spaces:
Name               Size   Autos  Total    Cost      Usage
BITCOMRAM           5F      0       0       0        0.0%
EEDATA             100      0       0       0        0.0%
NULL                 0      0       0       0        0.0%
CODE                 0      0       0       0        0.0%
COMRAM              5F      2       2       1        2.1%
STACK                0      0       0       2        0.0%
DATA                 0      0       0       3        0.0%
BITBANK0            A0      0       0       4        0.0%
BANK0               A0      0       0       5        0.0%
BITBANK1           100      0       0       6        0.0%
BANK1              100      0       0       7        0.0%
BITBANK2           100      0       0       8        0.0%
BANK2              100      0       0       9        0.0%
BITBANK3           100      0       0      10        0.0%
BANK3              100      0       0      11        0.0%
BITBANK4           100      0       0      12        0.0%
BANK4              100      0       0      13        0.0%
BITBANK5           100      0       0      14        0.0%
BANK5              100      0       0      15        0.0%
BITBANK6           100      0       0      16        0.0%
BANK6              100      0       0      17        0.0%
BITBANK7           100      0       0      18        0.0%
BANK7              100      0       0      19        0.0%
ABS                  0      0       0      20        0.0%
BIGRAM             7FF      0       0      21        0.0%
BITSFR               0      0       0     200        0.0%
SFR                  0      0       0     200        0.0%


Microchip Technology PIC18 Macro Assembler V2.32 build 20210201212658 
Symbol Table                                                                                   Mon Jul 05 20:07:54 2021

                     u10 7DA8                       u11 7DA4                       u20 7DEC  
                     u21 7DE8                       u30 7EDA                       u31 7ED6  
                     u40 7FB8                       u41 7FB4                       u57 7DB4  
                     u67 7DD0                       u77 7DFA                       u87 7E16  
                     u97 7E32                      l711 7DAA                      l721 7DF0  
                    l713 7DC2                      l705 7D86                      l731 7E40  
                    l723 7E08                      l715 7DC6                      l707 7D9A  
                    l741 7E7C                      l733 7E44                      l725 7E0C  
                    l709 7DA8                      l717 7DDE                      l743 7E94  
                    l735 7E5C                      l727 7E24                      l719 7DEC  
                    l751 7ECC                      l761 7F0E                      l753 7EDA  
                    l745 7E98                      l737 7E60                      l729 7E28  
                    l771 7F46                      l763 7F12                      l755 7EDE  
                    l747 7EB0                      l739 7E78                      l781 7F90  
                    l773 7F5C                      l765 7F28                      l757 7EF4  
                    l749 7EB4                      l791 7FD4                      l783 7F94  
                    l775 7F60                      l767 7F2C                      l759 7EF8  
                    l793 7FF4                      l777 7F76                      l769 7F42  
                    l785 7FAA                      l787 7FB8                      l779 7F7A  
                    l789 7FBC                      u107 7E4E                      u117 7E6A  
                    u207 7F6A                      u127 7E86                      u217 7F84  
                    u137 7EA2                      u227 7F9E                      u147 7EBE  
                    u237 7FC6                      u157 7EE8                      u247 7FE2  
                    u167 7F02                      u177 7F1C                      u187 7F36  
                    u197 7F50                      wreg 000FE8                     _main 7D86  
                   start 0000             ___param_bank 000000                    ?_main 0001  
                  _PORTD 000F83                    _TRISA 000F92                    _TRISB 000F93  
                  _TRISC 000F94                    _TRISD 000F95                    _TRISE 000F96  
                  status 000FD8          __initialization 7D80             __end_of_main 8000  
                 ??_main 0001            __activetblptr 000000                   isa$std 000001  
             __accesstop 0060  __end_of__initialization 7D80            ___rparam_used 000001  
         __pcstackCOMRAM 0001                  __Hparam 0000                  __Lparam 0000  
                __pcinit 7D80                  __ramtop 0800                  __ptext0 7D86  
   end_of_initialization 7D80                _PORTBbits 000F81      start_initialization 7D80  
               __Hrparam 0000                 __Lrparam 0000            __size_of_main 027A  
               isa$xinst 000000  
