

Microchip MPLAB XC8 Assembler V2.32 build 20210201212658 
                                                                                               Mon Jul 05 19:17:25 2021

Microchip MPLAB XC8 C Compiler v2.32 (Free license) build 20210201212658 Og1 
     1                           	processor	18F4550
     2                           	fnconf	rparam,??,?,0
     3                           	pagewidth 120
     4                           	opt	flic
     5                           	psect	cinit,global,reloc=2,class=CODE,delta=1
     6                           	psect	cstackCOMRAM,global,class=COMRAM,space=1,delta=1,lowdata,noexec
     7                           	psect	text0,global,reloc=2,class=CODE,delta=1
     8                           	psect	intsave_regs,global,class=BIGRAM,space=1,delta=1,noexec
     9                           	psect	rparam,global,class=COMRAM,space=1,delta=1,noexec
    10                           	psect	idloc,global,abs,ovrld,class=IDLOC,space=5,delta=1,noexec
    11                           	psect	config,global,abs,ovrld,class=CONFIG,space=4,delta=1,noexec
    12  0000                     
    13                           ; Version 2.20
    14                           ; Generated 12/02/2020 GMT
    15                           ; 
    16                           ; Copyright © 2020, Microchip Technology Inc. and its subsidiaries ("Microchip")
    17                           ; All rights reserved.
    18                           ; 
    19                           ; This software is developed by Microchip Technology Inc. and its subsidiaries ("Microch
      +                          ip").
    20                           ; 
    21                           ; Redistribution and use in source and binary forms, with or without modification, are
    22                           ; permitted provided that the following conditions are met:
    23                           ; 
    24                           ;     1. Redistributions of source code must retain the above copyright notice, this lis
      +                          t of
    25                           ;        conditions and the following disclaimer.
    26                           ; 
    27                           ;     2. Redistributions in binary form must reproduce the above copyright notice, this 
      +                          list
    28                           ;        of conditions and the following disclaimer in the documentation and/or other
    29                           ;        materials provided with the distribution.
    30                           ; 
    31                           ;     3. Microchip's name may not be used to endorse or promote products derived from th
      +                          is
    32                           ;        software without specific prior written permission.
    33                           ; 
    34                           ; THIS SOFTWARE IS PROVIDED BY MICROCHIP "AS IS" AND ANY EXPRESS OR IMPLIED WARRANTIES,
    35                           ; INCLUDING, BUT NOT LIMITED TO, THE IMPLIED WARRANTIES OF MERCHANTABILITY AND FITNESS F
      +                          OR
    36                           ; PURPOSE ARE DISCLAIMED.  IN NO EVENT SHALL MICROCHIP BE LIABLE FOR ANY DIRECT, INDIREC
      +                          T,
    37                           ; INCIDENTAL, SPECIAL, EXEMPLARY, OR CONSEQUENTIAL DAMAGES (INCLUDING BUT NOT LIMITED TO
    38                           ; PROCUREMENT OF SUBSTITUTE GOODS OR SERVICES; LOSS OF USE, DATA OR PROFITS; OR BUSINESS
    39                           ; INTERRUPTION) HOWSOEVER CAUSED AND ON ANY THEORY OF LIABILITY, WHETHER IN CONTRACT, ST
      +                          RICT
    40                           ; LIABILITY, OR TORT (INCLUDING NEGLIGENCE OR OTHERWISE) ARISING IN ANY WAY OUT OF THE U
      +                          SE OF
    41                           ; THIS SOFTWARE, EVEN IF ADVISED OF THE POSSIBILITY OF SUCH DAMAGE.
    42                           ; 
    43                           ; 
    44                           ; Code-generator required, PIC18F4550 Definitions
    45                           ; 
    46                           ; SFR Addresses
    47  0000                     _PORTDbits	set	3971
    48  0000                     _PORTBbits	set	3969
    49  0000                     _TRISE	set	3990
    50  0000                     _TRISD	set	3989
    51  0000                     _TRISC	set	3988
    52  0000                     _TRISB	set	3987
    53  0000                     _TRISA	set	3986
    54  0000                     _ADCON1	set	4033
    55                           
    56                           ; #config settings
    57                           
    58                           	psect	cinit
    59  007F30                     __pcinit:
    60                           	callstack 0
    61  007F30                     start_initialization:
    62                           	callstack 0
    63  007F30                     __initialization:
    64                           	callstack 0
    65  007F30                     end_of_initialization:
    66                           	callstack 0
    67  007F30                     __end_of__initialization:
    68                           	callstack 0
    69  007F30  0100               	movlb	0
    70  007F32  EF9B  F03F         	goto	_main	;jump to C main() function
    71                           
    72                           	psect	cstackCOMRAM
    73  000000                     __pcstackCOMRAM:
    74                           	callstack 0
    75  000000                     
    76                           ; 1 bytes @ 0x0
    77 ;;
    78 ;;Main: autosize = 0, tempsize = 0, incstack = 0, save=0
    79 ;;
    80 ;; *************** function _main *****************
    81 ;; Defined at:
    82 ;;		line 39 in file "08-portas-digitais.c"
    83 ;; Parameters:    Size  Location     Type
    84 ;;		None
    85 ;; Auto vars:     Size  Location     Type
    86 ;;		None
    87 ;; Return value:  Size  Location     Type
    88 ;;                  1    wreg      void 
    89 ;; Registers used:
    90 ;;		wreg, status,2
    91 ;; Tracked objects:
    92 ;;		On entry : 0/0
    93 ;;		On exit  : 0/0
    94 ;;		Unchanged: 0/0
    95 ;; Data sizes:     COMRAM   BANK0   BANK1   BANK2   BANK3   BANK4   BANK5   BANK6   BANK7
    96 ;;      Params:         0       0       0       0       0       0       0       0       0
    97 ;;      Locals:         0       0       0       0       0       0       0       0       0
    98 ;;      Temps:          0       0       0       0       0       0       0       0       0
    99 ;;      Totals:         0       0       0       0       0       0       0       0       0
   100 ;;Total ram usage:        0 bytes
   101 ;; This function calls:
   102 ;;		Nothing
   103 ;; This function is called by:
   104 ;;		Startup code after reset
   105 ;; This function uses a non-reentrant model
   106 ;;
   107                           
   108                           	psect	text0
   109  007F36                     __ptext0:
   110                           	callstack 0
   111  007F36                     _main:
   112                           	callstack 31
   113  007F36  0E0F               	movlw	15
   114  007F38  6EC1               	movwf	193,c	;volatile
   115  007F3A  0E00               	movlw	0
   116  007F3C  6E92               	movwf	146,c	;volatile
   117  007F3E  6893               	setf	147,c	;volatile
   118  007F40  0E00               	movlw	0
   119  007F42  6E94               	movwf	148,c	;volatile
   120  007F44  0E00               	movlw	0
   121  007F46  6E95               	movwf	149,c	;volatile
   122  007F48  0E00               	movlw	0
   123  007F4A  6E96               	movwf	150,c	;volatile
   124  007F4C  A081               	btfss	129,0,c	;volatile
   125  007F4E  EFAB  F03F         	goto	u11
   126  007F52  EFAD  F03F         	goto	u10
   127  007F56                     u11:
   128  007F56  EFB0  F03F         	goto	l21
   129  007F5A                     u10:
   130  007F5A  8E83               	bsf	131,7,c	;volatile
   131  007F5C  EFB1  F03F         	goto	l22
   132  007F60                     l21:
   133  007F60  9E83               	bcf	131,7,c	;volatile
   134  007F62                     l22:
   135  007F62  A281               	btfss	129,1,c	;volatile
   136  007F64  EFB6  F03F         	goto	u21
   137  007F68  EFB8  F03F         	goto	u20
   138  007F6C                     u21:
   139  007F6C  EFBB  F03F         	goto	l23
   140  007F70                     u20:
   141  007F70  8C83               	bsf	131,6,c	;volatile
   142  007F72  EFBC  F03F         	goto	l24
   143  007F76                     l23:
   144  007F76  9C83               	bcf	131,6,c	;volatile
   145  007F78                     l24:
   146  007F78  A481               	btfss	129,2,c	;volatile
   147  007F7A  EFC1  F03F         	goto	u31
   148  007F7E  EFC3  F03F         	goto	u30
   149  007F82                     u31:
   150  007F82  EFC6  F03F         	goto	l25
   151  007F86                     u30:
   152  007F86  8A83               	bsf	131,5,c	;volatile
   153  007F88  EFC7  F03F         	goto	l26
   154  007F8C                     l25:
   155  007F8C  9A83               	bcf	131,5,c	;volatile
   156  007F8E                     l26:
   157  007F8E  A681               	btfss	129,3,c	;volatile
   158  007F90  EFCC  F03F         	goto	u41
   159  007F94  EFCE  F03F         	goto	u40
   160  007F98                     u41:
   161  007F98  EFD1  F03F         	goto	l27
   162  007F9C                     u40:
   163  007F9C  8883               	bsf	131,4,c	;volatile
   164  007F9E  EFD2  F03F         	goto	l28
   165  007FA2                     l27:
   166  007FA2  9883               	bcf	131,4,c	;volatile
   167  007FA4                     l28:
   168  007FA4  A881               	btfss	129,4,c	;volatile
   169  007FA6  EFD7  F03F         	goto	u51
   170  007FAA  EFD9  F03F         	goto	u50
   171  007FAE                     u51:
   172  007FAE  EFDC  F03F         	goto	l29
   173  007FB2                     u50:
   174  007FB2  8683               	bsf	131,3,c	;volatile
   175  007FB4  EFDD  F03F         	goto	l30
   176  007FB8                     l29:
   177  007FB8  9683               	bcf	131,3,c	;volatile
   178  007FBA                     l30:
   179  007FBA  AA81               	btfss	129,5,c	;volatile
   180  007FBC  EFE2  F03F         	goto	u61
   181  007FC0  EFE4  F03F         	goto	u60
   182  007FC4                     u61:
   183  007FC4  EFE7  F03F         	goto	l31
   184  007FC8                     u60:
   185  007FC8  8483               	bsf	131,2,c	;volatile
   186  007FCA  EFE8  F03F         	goto	l32
   187  007FCE                     l31:
   188  007FCE  9483               	bcf	131,2,c	;volatile
   189  007FD0                     l32:
   190  007FD0  AC81               	btfss	129,6,c	;volatile
   191  007FD2  EFED  F03F         	goto	u71
   192  007FD6  EFEF  F03F         	goto	u70
   193  007FDA                     u71:
   194  007FDA  EFF2  F03F         	goto	l33
   195  007FDE                     u70:
   196  007FDE  8283               	bsf	131,1,c	;volatile
   197  007FE0  EFF3  F03F         	goto	l34
   198  007FE4                     l33:
   199  007FE4  9283               	bcf	131,1,c	;volatile
   200  007FE6                     l34:
   201  007FE6  AE81               	btfss	129,7,c	;volatile
   202  007FE8  EFF8  F03F         	goto	u81
   203  007FEC  EFFA  F03F         	goto	u80
   204  007FF0                     u81:
   205  007FF0  EFFD  F03F         	goto	l35
   206  007FF4                     u80:
   207  007FF4  8083               	bsf	131,0,c	;volatile
   208  007FF6  EFFE  F03F         	goto	l37
   209  007FFA                     l35:
   210  007FFA  9083               	bcf	131,0,c	;volatile
   211  007FFC                     l37:
   212  007FFC  EF00  F000         	goto	start
   213  008000                     __end_of_main:
   214                           	callstack 0
   215  0000                     
   216                           	psect	rparam
   217  0000                     
   218                           	psect	idloc
   219                           
   220                           ;Config register IDLOC0 @ 0x200000
   221                           ;	unspecified, using default values
   222  200000                     	org	2097152
   223  200000  FF                 	db	255
   224                           
   225                           ;Config register IDLOC1 @ 0x200001
   226                           ;	unspecified, using default values
   227  200001                     	org	2097153
   228  200001  FF                 	db	255
   229                           
   230                           ;Config register IDLOC2 @ 0x200002
   231                           ;	unspecified, using default values
   232  200002                     	org	2097154
   233  200002  FF                 	db	255
   234                           
   235                           ;Config register IDLOC3 @ 0x200003
   236                           ;	unspecified, using default values
   237  200003                     	org	2097155
   238  200003  FF                 	db	255
   239                           
   240                           ;Config register IDLOC4 @ 0x200004
   241                           ;	unspecified, using default values
   242  200004                     	org	2097156
   243  200004  FF                 	db	255
   244                           
   245                           ;Config register IDLOC5 @ 0x200005
   246                           ;	unspecified, using default values
   247  200005                     	org	2097157
   248  200005  FF                 	db	255
   249                           
   250                           ;Config register IDLOC6 @ 0x200006
   251                           ;	unspecified, using default values
   252  200006                     	org	2097158
   253  200006  FF                 	db	255
   254                           
   255                           ;Config register IDLOC7 @ 0x200007
   256                           ;	unspecified, using default values
   257  200007                     	org	2097159
   258  200007  FF                 	db	255
   259                           
   260                           	psect	config
   261                           
   262                           ;Config register CONFIG1L @ 0x300000
   263                           ;	PLL Prescaler Selection bits
   264                           ;	PLLDIV = 1, No prescale (4 MHz oscillator input drives PLL directly)
   265                           ;	System Clock Postscaler Selection bits
   266                           ;	CPUDIV = OSC1_PLL2, [Primary Oscillator Src: /1][96 MHz PLL Src: /2]
   267                           ;	USB Clock Selection bit (used in Full-Speed USB mode only; UCFG:FSEN = 1)
   268                           ;	USBDIV = 1, USB clock source comes directly from the primary oscillator block with no 
      +                          postscale
   269  300000                     	org	3145728
   270  300000  00                 	db	0
   271                           
   272                           ;Config register CONFIG1H @ 0x300001
   273                           ;	Oscillator Selection bits
   274                           ;	FOSC = HS, HS oscillator (HS)
   275                           ;	Fail-Safe Clock Monitor Enable bit
   276                           ;	FCMEN = OFF, Fail-Safe Clock Monitor disabled
   277                           ;	Internal/External Oscillator Switchover bit
   278                           ;	IESO = OFF, Oscillator Switchover mode disabled
   279  300001                     	org	3145729
   280  300001  0C                 	db	12
   281                           
   282                           ;Config register CONFIG2L @ 0x300002
   283                           ;	Power-up Timer Enable bit
   284                           ;	PWRT = ON, PWRT enabled
   285                           ;	Brown-out Reset Enable bits
   286                           ;	BOR = ON, Brown-out Reset enabled in hardware only (SBOREN is disabled)
   287                           ;	Brown-out Reset Voltage bits
   288                           ;	BORV = 1, Setting 2 4.33V
   289                           ;	USB Voltage Regulator Enable bit
   290                           ;	VREGEN = OFF, USB voltage regulator disabled
   291  300002                     	org	3145730
   292  300002  0E                 	db	14
   293                           
   294                           ;Config register CONFIG2H @ 0x300003
   295                           ;	Watchdog Timer Enable bit
   296                           ;	WDT = OFF, WDT disabled (control is placed on the SWDTEN bit)
   297                           ;	Watchdog Timer Postscale Select bits
   298                           ;	WDTPS = 1, 1:1
   299  300003                     	org	3145731
   300  300003  00                 	db	0
   301                           
   302                           ; Padding undefined space
   303  300004                     	org	3145732
   304  300004  FF                 	db	255
   305                           
   306                           ;Config register CONFIG3H @ 0x300005
   307                           ;	CCP2 MUX bit
   308                           ;	CCP2MX = ON, CCP2 input/output is multiplexed with RC1
   309                           ;	PORTB A/D Enable bit
   310                           ;	PBADEN = ON, PORTB<4:0> pins are configured as analog input channels on Reset
   311                           ;	Low-Power Timer 1 Oscillator Enable bit
   312                           ;	LPT1OSC = OFF, Timer1 configured for higher power operation
   313                           ;	MCLR Pin Enable bit
   314                           ;	MCLRE = ON, MCLR pin enabled; RE3 input pin disabled
   315  300005                     	org	3145733
   316  300005  83                 	db	131
   317                           
   318                           ;Config register CONFIG4L @ 0x300006
   319                           ;	Stack Full/Underflow Reset Enable bit
   320                           ;	STVREN = ON, Stack full/underflow will cause Reset
   321                           ;	Single-Supply ICSP Enable bit
   322                           ;	LVP = OFF, Single-Supply ICSP disabled
   323                           ;	Dedicated In-Circuit Debug/Programming Port (ICPORT) Enable bit
   324                           ;	ICPRT = OFF, ICPORT disabled
   325                           ;	Extended Instruction Set Enable bit
   326                           ;	XINST = OFF, Instruction set extension and Indexed Addressing mode disabled (Legacy mo
      +                          de)
   327                           ;	Background Debugger Enable bit
   328                           ;	DEBUG = 0x1, unprogrammed default
   329  300006                     	org	3145734
   330  300006  81                 	db	129
   331                           
   332                           ; Padding undefined space
   333  300007                     	org	3145735
   334  300007  FF                 	db	255
   335                           
   336                           ;Config register CONFIG5L @ 0x300008
   337                           ;	Code Protection bit
   338                           ;	CP0 = OFF, Block 0 (000800-001FFFh) is not code-protected
   339                           ;	Code Protection bit
   340                           ;	CP1 = OFF, Block 1 (002000-003FFFh) is not code-protected
   341                           ;	Code Protection bit
   342                           ;	CP2 = OFF, Block 2 (004000-005FFFh) is not code-protected
   343                           ;	Code Protection bit
   344                           ;	CP3 = OFF, Block 3 (006000-007FFFh) is not code-protected
   345  300008                     	org	3145736
   346  300008  0F                 	db	15
   347                           
   348                           ;Config register CONFIG5H @ 0x300009
   349                           ;	Boot Block Code Protection bit
   350                           ;	CPB = OFF, Boot block (000000-0007FFh) is not code-protected
   351                           ;	Data EEPROM Code Protection bit
   352                           ;	CPD = OFF, Data EEPROM is not code-protected
   353  300009                     	org	3145737
   354  300009  C0                 	db	192
   355                           
   356                           ;Config register CONFIG6L @ 0x30000A
   357                           ;	Write Protection bit
   358                           ;	WRT0 = OFF, Block 0 (000800-001FFFh) is not write-protected
   359                           ;	Write Protection bit
   360                           ;	WRT1 = OFF, Block 1 (002000-003FFFh) is not write-protected
   361                           ;	Write Protection bit
   362                           ;	WRT2 = OFF, Block 2 (004000-005FFFh) is not write-protected
   363                           ;	Write Protection bit
   364                           ;	WRT3 = OFF, Block 3 (006000-007FFFh) is not write-protected
   365  30000A                     	org	3145738
   366  30000A  0F                 	db	15
   367                           
   368                           ;Config register CONFIG6H @ 0x30000B
   369                           ;	Configuration Register Write Protection bit
   370                           ;	WRTC = OFF, Configuration registers (300000-3000FFh) are not write-protected
   371                           ;	Boot Block Write Protection bit
   372                           ;	WRTB = OFF, Boot block (000000-0007FFh) is not write-protected
   373                           ;	Data EEPROM Write Protection bit
   374                           ;	WRTD = OFF, Data EEPROM is not write-protected
   375  30000B                     	org	3145739
   376  30000B  E0                 	db	224
   377                           
   378                           ;Config register CONFIG7L @ 0x30000C
   379                           ;	Table Read Protection bit
   380                           ;	EBTR0 = OFF, Block 0 (000800-001FFFh) is not protected from table reads executed in ot
      +                          her blocks
   381                           ;	Table Read Protection bit
   382                           ;	EBTR1 = OFF, Block 1 (002000-003FFFh) is not protected from table reads executed in ot
      +                          her blocks
   383                           ;	Table Read Protection bit
   384                           ;	EBTR2 = OFF, Block 2 (004000-005FFFh) is not protected from table reads executed in ot
      +                          her blocks
   385                           ;	Table Read Protection bit
   386                           ;	EBTR3 = OFF, Block 3 (006000-007FFFh) is not protected from table reads executed in ot
      +                          her blocks
   387  30000C                     	org	3145740
   388  30000C  0F                 	db	15
   389                           
   390                           ;Config register CONFIG7H @ 0x30000D
   391                           ;	Boot Block Table Read Protection bit
   392                           ;	EBTRB = OFF, Boot block (000000-0007FFh) is not protected from table reads executed in
      +                           other blocks
   393  30000D                     	org	3145741
   394  30000D  40                 	db	64
   395                           tosu	equ	0xFFF
   396                           tosh	equ	0xFFE
   397                           tosl	equ	0xFFD
   398                           stkptr	equ	0xFFC
   399                           pclatu	equ	0xFFB
   400                           pclath	equ	0xFFA
   401                           pcl	equ	0xFF9
   402                           tblptru	equ	0xFF8
   403                           tblptrh	equ	0xFF7
   404                           tblptrl	equ	0xFF6
   405                           tablat	equ	0xFF5
   406                           prodh	equ	0xFF4
   407                           prodl	equ	0xFF3
   408                           indf0	equ	0xFEF
   409                           postinc0	equ	0xFEE
   410                           postdec0	equ	0xFED
   411                           preinc0	equ	0xFEC
   412                           plusw0	equ	0xFEB
   413                           fsr0h	equ	0xFEA
   414                           fsr0l	equ	0xFE9
   415                           wreg	equ	0xFE8
   416                           indf1	equ	0xFE7
   417                           postinc1	equ	0xFE6
   418                           postdec1	equ	0xFE5
   419                           preinc1	equ	0xFE4
   420                           plusw1	equ	0xFE3
   421                           fsr1h	equ	0xFE2
   422                           fsr1l	equ	0xFE1
   423                           bsr	equ	0xFE0
   424                           indf2	equ	0xFDF
   425                           postinc2	equ	0xFDE
   426                           postdec2	equ	0xFDD
   427                           preinc2	equ	0xFDC
   428                           plusw2	equ	0xFDB
   429                           fsr2h	equ	0xFDA
   430                           fsr2l	equ	0xFD9
   431                           status	equ	0xFD8

Data Sizes:
    Strings     0
    Constant    0
    Data        0
    BSS         0
    Persistent  0
    Stack       0

Auto Spaces:
    Space          Size  Autos    Used
    COMRAM           95      0       0
    BANK0           160      0       0
    BANK1           256      0       0
    BANK2           256      0       0
    BANK3           256      0       0
    BANK4           256      0       0
    BANK5           256      0       0
    BANK6           256      0       0
    BANK7           256      0       0

Pointer List with Targets:

    None.

Critical Paths under _main in COMRAM

    None.

Critical Paths under _main in BANK0

    None.

Critical Paths under _main in BANK1

    None.

Critical Paths under _main in BANK2

    None.

Critical Paths under _main in BANK3

    None.

Critical Paths under _main in BANK4

    None.

Critical Paths under _main in BANK5

    None.

Critical Paths under _main in BANK6

    None.

Critical Paths under _main in BANK7

    None.

Call Graph Tables:

 ---------------------------------------------------------------------------------
 (Depth) Function   	        Calls       Base Space   Used Autos Params    Refs
 ---------------------------------------------------------------------------------
 (0) _main                                                 0     0      0       0
 ---------------------------------------------------------------------------------
 Estimated maximum stack depth 0
 ---------------------------------------------------------------------------------

 Call Graph Graphs:

 _main (ROOT)

 Address spaces:
Name               Size   Autos  Total    Cost      Usage
BITCOMRAM           5F      0       0       0        0.0%
EEDATA             100      0       0       0        0.0%
NULL                 0      0       0       0        0.0%
CODE                 0      0       0       0        0.0%
COMRAM              5F      0       0       1        0.0%
STACK                0      0       0       2        0.0%
DATA                 0      0       0       3        0.0%
BITBANK0            A0      0       0       4        0.0%
BANK0               A0      0       0       5        0.0%
BITBANK1           100      0       0       6        0.0%
BANK1              100      0       0       7        0.0%
BITBANK2           100      0       0       8        0.0%
BANK2              100      0       0       9        0.0%
BITBANK3           100      0       0      10        0.0%
BANK3              100      0       0      11        0.0%
BITBANK4           100      0       0      12        0.0%
BANK4              100      0       0      13        0.0%
BITBANK5           100      0       0      14        0.0%
BANK5              100      0       0      15        0.0%
BITBANK6           100      0       0      16        0.0%
BANK6              100      0       0      17        0.0%
BITBANK7           100      0       0      18        0.0%
BANK7              100      0       0      19        0.0%
ABS                  0      0       0      20        0.0%
BIGRAM             7FF      0       0      21        0.0%
BITSFR               0      0       0     200        0.0%
SFR                  0      0       0     200        0.0%


Microchip Technology PIC18 Macro Assembler V2.32 build 20210201212658 
Symbol Table                                                                                   Mon Jul 05 19:17:25 2021

                     l21 7F60                       l30 7FBA                       l22 7F62  
                     l31 7FCE                       l23 7F76                       l32 7FD0  
                     l24 7F78                       l33 7FE4                       l25 7F8C  
                     l34 7FE6                       l26 7F8E                       l35 7FFA  
                     l27 7FA2                       l28 7FA4                       l37 7FFC  
                     l29 7FB8                       u10 7F5A                       u11 7F56  
                     u20 7F70                       u21 7F6C                       u30 7F86  
                     u31 7F82                       u40 7F9C                       u41 7F98  
                     u50 7FB2                       u51 7FAE                       u60 7FC8  
                     u61 7FC4                       u70 7FDE                       u71 7FDA  
                     u80 7FF4                       u81 7FF0                      l721 7F70  
                    l713 7F36                      l731 7FDE                      l723 7F86  
                    l715 7F3E                      l733 7FF4                      l725 7F9C  
                    l717 7F4C                      l727 7FB2                      l719 7F5A  
                    l729 7FC8                     _main 7F36                     start 0000  
           ___param_bank 000000                    ?_main 0000                    _TRISA 000F92  
                  _TRISB 000F93                    _TRISC 000F94                    _TRISD 000F95  
                  _TRISE 000F96          __initialization 7F30             __end_of_main 8000  
                 ??_main 0000            __activetblptr 000000                   _ADCON1 000FC1  
                 isa$std 000001               __accesstop 0060  __end_of__initialization 7F30  
          ___rparam_used 000001           __pcstackCOMRAM 0000                  __Hparam 0000  
                __Lparam 0000                  __pcinit 7F30                  __ramtop 0800  
                __ptext0 7F36     end_of_initialization 7F30                _PORTBbits 000F81  
              _PORTDbits 000F83      start_initialization 7F30                 __Hrparam 0000  
               __Lrparam 0000            __size_of_main 00CA                 isa$xinst 000000  
