

Microchip MPLAB XC8 Assembler V2.32 build 20210201212658 
                                                                                               Tue Jul 06 12:05:18 2021

Microchip MPLAB XC8 C Compiler v2.32 (Free license) build 20210201212658 Og1 
     1                           	processor	18F4550
     2                           	fnconf	rparam,??,?,0
     3                           	pagewidth 120
     4                           	opt	flic
     5                           	psect	idataCOMRAM,global,class=CODE,delta=1,noexec
     6                           	psect	cinit,global,reloc=2,class=CODE,delta=1
     7                           	psect	dataCOMRAM,global,class=COMRAM,space=1,delta=1,lowdata,noexec
     8                           	psect	cstackCOMRAM,global,class=COMRAM,space=1,delta=1,lowdata,noexec
     9                           	psect	text0,global,reloc=2,class=CODE,delta=1
    10                           	psect	text1,global,reloc=2,class=CODE,delta=1
    11                           	psect	intsave_regs,global,class=BIGRAM,space=1,delta=1,noexec
    12                           	psect	rparam,global,class=COMRAM,space=1,delta=1,noexec
    13                           	psect	idloc,global,abs,ovrld,class=IDLOC,space=5,delta=1,noexec
    14                           	psect	config,global,abs,ovrld,class=CONFIG,space=4,delta=1,noexec
    15  0000                     
    16                           ; Version 2.20
    17                           ; Generated 12/02/2020 GMT
    18                           ; 
    19                           ; Copyright © 2020, Microchip Technology Inc. and its subsidiaries ("Microchip")
    20                           ; All rights reserved.
    21                           ; 
    22                           ; This software is developed by Microchip Technology Inc. and its subsidiaries ("Microch
      +                          ip").
    23                           ; 
    24                           ; Redistribution and use in source and binary forms, with or without modification, are
    25                           ; permitted provided that the following conditions are met:
    26                           ; 
    27                           ;     1. Redistributions of source code must retain the above copyright notice, this lis
      +                          t of
    28                           ;        conditions and the following disclaimer.
    29                           ; 
    30                           ;     2. Redistributions in binary form must reproduce the above copyright notice, this 
      +                          list
    31                           ;        of conditions and the following disclaimer in the documentation and/or other
    32                           ;        materials provided with the distribution.
    33                           ; 
    34                           ;     3. Microchip's name may not be used to endorse or promote products derived from th
      +                          is
    35                           ;        software without specific prior written permission.
    36                           ; 
    37                           ; THIS SOFTWARE IS PROVIDED BY MICROCHIP "AS IS" AND ANY EXPRESS OR IMPLIED WARRANTIES,
    38                           ; INCLUDING, BUT NOT LIMITED TO, THE IMPLIED WARRANTIES OF MERCHANTABILITY AND FITNESS F
      +                          OR
    39                           ; PURPOSE ARE DISCLAIMED.  IN NO EVENT SHALL MICROCHIP BE LIABLE FOR ANY DIRECT, INDIREC
      +                          T,
    40                           ; INCIDENTAL, SPECIAL, EXEMPLARY, OR CONSEQUENTIAL DAMAGES (INCLUDING BUT NOT LIMITED TO
    41                           ; PROCUREMENT OF SUBSTITUTE GOODS OR SERVICES; LOSS OF USE, DATA OR PROFITS; OR BUSINESS
    42                           ; INTERRUPTION) HOWSOEVER CAUSED AND ON ANY THEORY OF LIABILITY, WHETHER IN CONTRACT, ST
      +                          RICT
    43                           ; LIABILITY, OR TORT (INCLUDING NEGLIGENCE OR OTHERWISE) ARISING IN ANY WAY OUT OF THE U
      +                          SE OF
    44                           ; THIS SOFTWARE, EVEN IF ADVISED OF THE POSSIBILITY OF SUCH DAMAGE.
    45                           ; 
    46                           ; 
    47                           ; Code-generator required, PIC18F4550 Definitions
    48                           ; 
    49                           ; SFR Addresses
    50  0000                     
    51                           	psect	idataCOMRAM
    52  007E58                     __pidataCOMRAM:
    53                           	callstack 0
    54                           
    55                           ;initializer for main@F3162
    56  007E58  3F                 	db	63
    57  007E59  06                 	db	6
    58  007E5A  5B                 	db	91
    59  007E5B  4F                 	db	79
    60  007E5C  66                 	db	102
    61  007E5D  6D                 	db	109
    62  007E5E  7D                 	db	125
    63  007E5F  07                 	db	7
    64  007E60  7F                 	db	127
    65  007E61  6F                 	db	111
    66  0000                     _PORTBbits	set	3969
    67  0000                     _PORTD	set	3971
    68  0000                     _INTCON2bits	set	4081
    69  0000                     _TRISE	set	3990
    70  0000                     _TRISC	set	3988
    71  0000                     _TRISD	set	3989
    72  0000                     _TRISB	set	3987
    73  0000                     _TRISA	set	3986
    74                           
    75                           ; #config settings
    76                           
    77                           	psect	cinit
    78  007E62                     __pcinit:
    79                           	callstack 0
    80  007E62                     start_initialization:
    81                           	callstack 0
    82  007E62                     __initialization:
    83                           	callstack 0
    84                           
    85                           ; Initialize objects allocated to COMRAM (10 bytes)
    86                           ; load TBLPTR registers with __pidataCOMRAM
    87  007E62  0E58               	movlw	low __pidataCOMRAM
    88  007E64  6EF6               	movwf	tblptrl,c
    89  007E66  0E7E               	movlw	high __pidataCOMRAM
    90  007E68  6EF7               	movwf	tblptrh,c
    91  007E6A  0E00               	movlw	low (__pidataCOMRAM shr (0+16))
    92  007E6C  6EF8               	movwf	tblptru,c
    93  007E6E  EE00  F010         	lfsr	0,__pdataCOMRAM
    94  007E72  EE10 F00A          	lfsr	1,10
    95  007E76                     copy_data0:
    96  007E76  0009               	tblrd		*+
    97  007E78  CFF5 FFEE          	movff	tablat,postinc0
    98  007E7C  50E5               	movf	postdec1,w,c
    99  007E7E  50E1               	movf	fsr1l,w,c
   100  007E80  E1FA               	bnz	copy_data0
   101  007E82                     end_of_initialization:
   102                           	callstack 0
   103  007E82                     __end_of__initialization:
   104                           	callstack 0
   105  007E82  0100               	movlb	0
   106  007E84  EF44  F03F         	goto	_main	;jump to C main() function
   107                           
   108                           	psect	dataCOMRAM
   109  000010                     __pdataCOMRAM:
   110                           	callstack 0
   111  000010                     main@F3162:
   112                           	callstack 0
   113  000010                     	ds	10
   114                           
   115                           	psect	cstackCOMRAM
   116  000001                     __pcstackCOMRAM:
   117                           	callstack 0
   118  000001                     ?_le_teclado:
   119                           	callstack 0
   120                           
   121                           ; 2 bytes @ 0x0
   122  000001                     	ds	2
   123  000003                     ??_le_teclado:
   124                           
   125                           ; 1 bytes @ 0x2
   126  000003                     	ds	1
   127  000004                     main@cod_display:
   128                           	callstack 0
   129                           
   130                           ; 10 bytes @ 0x3
   131  000004                     	ds	10
   132  00000E                     main@tecla:
   133                           	callstack 0
   134                           
   135                           ; 2 bytes @ 0xD
   136  00000E                     	ds	2
   137                           
   138 ;;
   139 ;;Main: autosize = 0, tempsize = 0, incstack = 0, save=0
   140 ;;
   141 ;; *************** function _main *****************
   142 ;; Defined at:
   143 ;;		line 32 in file "13-teclado-matricial.c"
   144 ;; Parameters:    Size  Location     Type
   145 ;;		None
   146 ;; Auto vars:     Size  Location     Type
   147 ;;  cod_display    10    3[COMRAM] unsigned char [10]
   148 ;;  tecla           2   13[COMRAM] int 
   149 ;; Return value:  Size  Location     Type
   150 ;;                  1    wreg      void 
   151 ;; Registers used:
   152 ;;		wreg, fsr1l, fsr1h, fsr2l, fsr2h, status,2, status,0, cstack
   153 ;; Tracked objects:
   154 ;;		On entry : 0/0
   155 ;;		On exit  : 0/0
   156 ;;		Unchanged: 0/0
   157 ;; Data sizes:     COMRAM   BANK0   BANK1   BANK2   BANK3   BANK4   BANK5   BANK6   BANK7
   158 ;;      Params:         0       0       0       0       0       0       0       0       0
   159 ;;      Locals:        12       0       0       0       0       0       0       0       0
   160 ;;      Temps:          0       0       0       0       0       0       0       0       0
   161 ;;      Totals:        12       0       0       0       0       0       0       0       0
   162 ;;Total ram usage:       12 bytes
   163 ;; Hardware stack levels required when called: 1
   164 ;; This function calls:
   165 ;;		_le_teclado
   166 ;; This function is called by:
   167 ;;		Startup code after reset
   168 ;; This function uses a non-reentrant model
   169 ;;
   170                           
   171                           	psect	text0
   172  007E88                     __ptext0:
   173                           	callstack 0
   174  007E88                     _main:
   175                           	callstack 30
   176  007E88  0E00               	movlw	0
   177  007E8A  6E92               	movwf	146,c	;volatile
   178  007E8C  0E1C               	movlw	28
   179  007E8E  6E93               	movwf	147,c	;volatile
   180  007E90  0E00               	movlw	0
   181  007E92  6E95               	movwf	149,c	;volatile
   182  007E94  0E00               	movlw	0
   183  007E96  6E94               	movwf	148,c	;volatile
   184  007E98  0E00               	movlw	0
   185  007E9A  6E96               	movwf	150,c	;volatile
   186  007E9C  9EF1               	bcf	241,7,c	;volatile
   187  007E9E  EE20  F010         	lfsr	2,main@F3162
   188  007EA2  EE10  F004         	lfsr	1,main@cod_display
   189  007EA6  0E09               	movlw	9
   190  007EA8                     u201:
   191  007EA8  CFDB FFE3          	movff	plusw2,plusw1
   192  007EAC  06E8               	decf	wreg,f,c
   193  007EAE  E2FC               	bc	u201
   194  007EB0                     l842:
   195  007EB0  EC6A  F03F         	call	_le_teclado	;wreg free
   196  007EB4  C001  F00E         	movff	?_le_teclado,main@tecla
   197  007EB8  C002  F00F         	movff	?_le_teclado+1,main@tecla+1
   198  007EBC  0E04               	movlw	low main@cod_display
   199  007EBE  240E               	addwf	main@tecla^0,w,c
   200  007EC0  6ED9               	movwf	fsr2l,c
   201  007EC2  0E00               	movlw	high main@cod_display
   202  007EC4  200F               	addwfc	(main@tecla+1)^0,w,c
   203  007EC6  6EDA               	movwf	fsr2h,c
   204  007EC8  50DF               	movf	indf2,w,c
   205  007ECA  6E83               	movwf	131,c	;volatile
   206  007ECC  EF58  F03F         	goto	l842
   207  007ED0  EF00  F000         	goto	start
   208  007ED4                     __end_of_main:
   209                           	callstack 0
   210                           
   211 ;; *************** function _le_teclado *****************
   212 ;; Defined at:
   213 ;;		line 60 in file "13-teclado-matricial.c"
   214 ;; Parameters:    Size  Location     Type
   215 ;;		None
   216 ;; Auto vars:     Size  Location     Type
   217 ;;		None
   218 ;; Return value:  Size  Location     Type
   219 ;;                  2    0[COMRAM] int 
   220 ;; Registers used:
   221 ;;		wreg, status,2
   222 ;; Tracked objects:
   223 ;;		On entry : 0/0
   224 ;;		On exit  : 0/0
   225 ;;		Unchanged: 0/0
   226 ;; Data sizes:     COMRAM   BANK0   BANK1   BANK2   BANK3   BANK4   BANK5   BANK6   BANK7
   227 ;;      Params:         2       0       0       0       0       0       0       0       0
   228 ;;      Locals:         0       0       0       0       0       0       0       0       0
   229 ;;      Temps:          1       0       0       0       0       0       0       0       0
   230 ;;      Totals:         3       0       0       0       0       0       0       0       0
   231 ;;Total ram usage:        3 bytes
   232 ;; Hardware stack levels used: 1
   233 ;; This function calls:
   234 ;;		Nothing
   235 ;; This function is called by:
   236 ;;		_main
   237 ;; This function uses a non-reentrant model
   238 ;;
   239                           
   240                           	psect	text1
   241  007ED4                     __ptext1:
   242                           	callstack 0
   243  007ED4                     _le_teclado:
   244                           	callstack 30
   245  007ED4  8A81               	bsf	129,5,c	;volatile
   246  007ED6  8C81               	bsf	129,6,c	;volatile
   247  007ED8  9E81               	bcf	129,7,c	;volatile
   248  007EDA  0E82               	movlw	130
   249  007EDC  6E03               	movwf	??_le_teclado^0,c
   250  007EDE  0EDE               	movlw	222
   251  007EE0                     u217:
   252  007EE0  2EE8               	decfsz	wreg,f,c
   253  007EE2  D7FE               	bra	u217
   254  007EE4  2E03               	decfsz	??_le_teclado^0,f,c
   255  007EE6  D7FC               	bra	u217
   256  007EE8  B881               	btfsc	129,4,c	;volatile
   257  007EEA  EF79  F03F         	goto	u111
   258  007EEE  EF7B  F03F         	goto	u110
   259  007EF2                     u111:
   260  007EF2  EF81  F03F         	goto	l33
   261  007EF6                     u110:
   262  007EF6  0E00               	movlw	0
   263  007EF8  6E02               	movwf	(?_le_teclado+1)^0,c
   264  007EFA  0E03               	movlw	3
   265  007EFC  6E01               	movwf	?_le_teclado^0,c
   266  007EFE  EFFF  F03F         	goto	l34
   267  007F02                     l33:
   268  007F02  B681               	btfsc	129,3,c	;volatile
   269  007F04  EF86  F03F         	goto	u121
   270  007F08  EF88  F03F         	goto	u120
   271  007F0C                     u121:
   272  007F0C  EF8E  F03F         	goto	l35
   273  007F10                     u120:
   274  007F10  0E00               	movlw	0
   275  007F12  6E02               	movwf	(?_le_teclado+1)^0,c
   276  007F14  0E06               	movlw	6
   277  007F16  6E01               	movwf	?_le_teclado^0,c
   278  007F18  EFFF  F03F         	goto	l34
   279  007F1C                     l35:
   280  007F1C  B481               	btfsc	129,2,c	;volatile
   281  007F1E  EF93  F03F         	goto	u131
   282  007F22  EF95  F03F         	goto	u130
   283  007F26                     u131:
   284  007F26  EF9B  F03F         	goto	l36
   285  007F2A                     u130:
   286  007F2A  0E00               	movlw	0
   287  007F2C  6E02               	movwf	(?_le_teclado+1)^0,c
   288  007F2E  0E09               	movlw	9
   289  007F30  6E01               	movwf	?_le_teclado^0,c
   290  007F32  EFFF  F03F         	goto	l34
   291  007F36                     l36:
   292  007F36  9C81               	bcf	129,6,c	;volatile
   293  007F38  8E81               	bsf	129,7,c	;volatile
   294  007F3A  0E82               	movlw	130
   295  007F3C  6E03               	movwf	??_le_teclado^0,c
   296  007F3E  0EDE               	movlw	222
   297  007F40                     u227:
   298  007F40  2EE8               	decfsz	wreg,f,c
   299  007F42  D7FE               	bra	u227
   300  007F44  2E03               	decfsz	??_le_teclado^0,f,c
   301  007F46  D7FC               	bra	u227
   302  007F48  B881               	btfsc	129,4,c	;volatile
   303  007F4A  EFA9  F03F         	goto	u141
   304  007F4E  EFAB  F03F         	goto	u140
   305  007F52                     u141:
   306  007F52  EFB1  F03F         	goto	l37
   307  007F56                     u140:
   308  007F56  0E00               	movlw	0
   309  007F58  6E02               	movwf	(?_le_teclado+1)^0,c
   310  007F5A  0E02               	movlw	2
   311  007F5C  6E01               	movwf	?_le_teclado^0,c
   312  007F5E  EFFF  F03F         	goto	l34
   313  007F62                     l37:
   314  007F62  B681               	btfsc	129,3,c	;volatile
   315  007F64  EFB6  F03F         	goto	u151
   316  007F68  EFB8  F03F         	goto	u150
   317  007F6C                     u151:
   318  007F6C  EFBE  F03F         	goto	l38
   319  007F70                     u150:
   320  007F70  0E00               	movlw	0
   321  007F72  6E02               	movwf	(?_le_teclado+1)^0,c
   322  007F74  0E05               	movlw	5
   323  007F76  6E01               	movwf	?_le_teclado^0,c
   324  007F78  EFFF  F03F         	goto	l34
   325  007F7C                     l38:
   326  007F7C  B481               	btfsc	129,2,c	;volatile
   327  007F7E  EFC3  F03F         	goto	u161
   328  007F82  EFC5  F03F         	goto	u160
   329  007F86                     u161:
   330  007F86  EFCB  F03F         	goto	l39
   331  007F8A                     u160:
   332  007F8A  0E00               	movlw	0
   333  007F8C  6E02               	movwf	(?_le_teclado+1)^0,c
   334  007F8E  0E08               	movlw	8
   335  007F90  6E01               	movwf	?_le_teclado^0,c
   336  007F92  EFFF  F03F         	goto	l34
   337  007F96                     l39:
   338  007F96  9A81               	bcf	129,5,c	;volatile
   339  007F98  8C81               	bsf	129,6,c	;volatile
   340  007F9A  0E82               	movlw	130
   341  007F9C  6E03               	movwf	??_le_teclado^0,c
   342  007F9E  0EDE               	movlw	222
   343  007FA0                     u237:
   344  007FA0  2EE8               	decfsz	wreg,f,c
   345  007FA2  D7FE               	bra	u237
   346  007FA4  2E03               	decfsz	??_le_teclado^0,f,c
   347  007FA6  D7FC               	bra	u237
   348  007FA8  B881               	btfsc	129,4,c	;volatile
   349  007FAA  EFD9  F03F         	goto	u171
   350  007FAE  EFDB  F03F         	goto	u170
   351  007FB2                     u171:
   352  007FB2  EFE1  F03F         	goto	l40
   353  007FB6                     u170:
   354  007FB6  0E00               	movlw	0
   355  007FB8  6E02               	movwf	(?_le_teclado+1)^0,c
   356  007FBA  0E01               	movlw	1
   357  007FBC  6E01               	movwf	?_le_teclado^0,c
   358  007FBE  EFFF  F03F         	goto	l34
   359  007FC2                     l40:
   360  007FC2  B681               	btfsc	129,3,c	;volatile
   361  007FC4  EFE6  F03F         	goto	u181
   362  007FC8  EFE8  F03F         	goto	u180
   363  007FCC                     u181:
   364  007FCC  EFEE  F03F         	goto	l41
   365  007FD0                     u180:
   366  007FD0  0E00               	movlw	0
   367  007FD2  6E02               	movwf	(?_le_teclado+1)^0,c
   368  007FD4  0E04               	movlw	4
   369  007FD6  6E01               	movwf	?_le_teclado^0,c
   370  007FD8  EFFF  F03F         	goto	l34
   371  007FDC                     l41:
   372  007FDC  B481               	btfsc	129,2,c	;volatile
   373  007FDE  EFF3  F03F         	goto	u191
   374  007FE2  EFF5  F03F         	goto	u190
   375  007FE6                     u191:
   376  007FE6  EFFB  F03F         	goto	l832
   377  007FEA                     u190:
   378  007FEA  0E00               	movlw	0
   379  007FEC  6E02               	movwf	(?_le_teclado+1)^0,c
   380  007FEE  0E07               	movlw	7
   381  007FF0  6E01               	movwf	?_le_teclado^0,c
   382  007FF2  EFFF  F03F         	goto	l34
   383  007FF6                     l832:
   384  007FF6  0E00               	movlw	0
   385  007FF8  6E02               	movwf	(?_le_teclado+1)^0,c
   386  007FFA  0E00               	movlw	0
   387  007FFC  6E01               	movwf	?_le_teclado^0,c
   388  007FFE                     l34:
   389  007FFE  0012               	return		;funcret
   390  008000                     __end_of_le_teclado:
   391                           	callstack 0
   392  0000                     
   393                           	psect	rparam
   394  0000                     
   395                           	psect	idloc
   396                           
   397                           ;Config register IDLOC0 @ 0x200000
   398                           ;	unspecified, using default values
   399  200000                     	org	2097152
   400  200000  FF                 	db	255
   401                           
   402                           ;Config register IDLOC1 @ 0x200001
   403                           ;	unspecified, using default values
   404  200001                     	org	2097153
   405  200001  FF                 	db	255
   406                           
   407                           ;Config register IDLOC2 @ 0x200002
   408                           ;	unspecified, using default values
   409  200002                     	org	2097154
   410  200002  FF                 	db	255
   411                           
   412                           ;Config register IDLOC3 @ 0x200003
   413                           ;	unspecified, using default values
   414  200003                     	org	2097155
   415  200003  FF                 	db	255
   416                           
   417                           ;Config register IDLOC4 @ 0x200004
   418                           ;	unspecified, using default values
   419  200004                     	org	2097156
   420  200004  FF                 	db	255
   421                           
   422                           ;Config register IDLOC5 @ 0x200005
   423                           ;	unspecified, using default values
   424  200005                     	org	2097157
   425  200005  FF                 	db	255
   426                           
   427                           ;Config register IDLOC6 @ 0x200006
   428                           ;	unspecified, using default values
   429  200006                     	org	2097158
   430  200006  FF                 	db	255
   431                           
   432                           ;Config register IDLOC7 @ 0x200007
   433                           ;	unspecified, using default values
   434  200007                     	org	2097159
   435  200007  FF                 	db	255
   436                           
   437                           	psect	config
   438                           
   439                           ;Config register CONFIG1L @ 0x300000
   440                           ;	PLL Prescaler Selection bits
   441                           ;	PLLDIV = 1, No prescale (4 MHz oscillator input drives PLL directly)
   442                           ;	System Clock Postscaler Selection bits
   443                           ;	CPUDIV = OSC1_PLL2, [Primary Oscillator Src: /1][96 MHz PLL Src: /2]
   444                           ;	USB Clock Selection bit (used in Full-Speed USB mode only; UCFG:FSEN = 1)
   445                           ;	USBDIV = 1, USB clock source comes directly from the primary oscillator block with no 
      +                          postscale
   446  300000                     	org	3145728
   447  300000  00                 	db	0
   448                           
   449                           ;Config register CONFIG1H @ 0x300001
   450                           ;	Oscillator Selection bits
   451                           ;	FOSC = HS, HS oscillator (HS)
   452                           ;	Fail-Safe Clock Monitor Enable bit
   453                           ;	FCMEN = OFF, Fail-Safe Clock Monitor disabled
   454                           ;	Internal/External Oscillator Switchover bit
   455                           ;	IESO = OFF, Oscillator Switchover mode disabled
   456  300001                     	org	3145729
   457  300001  0C                 	db	12
   458                           
   459                           ;Config register CONFIG2L @ 0x300002
   460                           ;	Power-up Timer Enable bit
   461                           ;	PWRT = ON, PWRT enabled
   462                           ;	Brown-out Reset Enable bits
   463                           ;	BOR = ON, Brown-out Reset enabled in hardware only (SBOREN is disabled)
   464                           ;	Brown-out Reset Voltage bits
   465                           ;	BORV = 1, Setting 2 4.33V
   466                           ;	USB Voltage Regulator Enable bit
   467                           ;	VREGEN = OFF, USB voltage regulator disabled
   468  300002                     	org	3145730
   469  300002  0E                 	db	14
   470                           
   471                           ;Config register CONFIG2H @ 0x300003
   472                           ;	Watchdog Timer Enable bit
   473                           ;	WDT = OFF, WDT disabled (control is placed on the SWDTEN bit)
   474                           ;	Watchdog Timer Postscale Select bits
   475                           ;	WDTPS = 1, 1:1
   476  300003                     	org	3145731
   477  300003  00                 	db	0
   478                           
   479                           ; Padding undefined space
   480  300004                     	org	3145732
   481  300004  FF                 	db	255
   482                           
   483                           ;Config register CONFIG3H @ 0x300005
   484                           ;	CCP2 MUX bit
   485                           ;	CCP2MX = ON, CCP2 input/output is multiplexed with RC1
   486                           ;	PORTB A/D Enable bit
   487                           ;	PBADEN = OFF, PORTB<4:0> pins are configured as digital I/O on Reset
   488                           ;	Low-Power Timer 1 Oscillator Enable bit
   489                           ;	LPT1OSC = OFF, Timer1 configured for higher power operation
   490                           ;	MCLR Pin Enable bit
   491                           ;	MCLRE = ON, MCLR pin enabled; RE3 input pin disabled
   492  300005                     	org	3145733
   493  300005  81                 	db	129
   494                           
   495                           ;Config register CONFIG4L @ 0x300006
   496                           ;	Stack Full/Underflow Reset Enable bit
   497                           ;	STVREN = ON, Stack full/underflow will cause Reset
   498                           ;	Single-Supply ICSP Enable bit
   499                           ;	LVP = OFF, Single-Supply ICSP disabled
   500                           ;	Dedicated In-Circuit Debug/Programming Port (ICPORT) Enable bit
   501                           ;	ICPRT = OFF, ICPORT disabled
   502                           ;	Extended Instruction Set Enable bit
   503                           ;	XINST = OFF, Instruction set extension and Indexed Addressing mode disabled (Legacy mo
      +                          de)
   504                           ;	Background Debugger Enable bit
   505                           ;	DEBUG = 0x1, unprogrammed default
   506  300006                     	org	3145734
   507  300006  81                 	db	129
   508                           
   509                           ; Padding undefined space
   510  300007                     	org	3145735
   511  300007  FF                 	db	255
   512                           
   513                           ;Config register CONFIG5L @ 0x300008
   514                           ;	Code Protection bit
   515                           ;	CP0 = OFF, Block 0 (000800-001FFFh) is not code-protected
   516                           ;	Code Protection bit
   517                           ;	CP1 = OFF, Block 1 (002000-003FFFh) is not code-protected
   518                           ;	Code Protection bit
   519                           ;	CP2 = OFF, Block 2 (004000-005FFFh) is not code-protected
   520                           ;	Code Protection bit
   521                           ;	CP3 = OFF, Block 3 (006000-007FFFh) is not code-protected
   522  300008                     	org	3145736
   523  300008  0F                 	db	15
   524                           
   525                           ;Config register CONFIG5H @ 0x300009
   526                           ;	Boot Block Code Protection bit
   527                           ;	CPB = OFF, Boot block (000000-0007FFh) is not code-protected
   528                           ;	Data EEPROM Code Protection bit
   529                           ;	CPD = OFF, Data EEPROM is not code-protected
   530  300009                     	org	3145737
   531  300009  C0                 	db	192
   532                           
   533                           ;Config register CONFIG6L @ 0x30000A
   534                           ;	Write Protection bit
   535                           ;	WRT0 = OFF, Block 0 (000800-001FFFh) is not write-protected
   536                           ;	Write Protection bit
   537                           ;	WRT1 = OFF, Block 1 (002000-003FFFh) is not write-protected
   538                           ;	Write Protection bit
   539                           ;	WRT2 = OFF, Block 2 (004000-005FFFh) is not write-protected
   540                           ;	Write Protection bit
   541                           ;	WRT3 = OFF, Block 3 (006000-007FFFh) is not write-protected
   542  30000A                     	org	3145738
   543  30000A  0F                 	db	15
   544                           
   545                           ;Config register CONFIG6H @ 0x30000B
   546                           ;	Configuration Register Write Protection bit
   547                           ;	WRTC = OFF, Configuration registers (300000-3000FFh) are not write-protected
   548                           ;	Boot Block Write Protection bit
   549                           ;	WRTB = OFF, Boot block (000000-0007FFh) is not write-protected
   550                           ;	Data EEPROM Write Protection bit
   551                           ;	WRTD = OFF, Data EEPROM is not write-protected
   552  30000B                     	org	3145739
   553  30000B  E0                 	db	224
   554                           
   555                           ;Config register CONFIG7L @ 0x30000C
   556                           ;	Table Read Protection bit
   557                           ;	EBTR0 = OFF, Block 0 (000800-001FFFh) is not protected from table reads executed in ot
      +                          her blocks
   558                           ;	Table Read Protection bit
   559                           ;	EBTR1 = OFF, Block 1 (002000-003FFFh) is not protected from table reads executed in ot
      +                          her blocks
   560                           ;	Table Read Protection bit
   561                           ;	EBTR2 = OFF, Block 2 (004000-005FFFh) is not protected from table reads executed in ot
      +                          her blocks
   562                           ;	Table Read Protection bit
   563                           ;	EBTR3 = OFF, Block 3 (006000-007FFFh) is not protected from table reads executed in ot
      +                          her blocks
   564  30000C                     	org	3145740
   565  30000C  0F                 	db	15
   566                           
   567                           ;Config register CONFIG7H @ 0x30000D
   568                           ;	Boot Block Table Read Protection bit
   569                           ;	EBTRB = OFF, Boot block (000000-0007FFh) is not protected from table reads executed in
      +                           other blocks
   570  30000D                     	org	3145741
   571  30000D  40                 	db	64
   572                           tosu	equ	0xFFF
   573                           tosh	equ	0xFFE
   574                           tosl	equ	0xFFD
   575                           stkptr	equ	0xFFC
   576                           pclatu	equ	0xFFB
   577                           pclath	equ	0xFFA
   578                           pcl	equ	0xFF9
   579                           tblptru	equ	0xFF8
   580                           tblptrh	equ	0xFF7
   581                           tblptrl	equ	0xFF6
   582                           tablat	equ	0xFF5
   583                           prodh	equ	0xFF4
   584                           prodl	equ	0xFF3
   585                           indf0	equ	0xFEF
   586                           postinc0	equ	0xFEE
   587                           postdec0	equ	0xFED
   588                           preinc0	equ	0xFEC
   589                           plusw0	equ	0xFEB
   590                           fsr0h	equ	0xFEA
   591                           fsr0l	equ	0xFE9
   592                           wreg	equ	0xFE8
   593                           indf1	equ	0xFE7
   594                           postinc1	equ	0xFE6
   595                           postdec1	equ	0xFE5
   596                           preinc1	equ	0xFE4
   597                           plusw1	equ	0xFE3
   598                           fsr1h	equ	0xFE2
   599                           fsr1l	equ	0xFE1
   600                           bsr	equ	0xFE0
   601                           indf2	equ	0xFDF
   602                           postinc2	equ	0xFDE
   603                           postdec2	equ	0xFDD
   604                           preinc2	equ	0xFDC
   605                           plusw2	equ	0xFDB
   606                           fsr2h	equ	0xFDA
   607                           fsr2l	equ	0xFD9
   608                           status	equ	0xFD8

Data Sizes:
    Strings     0
    Constant    0
    Data        10
    BSS         0
    Persistent  0
    Stack       0

Auto Spaces:
    Space          Size  Autos    Used
    COMRAM           95     15      25
    BANK0           160      0       0
    BANK1           256      0       0
    BANK2           256      0       0
    BANK3           256      0       0
    BANK4           256      0       0
    BANK5           256      0       0
    BANK6           256      0       0
    BANK7           256      0       0

Pointer List with Targets:

    None.

Critical Paths under _main in COMRAM

    _main->_le_teclado

Critical Paths under _main in BANK0

    None.

Critical Paths under _main in BANK1

    None.

Critical Paths under _main in BANK2

    None.

Critical Paths under _main in BANK3

    None.

Critical Paths under _main in BANK4

    None.

Critical Paths under _main in BANK5

    None.

Critical Paths under _main in BANK6

    None.

Critical Paths under _main in BANK7

    None.

Call Graph Tables:

 ---------------------------------------------------------------------------------
 (Depth) Function   	        Calls       Base Space   Used Autos Params    Refs
 ---------------------------------------------------------------------------------
 (0) _main                                                12    12      0      47
                                              3 COMRAM    12    12      0
                         _le_teclado
 ---------------------------------------------------------------------------------
 (1) _le_teclado                                           3     1      2       0
                                              0 COMRAM     3     1      2
 ---------------------------------------------------------------------------------
 Estimated maximum stack depth 1
 ---------------------------------------------------------------------------------

 Call Graph Graphs:

 _main (ROOT)
   _le_teclado

 Address spaces:
Name               Size   Autos  Total    Cost      Usage
BIGRAM             7FF      0       0      21        0.0%
EEDATA             100      0       0       0        0.0%
BITBANK7           100      0       0      18        0.0%
BANK7              100      0       0      19        0.0%
BITBANK6           100      0       0      16        0.0%
BANK6              100      0       0      17        0.0%
BITBANK5           100      0       0      14        0.0%
BANK5              100      0       0      15        0.0%
BITBANK4           100      0       0      12        0.0%
BANK4              100      0       0      13        0.0%
BITBANK3           100      0       0      10        0.0%
BANK3              100      0       0      11        0.0%
BITBANK2           100      0       0       8        0.0%
BANK2              100      0       0       9        0.0%
BITBANK1           100      0       0       6        0.0%
BANK1              100      0       0       7        0.0%
BITBANK0            A0      0       0       4        0.0%
BANK0               A0      0       0       5        0.0%
BITCOMRAM           5F      0       0       0        0.0%
COMRAM              5F      F      19       1       26.3%
BITSFR               0      0       0     200        0.0%
SFR                  0      0       0     200        0.0%
STACK                0      0       0       2        0.0%
NULL                 0      0       0       0        0.0%
ABS                  0      0      19      20        0.0%
DATA                 0      0      19       3        0.0%
CODE                 0      0       0       0        0.0%


Microchip Technology PIC18 Macro Assembler V2.32 build 20210201212658 
Symbol Table                                                                                   Tue Jul 06 12:05:18 2021

                     l40 7FC2                       l41 7FDC                       l33 7F02  
                     l34 7FFE                       l35 7F1C                       l36 7F36  
                     l37 7F62                       l38 7F7C                       l39 7F96  
                    l800 7F3A                      l802 7F48                      l820 7FB6  
                    l812 7F8A                      l804 7F56                      l832 7FF6  
                    l824 7FD0                      l816 7F9A                      l808 7F70  
                    l840 7E9E                      l818 7FA8                      l842 7EB0  
                    l828 7FEA                      l844 7EBC                      l836 7E88  
                    l782 7ED4                      l838 7E9C                      l792 7F10  
                    l784 7EDA                      l786 7EE8                      l796 7F2A  
                    l788 7EF6                      u110 7EF6                      u111 7EF2  
                    u120 7F10                      u121 7F0C                      u201 7EA8  
                    u130 7F2A                      u131 7F26                      u140 7F56  
                    u141 7F52                      u150 7F70                      u151 7F6C  
                    u160 7F8A                      u161 7F86                      u217 7EE0  
                    u170 7FB6                      u171 7FB2                      u227 7F40  
                    u180 7FD0                      u181 7FCC                      u237 7FA0  
                    u190 7FEA                      u191 7FE6                      wreg 000FE8  
                   _main 7E88                     indf2 000FDF                     fsr1l 000FE1  
                   fsr2l 000FD9                     start 0000             ___param_bank 000000  
                  ?_main 0001                    _PORTD 000F83                    _TRISA 000F92  
                  _TRISB 000F93                    _TRISC 000F94                    _TRISD 000F95  
                  _TRISE 000F96                    tablat 000FF5                    plusw1 000FE3  
                  plusw2 000FDB          __initialization 7E62             __end_of_main 7ED4  
                 ??_main 0004            __activetblptr 000000                   isa$std 000001  
           __pdataCOMRAM 0010                   tblptrh 000FF7                   tblptrl 000FF6  
                 tblptru 000FF8               __accesstop 0060  __end_of__initialization 7E82  
          ___rparam_used 000001           __pcstackCOMRAM 0001               _le_teclado 7ED4  
                __Hparam 0000                  __Lparam 0000                  __pcinit 7E62  
                __ramtop 0800                  __ptext0 7E88                  __ptext1 7ED4  
   end_of_initialization 7E82                  postdec1 000FE5                  postinc0 000FEE  
              _PORTBbits 000F81              ?_le_teclado 0001            __pidataCOMRAM 7E58  
    start_initialization 7E62          main@cod_display 0004      __size_of_le_teclado 012C  
              main@F3162 0010                main@tecla 000E              _INTCON2bits 000FF1  
              copy_data0 7E76             ??_le_teclado 0003                 __Hrparam 0000  
               __Lrparam 0000       __end_of_le_teclado 8000            __size_of_main 004C  
               isa$xinst 000000  
